% Shemat-Suite version: Shem-FW/AD/SM 7.50 (Smarty)                                                     
%          build: Do 18. Apr 09:27:33 CEST 2019           
%   build command line: gmake fw nohdf PROPS=basc COMPTYPE=ling64                                                                                                                                                                                                                       
%        Project: "salt_small"
%
% <time step> <deltat> <cum time>
%    <iteration> <delta head> <delta temp> (<delta conc> ...)
       0  0.432000E+05  0.000000E+00
          1  0.24597268E-02  0.10000000E-20 -0.40470780E+00
          2 -0.15163897E-01  0.10000000E-20  0.73482487E-02
          3 -0.24667586E-03  0.10000000E-20 -0.16506815E-03
          4 -0.15727194E-05  0.10000000E-20  0.33236720E-05
          5 -0.83430919E-07  0.10000000E-20 -0.62048637E-07
          6  0.15954882E-08  0.10000000E-20 -0.28592464E-08
          7  0.19289459E-08  0.10000000E-20  0.75239925E-10
          8 -0.24003981E-08  0.10000000E-20 -0.36270709E-11
          9  0.20829418E-08  0.10000000E-20 -0.26134650E-12
         10 -0.70184072E-08  0.10000000E-20  0.15820678E-12
         11  0.97477795E-08  0.10000000E-20 -0.26356695E-12
         12 -0.59366343E-08  0.10000000E-20  0.21449509E-12
         13  0.30507437E-08  0.10000000E-20 -0.17552626E-12
         14 -0.12844339E-08  0.10000000E-20 -0.18862689E-12
         15  0.48124349E-09  0.10000000E-20 -0.13918033E-12
         16 -0.12647661E-11  0.10000000E-20 -0.25801583E-12
       1  0.432000E+05  0.500000E+00
          1 -0.12094306E-06  0.10000000E-20 -0.20364484E+00
          2 -0.24764466E-02  0.10000000E-20 -0.16270801E-02
          3  0.35934926E-04  0.10000000E-20  0.14642077E-04
          4 -0.12276231E-06  0.10000000E-20 -0.43353165E-06
          5  0.61128560E-08  0.10000000E-20  0.78510534E-08
          6 -0.71231980E-08  0.10000000E-20 -0.32544215E-09
          7  0.22662547E-08  0.10000000E-20  0.68463013E-11
          8 -0.19195596E-08  0.10000000E-20  0.36107228E-12
          9  0.15982380E-08  0.10000000E-20  0.11474155E-12
         10  0.20644961E-08  0.10000000E-20 -0.16059376E-12
         11 -0.41487311E-08  0.10000000E-20  0.10252910E-12
         12 -0.12533903E-08  0.10000000E-20 -0.86874952E-13
         13  0.25517366E-08  0.10000000E-20  0.11618484E-12
         14  0.11031744E-08  0.10000000E-20 -0.13755663E-12
         15 -0.43049653E-08  0.10000000E-20 -0.87541085E-13
         16  0.65481629E-08  0.10000000E-20 -0.12745360E-12
         17 -0.24181332E-08  0.10000000E-20  0.12678747E-12
         18 -0.17402328E-08  0.10000000E-20 -0.10624834E-12
         19 -0.34947050E-08  0.10000000E-20  0.92093000E-13
         20  0.82946201E-08  0.10000000E-20  0.85986773E-13
         21 -0.33785383E-08  0.10000000E-20 -0.12784218E-12
         22  0.62215051E-08  0.10000000E-20  0.13128387E-12
         23 -0.81495273E-08  0.10000000E-20  0.13938850E-12
         24  0.60892944E-08  0.10000000E-20  0.17330581E-12
         25 -0.63961565E-08  0.10000000E-20  0.14627188E-12
         26 -0.10864269E-08  0.10000000E-20 -0.99642516E-13
         27  0.68516215E-08  0.10000000E-20  0.13067325E-12
         28 -0.19411672E-08  0.10000000E-20 -0.15776269E-12
         29 -0.25397640E-08  0.10000000E-20 -0.72164497E-13
         30  0.25581812E-08  0.10000000E-20  0.11768364E-12
         31 -0.10921042E-10  0.10000000E-20  0.11485257E-12
       2  0.432000E+05  0.100000E+01
          1 -0.69728827E-08  0.10000000E-20 -0.10988350E+00
          2 -0.16105889E-02  0.10000000E-20 -0.60619115E-03
          3  0.15318286E-04  0.10000000E-20  0.43073524E-05
          4 -0.42939909E-07  0.10000000E-20 -0.64033862E-07
          5 -0.42573873E-08  0.10000000E-20  0.88384317E-09
          6  0.44645461E-08  0.10000000E-20  0.24700159E-10
          7 -0.20274200E-08  0.10000000E-20  0.43345882E-12
          8  0.58358296E-09  0.10000000E-20 -0.76216811E-13
          9  0.40086405E-08  0.10000000E-20 -0.98643316E-13
         10 -0.34577212E-08  0.10000000E-20 -0.10558221E-12
         11  0.73342221E-09  0.10000000E-20  0.49960036E-13
         12 -0.22957849E-08  0.10000000E-20  0.74440454E-13
         13  0.21582522E-08  0.10000000E-20 -0.87485574E-13
       3  0.388800E+05  0.145000E+01
          1  0.44750976E-08  0.10000000E-20 -0.71518432E-01
          2 -0.11850045E-02  0.10000000E-20 -0.29794706E-03
          3  0.92614997E-05  0.10000000E-20  0.19293056E-05
          4  0.27010230E-07  0.10000000E-20  0.19494852E-07
          5 -0.28224747E-08  0.10000000E-20 -0.16881635E-09
          6  0.15900596E-08  0.10000000E-20  0.32234770E-11
          7 -0.10101715E-08  0.10000000E-20 -0.83461016E-13
          8  0.28985880E-09  0.10000000E-20  0.71470607E-13
          9 -0.14385648E-09  0.10000000E-20 -0.53179683E-13
       4  0.388800E+05  0.190000E+01
          1 -0.47292374E-08  0.10000000E-20 -0.48982039E-01
          2 -0.88917968E-03  0.10000000E-20  0.16706184E-03
          3  0.62610697E-05  0.10000000E-20  0.10020063E-05
          4 -0.18195088E-07  0.10000000E-20  0.85768746E-08
          5  0.97382014E-09  0.10000000E-20  0.55061178E-10
          6  0.28217073E-09  0.10000000E-20 -0.79666829E-12
          7  0.85820773E-09  0.10000000E-20  0.76633144E-13
          8  0.71360517E-09  0.10000000E-20  0.52735594E-13
          9 -0.37270098E-08  0.10000000E-20  0.56232796E-13
         10 -0.98740571E-09  0.10000000E-20 -0.10813572E-12
         11  0.17236630E-08  0.10000000E-20 -0.80824236E-13
         12  0.31429792E-08  0.10000000E-20 -0.45158322E-13
         13 -0.25917686E-08  0.10000000E-20  0.80185858E-13
         14 -0.84859408E-09  0.10000000E-20  0.78187457E-13
         15 -0.71146644E-09  0.10000000E-20  0.62172489E-13
         16  0.86237861E-09  0.10000000E-20 -0.56898930E-13
         17  0.56949290E-09  0.10000000E-20  0.54817262E-13
         18  0.28336444E-09  0.10000000E-20 -0.71886941E-13
         19 -0.32960372E-08  0.10000000E-20  0.65947248E-13
         20  0.67473991E-08  0.10000000E-20  0.46768145E-13
         21 -0.13188668E-08  0.10000000E-20  0.82933660E-13
         22  0.25827447E-08  0.10000000E-20 -0.72608586E-13
         23 -0.15885746E-08  0.10000000E-20  0.62200245E-13
         24  0.12981047E-08  0.10000000E-20 -0.71748163E-13
         25  0.21425777E-08  0.10000000E-20  0.13297696E-12
         26 -0.74575368E-08  0.10000000E-20 -0.79991569E-13
         27  0.26125591E-08  0.10000000E-20 -0.10724754E-12
         28 -0.17312942E-08  0.10000000E-20  0.10175194E-12
         29  0.12963994E-08  0.10000000E-20 -0.86125551E-13
         30  0.25740619E-08  0.10000000E-20  0.60451644E-13
         31 -0.58486904E-09  0.10000000E-20 -0.77826634E-13
         32 -0.57052318E-09  0.10000000E-20  0.60729199E-13
       5  0.388800E+05  0.235000E+01
          1  0.39389860E-08  0.10000000E-20 -0.35507905E-01
          2  0.70065769E-03  0.10000000E-20  0.11095089E-03
          3  0.45127253E-05  0.10000000E-20  0.57455125E-06
          4 -0.19958136E-07  0.10000000E-20  0.40613072E-08
          5  0.11797276E-07  0.10000000E-20  0.26286612E-10
          6 -0.76798301E-09  0.10000000E-20  0.31161185E-12
          7  0.24380071E-08  0.10000000E-20  0.61783911E-13
          8 -0.47377640E-08  0.10000000E-20 -0.56066263E-13
          9  0.66098025E-08  0.10000000E-20 -0.60118577E-13
         10 -0.26087079E-08  0.10000000E-20 -0.11030066E-12
         11 -0.35682604E-08  0.10000000E-20  0.79020124E-13
         12  0.37401264E-08  0.10000000E-20 -0.43687276E-13
       6  0.388800E+05  0.280000E+01
          1 -0.52971885E-08  0.10000000E-20 -0.26769715E-01
          2 -0.58761381E-03  0.10000000E-20  0.75791372E-04
          3  0.33861075E-05  0.10000000E-20  0.35146101E-06
          4  0.80645748E-08  0.10000000E-20  0.23777371E-08
          5 -0.60837451E-08  0.10000000E-20  0.14734824E-10
          6  0.31791174E-08  0.10000000E-20 -0.17430501E-12
          7 -0.51716427E-08  0.10000000E-20  0.90066843E-13
          8  0.36033114E-08  0.10000000E-20 -0.68278716E-13
          9  0.27267788E-09  0.10000000E-20 -0.63143935E-13
         10 -0.57406169E-09  0.10000000E-20  0.56066263E-13
         11  0.30109533E-08  0.10000000E-20 -0.44853010E-13
         12 -0.35970942E-08  0.10000000E-20  0.61894934E-13
         13 -0.45661750E-08  0.10000000E-20 -0.68223205E-13
         14  0.73253688E-08  0.10000000E-20  0.40273340E-13
         15 -0.11789254E-08  0.10000000E-20  0.58592020E-13
         16  0.58051342E-11  0.10000000E-20  0.84071639E-13
       7  0.388800E+05  0.325000E+01
          1 -0.48530282E-08  0.10000000E-20 -0.20872429E-01
          2  0.51884212E-03  0.10000000E-20  0.54759281E-04
          3  0.25626991E-05  0.10000000E-20  0.22448498E-06
          4 -0.63772703E-08  0.10000000E-20 -0.16814128E-08
          5 -0.16114754E-08  0.10000000E-20 -0.92554853E-11
          6  0.80295735E-08  0.10000000E-20 -0.13158918E-12
          7  0.29716816E-08  0.10000000E-20 -0.79547480E-13
          8 -0.35945078E-08  0.10000000E-20 -0.40273340E-13
          9  0.11620642E-08  0.10000000E-20 -0.45352611E-13
         10  0.12840289E-08  0.10000000E-20 -0.38621883E-13
         11 -0.30125733E-08  0.10000000E-20  0.38968828E-13
         12  0.11585684E-08  0.10000000E-20 -0.49502069E-13
         13 -0.14800605E-09  0.10000000E-20 -0.40689674E-13
         14 -0.15749961E-08  0.10000000E-20  0.59646732E-13
         15 -0.17127348E-08  0.10000000E-20  0.59147132E-13
         16 -0.15666686E-08  0.10000000E-20  0.58897331E-13
         17  0.14396377E-08  0.10000000E-20 -0.51236793E-13
         18 -0.22997426E-08  0.10000000E-20  0.55538907E-13
         19  0.63137620E-08  0.10000000E-20 -0.48766546E-13
         20 -0.14616290E-08  0.10000000E-20 -0.12193024E-12
         21 -0.70914297E-09  0.10000000E-20  0.47961635E-13
         22  0.14605206E-09  0.10000000E-20 -0.48600013E-13
         23 -0.36237680E-12  0.10000000E-20 -0.32279734E-13
       8  0.388800E+05  0.370000E+01
          1  0.25765203E-08  0.10000000E-20 -0.16732346E-01
          2  0.45923353E-03  0.10000000E-20 -0.41392278E-04
          3  0.19612003E-05  0.10000000E-20  0.14776666E-06
          4 -0.60583645E-08  0.10000000E-20 -0.11856596E-08
          5  0.23453097E-08  0.10000000E-20 -0.62102684E-11
          6 -0.17291200E-08  0.10000000E-20 -0.80629947E-13
          7  0.37319552E-08  0.10000000E-20  0.42382764E-13
          8 -0.14493651E-08  0.10000000E-20  0.43826054E-13
          9  0.20108217E-08  0.10000000E-20  0.33417713E-13
         10 -0.86754426E-09  0.10000000E-20 -0.47281623E-13
         11 -0.32905234E-08  0.10000000E-20  0.62505556E-13
         12  0.47414730E-08  0.10000000E-20 -0.60451644E-13
         13 -0.46053756E-08  0.10000000E-20  0.50487392E-13
       9  0.388800E+05  0.415000E+01
          1  0.48562185E-08  0.10000000E-20 -0.13716121E-01
          2  0.40651083E-03  0.10000000E-20 -0.33570554E-04
          3  0.15033195E-05  0.10000000E-20 -0.10074552E-06
          4 -0.41161314E-08  0.10000000E-20 -0.81387727E-09
          5  0.67642603E-08  0.10000000E-20 -0.39486608E-11
          6 -0.23214497E-08  0.10000000E-20  0.76730289E-13
          7  0.29701397E-09  0.10000000E-20 -0.40759063E-13
          8 -0.47261040E-08  0.10000000E-20  0.57370775E-13
          9 -0.52789701E-08  0.10000000E-20  0.40689674E-13
         10  0.58956999E-08  0.10000000E-20  0.44214632E-13
         11  0.25515376E-08  0.10000000E-20  0.66169292E-13
         12 -0.20160442E-08  0.10000000E-20 -0.51819660E-13
         13  0.51645586E-08  0.10000000E-20 -0.47156723E-13
         14 -0.17438850E-08  0.10000000E-20 -0.56704641E-13
         15 -0.17096653E-08  0.10000000E-20  0.35221825E-13
         16  0.12975576E-08  0.10000000E-20  0.47017945E-13
         17  0.12834178E-08  0.10000000E-20  0.47212234E-13
         18 -0.64527939E-08  0.10000000E-20 -0.49737992E-13
         19  0.59038143E-08  0.10000000E-20  0.77993167E-13
         20 -0.23200073E-08  0.10000000E-20 -0.57356897E-13
         21 -0.18505233E-08  0.10000000E-20 -0.32196468E-13
         22 -0.12811938E-08  0.10000000E-20  0.49626969E-13
         23  0.15817676E-08  0.10000000E-20  0.49668603E-13
         24 -0.37305981E-08  0.10000000E-20  0.38080650E-13
         25  0.90402779E-08  0.10000000E-20 -0.46157522E-13
         26  0.10093970E-09  0.10000000E-20  0.50404125E-13
         27 -0.28643541E-08  0.10000000E-20 -0.35041414E-13
         28 -0.17051107E-08  0.10000000E-20 -0.42271742E-13
         29  0.11527987E-08  0.10000000E-20  0.36692871E-13
         30  0.18568045E-08  0.10000000E-20  0.63296590E-13
         31 -0.48782027E-08  0.10000000E-20 -0.63005157E-13
         32  0.40321169E-08  0.10000000E-20 -0.44159121E-13
         33  0.12617818E-09  0.10000000E-20  0.39260262E-13
         34 -0.20064022E-08  0.10000000E-20 -0.59341421E-13
         35  0.35901735E-08  0.10000000E-20  0.47392645E-13
         36 -0.11623484E-08  0.10000000E-20  0.26825764E-13
         37 -0.38618708E-08  0.10000000E-20  0.32363001E-13
         38  0.11637269E-08  0.10000000E-20  0.47267745E-13
      10  0.388800E+05  0.460000E+01
          1 -0.42195225E-08  0.10000000E-20 -0.11444309E-01
          2  0.36022221E-03  0.10000000E-20 -0.27114779E-04
          3  0.11640063E-05  0.10000000E-20 -0.77950347E-07
          4  0.30001459E-08  0.10000000E-20 -0.55208997E-09
          5  0.35905998E-08  0.10000000E-20 -0.24775043E-11
          6 -0.48856350E-08  0.10000000E-20  0.56177285E-13
          7  0.20285569E-08  0.10000000E-20 -0.62200245E-13
          8  0.13501733E-09  0.10000000E-20  0.55400129E-13
          9 -0.28744296E-09  0.10000000E-20 -0.47045701E-13
      11  0.388800E+05  0.505000E+01
          1 -0.29119605E-08  0.10000000E-20 -0.96831941E-02
          2  0.31969891E-03  0.10000000E-20 -0.21861597E-04
          3  0.89840396E-06  0.10000000E-20 -0.59625352E-07
          4  0.94401003E-08  0.10000000E-20 -0.37293750E-09
          5 -0.82097458E-08  0.10000000E-20 -0.15885210E-11
          6  0.10636619E-07  0.10000000E-20 -0.42493786E-13
          7 -0.74950322E-08  0.10000000E-20 -0.48239190E-13
          8  0.23257769E-08  0.10000000E-20  0.32918113E-13
          9 -0.29754688E-09  0.10000000E-20  0.25521252E-13
         10 -0.24330475E-08  0.10000000E-20  0.32585046E-13
         11  0.50229545E-08  0.10000000E-20 -0.41647241E-13
         12 -0.37458463E-08  0.10000000E-20  0.49502069E-13
         13  0.61750498E-08  0.10000000E-20  0.48863691E-13
         14 -0.67588743E-08  0.10000000E-20  0.60548788E-13
         15  0.34671785E-08  0.10000000E-20 -0.46518345E-13
         16 -0.17339588E-08  0.10000000E-20  0.42577053E-13
         17  0.10105197E-08  0.10000000E-20  0.44186876E-13
         18  0.28594798E-08  0.10000000E-20  0.41938675E-13
         19 -0.78902076E-08  0.10000000E-20 -0.39773740E-13
         20  0.26144136E-08  0.10000000E-20  0.47711834E-13
         21  0.77228322E-08  0.10000000E-20  0.48516746E-13
         22 -0.71966113E-08  0.10000000E-20  0.55302984E-13
         23  0.27541205E-08  0.10000000E-20  0.39232506E-13
         24  0.19924897E-08  0.10000000E-20 -0.59854899E-13
         25 -0.86024770E-08  0.10000000E-20 -0.37608805E-13
         26  0.10350760E-07  0.10000000E-20 -0.55871974E-13
         27 -0.49162026E-08  0.10000000E-20  0.46004867E-13
         28 -0.28417375E-08  0.10000000E-20 -0.35804693E-13
         29  0.14445476E-08  0.10000000E-20 -0.41175396E-13
         30  0.22858302E-08  0.10000000E-20  0.33542613E-13
         31 -0.18736657E-08  0.10000000E-20  0.32474023E-13
         32 -0.15669102E-08  0.10000000E-20  0.39648840E-13
         33  0.43044324E-08  0.10000000E-20  0.48627768E-13
         34 -0.30265213E-08  0.10000000E-20  0.37345127E-13
         35  0.54547016E-08  0.10000000E-20 -0.59591221E-13
         36 -0.27455798E-08  0.10000000E-20 -0.45199955E-13
         37 -0.27077007E-08  0.10000000E-20  0.46684878E-13
         38 -0.99248609E-09  0.10000000E-20  0.55733196E-13
         39  0.35859387E-08  0.10000000E-20 -0.40231707E-13
         40 -0.44558206E-08  0.10000000E-20  0.53276827E-13
         41  0.56055143E-08  0.10000000E-20 -0.48142046E-13
         42 -0.30330654E-08  0.10000000E-20 -0.44395043E-13
         43  0.11596555E-08  0.10000000E-20  0.45602411E-13
         44 -0.45875197E-08  0.10000000E-20 -0.54595217E-13
         45  0.83270351E-08  0.10000000E-20 -0.44436677E-13
         46 -0.46211071E-08  0.10000000E-20  0.53693161E-13
      12  0.388800E+05  0.550000E+01
          1 -0.69854664E-08  0.10000000E-20 -0.82844559E-02
          2  0.28422524E-03  0.10000000E-20 -0.17623125E-04
          3  0.71428994E-06  0.10000000E-20 -0.45555386E-07
          4  0.20457804E-08  0.10000000E-20 -0.25192137E-09
          5 -0.33027092E-08  0.10000000E-20 -0.98908381E-12
          6  0.14474821E-08  0.10000000E-20 -0.48391846E-13
          7 -0.71671806E-08  0.10000000E-20  0.56940563E-13
          8  0.64768670E-08  0.10000000E-20  0.49238391E-13
          9 -0.29849900E-10  0.10000000E-20 -0.67668093E-13
      13  0.388800E+05  0.595000E+01
          1  0.38645922E-08  0.10000000E-20 -0.71509875E-02
          2  0.25312704E-03  0.10000000E-20 -0.14219412E-04
          3  0.55927356E-06  0.10000000E-20 -0.35403007E-07
          4 -0.24060398E-08  0.10000000E-20 -0.17059142E-09
          5  0.23043825E-08  0.10000000E-20 -0.63360428E-12
          6 -0.87044327E-09  0.10000000E-20 -0.45824455E-13
          7  0.71980821E-09  0.10000000E-20  0.36304293E-13
      14  0.388800E+05  0.640000E+01
          1 -0.14182930E-08  0.10000000E-20 -0.62171947E-02
          2  0.22582364E-03  0.10000000E-20 -0.11491966E-04
          3  0.44284797E-06  0.10000000E-20 -0.27390593E-07
          4  0.36308521E-08  0.10000000E-20 -0.11595416E-09
          5 -0.13038743E-08  0.10000000E-20 -0.41203152E-12
          6 -0.14263932E-08  0.10000000E-20  0.49585336E-13
          7  0.33011887E-08  0.10000000E-20 -0.36665115E-13
          8 -0.35961349E-08  0.10000000E-20  0.30919711E-13
          9 -0.41296033E-09  0.10000000E-20 -0.37969627E-13
         10  0.71724315E-09  0.10000000E-20  0.37608805E-13
         11 -0.11493952E-08  0.10000000E-20  0.34014458E-13
         12 -0.99657882E-09  0.10000000E-20 -0.52388649E-13
         13 -0.15712089E-08  0.10000000E-20  0.49071858E-13
         14 -0.27141311E-08  0.10000000E-20 -0.52610694E-13
         15 -0.27304736E-09  0.10000000E-20  0.36998182E-13
         16  0.10028032E-08  0.10000000E-20 -0.30711544E-13
         17  0.27170586E-08  0.10000000E-20  0.37914116E-13
         18  0.41772807E-09  0.10000000E-20 -0.30697667E-13
         19  0.42766857E-09  0.10000000E-20  0.49987792E-13
         20 -0.10044374E-08  0.10000000E-20  0.30336844E-13
      15  0.388800E+05  0.685000E+01
          1 -0.52796310E-08  0.10000000E-20 -0.54374079E-02
          2  0.20179327E-03  0.10000000E-20 -0.93074082E-05
          3  0.34780609E-06  0.10000000E-20 -0.21136511E-07
          4  0.52244502E-08  0.10000000E-20 -0.79207960E-10
          5 -0.59653615E-09  0.10000000E-20 -0.28006764E-12
          6 -0.17146249E-08  0.10000000E-20 -0.36914916E-13
          7  0.17257875E-08  0.10000000E-20 -0.36678993E-13
      16  0.388800E+05  0.730000E+01
          1  0.15891644E-08  0.10000000E-20 -0.47789144E-02
          2  0.18058259E-03  0.10000000E-20 -0.75564443E-05
          3  0.27623698E-06  0.10000000E-20 -0.16289931E-07
          4 -0.42564920E-08  0.10000000E-20 -0.54351509E-10
          5 -0.19898039E-08  0.10000000E-20 -0.17610913E-12
          6  0.31604515E-08  0.10000000E-20  0.45338733E-13
          7  0.27244340E-09  0.10000000E-20  0.33584246E-13
          8 -0.47278519E-08  0.10000000E-20 -0.37955750E-13
          9  0.58932272E-08  0.10000000E-20  0.44506065E-13
         10 -0.46099018E-08  0.10000000E-20 -0.32598924E-13
         11 -0.11251373E-08  0.10000000E-20 -0.39995784E-13
         12  0.10173217E-07  0.10000000E-20  0.31780134E-13
         13 -0.83531049E-08  0.10000000E-20 -0.43492987E-13
         14  0.14714132E-08  0.10000000E-20  0.39024339E-13
         15 -0.72308382E-09  0.10000000E-20  0.33306691E-13
         16  0.53013025E-08  0.10000000E-20 -0.40759063E-13
         17 -0.78999349E-08  0.10000000E-20 -0.42438275E-13
         18  0.54787037E-08  0.10000000E-20 -0.45685677E-13
         19 -0.24605384E-08  0.10000000E-20 -0.38760661E-13
         20 -0.13148593E-09  0.10000000E-20  0.40883963E-13
         21  0.27201068E-08  0.10000000E-20 -0.47170601E-13
      17  0.388800E+05  0.775000E+01
          1 -0.15926815E-08  0.10000000E-20 -0.42176670E-02
          2  0.16181493E-03  0.10000000E-20 -0.61509317E-05
          3  0.22653357E-06  0.10000000E-20 -0.12551231E-07
          4 -0.34831373E-08  0.10000000E-20 -0.37513367E-10
          5 -0.13060486E-09  0.10000000E-20 -0.10776102E-12
          6  0.32949643E-08  0.10000000E-20 -0.37331249E-13
          7 -0.38811123E-08  0.10000000E-20  0.34153236E-13
          8  0.43129731E-08  0.10000000E-20 -0.41688875E-13
          9  0.14136319E-08  0.10000000E-20  0.36803893E-13
         10 -0.71677917E-08  0.10000000E-20 -0.41286419E-13
         11  0.30410163E-08  0.10000000E-20 -0.40245585E-13
         12 -0.11604584E-08  0.10000000E-20 -0.36456949E-13
         13  0.15809647E-08  0.10000000E-20  0.45477511E-13
         14  0.70920692E-09  0.10000000E-20 -0.38871684E-13
         15  0.13874768E-09  0.10000000E-20 -0.42202353E-13
         16 -0.44390731E-08  0.10000000E-20 -0.29309888E-13
         17  0.20260345E-08  0.10000000E-20 -0.39732106E-13
         18 -0.29683633E-09  0.10000000E-20 -0.38399839E-13
         19  0.68752115E-08  0.10000000E-20  0.34305891E-13
         20 -0.69059425E-08  0.10000000E-20 -0.38039016E-13
         21  0.44714952E-08  0.10000000E-20  0.22926105E-13
         22 -0.25977371E-08  0.10000000E-20  0.34930392E-13
         23  0.44099124E-09  0.10000000E-20 -0.40800696E-13
         24 -0.41551118E-08  0.10000000E-20  0.39648840E-13
         25  0.23111539E-08  0.10000000E-20 -0.33834047E-13
         26 -0.15447910E-09  0.10000000E-20  0.35554892E-13
         27  0.51568776E-08  0.10000000E-20 -0.35693670E-13
         28 -0.38904915E-08  0.10000000E-20 -0.31419312E-13
         29 -0.54251785E-08  0.10000000E-20  0.32335246E-13
         30  0.73293620E-08  0.10000000E-20  0.31780134E-13
         31 -0.40443098E-08  0.10000000E-20  0.39093728E-13
         32  0.87882768E-09  0.10000000E-20 -0.37789216E-13
      18  0.388800E+05  0.820000E+01
          1 -0.17381012E-08  0.10000000E-20 -0.37355734E-02
          2  0.14518012E-03  0.10000000E-20 -0.50204603E-05
          3  0.17869389E-06  0.10000000E-20 -0.96750426E-08
          4  0.46629012E-08  0.10000000E-20 -0.26038852E-10
          5  0.18425865E-08  0.10000000E-20 -0.64608041E-13
          6 -0.80294811E-08  0.10000000E-20 -0.48877569E-13
          7  0.18015811E-09  0.10000000E-20  0.39093728E-13
          8  0.42852832E-09  0.10000000E-20 -0.35582648E-13
          9  0.20035316E-08  0.10000000E-20  0.30128677E-13
         10 -0.29517366E-09  0.10000000E-20 -0.39968029E-13
         11 -0.71443651E-09  0.10000000E-20  0.28005376E-13
         12 -0.74449247E-08  0.10000000E-20  0.49751869E-13
         13  0.64791053E-08  0.10000000E-20  0.55830340E-13
         14  0.15463826E-08  0.10000000E-20 -0.35402237E-13
         15 -0.18692887E-08  0.10000000E-20  0.31849523E-13
         16 -0.12811228E-08  0.10000000E-20  0.40550896E-13
         17  0.20114612E-08  0.10000000E-20 -0.34847125E-13
         18 -0.35897756E-08  0.10000000E-20 -0.32723824E-13
         19  0.63173786E-08  0.10000000E-20  0.37109205E-13
         20 -0.14597035E-08  0.10000000E-20 -0.49946158E-13
         21  0.20110278E-08  0.10000000E-20  0.55691562E-13
         22 -0.47360018E-08  0.10000000E-20 -0.36408376E-13
         23  0.59586824E-09  0.10000000E-20 -0.33958947E-13
         24 -0.15787691E-08  0.10000000E-20  0.43465231E-13
         25  0.25853453E-08  0.10000000E-20  0.30725422E-13
         26 -0.15875514E-08  0.10000000E-20  0.42674198E-13
         27  0.24414533E-08  0.10000000E-20 -0.28754776E-13
         28 -0.86996721E-09  0.10000000E-20 -0.30073166E-13
      19  0.388800E+05  0.865000E+01
          1 -0.36712677E-08  0.10000000E-20 -0.33187395E-02
          2  0.13040082E-03  0.10000000E-20 -0.41090859E-05
          3  0.14555704E-06  0.10000000E-20 -0.74654206E-08
          4  0.27415865E-08  0.10000000E-20 -0.18198207E-10
          5 -0.31637413E-08  0.10000000E-20 -0.69000361E-13
          6  0.44533479E-08  0.10000000E-20  0.38032077E-13
          7 -0.43155808E-08  0.10000000E-20  0.30822567E-13
      20  0.388800E+05  0.910000E+01
          1  0.21799949E-08  0.10000000E-20 -0.29563024E-02
          2  0.11723882E-03  0.10000000E-20 -0.33724770E-05
          3  0.11938394E-06  0.10000000E-20 -0.57686484E-08
          4 -0.31227643E-09  0.10000000E-20 -0.12856466E-10
          5 -0.12889316E-08  0.10000000E-20  0.35582648E-13
          6 -0.14263506E-08  0.10000000E-20  0.31058489E-13
          7  0.27280720E-08  0.10000000E-20  0.31363800E-13
          8 -0.13020056E-08  0.10000000E-20 -0.32987502E-13
          9 -0.18555468E-08  0.10000000E-20  0.26284530E-13
         10  0.27301965E-08  0.10000000E-20  0.46906923E-13
         11 -0.17317348E-08  0.10000000E-20  0.32709946E-13
         12  0.27293794E-08  0.10000000E-20 -0.29032332E-13
         13 -0.10153443E-08  0.10000000E-20 -0.38469228E-13
         14  0.29111646E-09  0.10000000E-20  0.31877279E-13
         15 -0.24352715E-08  0.10000000E-20 -0.29809488E-13
         16  0.44102677E-09  0.10000000E-20  0.45421999E-13
         17  0.14150459E-09  0.10000000E-20 -0.25646152E-13
         18 -0.28710190E-09  0.10000000E-20  0.33376080E-13
      21  0.388800E+05  0.955000E+01
          1 -0.12265602E-08  0.10000000E-20 -0.26396352E-02
          2  0.10550349E-03  0.10000000E-20 -0.27755342E-05
          3  0.97144529E-07  0.10000000E-20 -0.44652712E-08
          4 -0.78683655E-08  0.10000000E-20 -0.91011643E-11
          5  0.99155812E-08  0.10000000E-20 -0.34583447E-13
          6 -0.44836881E-08  0.10000000E-20 -0.28539671E-13
          7 -0.21292692E-08  0.10000000E-20  0.34763858E-13
          8  0.31607996E-08  0.10000000E-20 -0.27214342E-13
          9 -0.50262727E-08  0.10000000E-20  0.30836445E-13
         10  0.51788973E-08  0.10000000E-20  0.37733705E-13
      22  0.388800E+05  0.100000E+02
