% Shemat-Suite version: Shem-FW/AD/SM 7.50 (Smarty)                                                     
%          build: Do 18. Apr 09:27:33 CEST 2019           
%   build command line: gmake fw nohdf PROPS=basc COMPTYPE=ling64                                                                                                                                                                                                                       
%        Project: "salt_small"
%
% <time step> <deltat> <cum time>
%    <iteration> <delta head> <delta temp> (<delta conc> ...)
       0  0.432000E+05  0.000000E+00
          1  0.24597268E-02  0.10000000E-20 -0.40470780E+00
          2 -0.15163897E-01  0.10000000E-20  0.73482487E-02
          3 -0.24667586E-03  0.10000000E-20 -0.16506815E-03
          4 -0.15727194E-05  0.10000000E-20  0.33236720E-05
          5 -0.83430919E-07  0.10000000E-20 -0.62048637E-07
          6  0.15954882E-08  0.10000000E-20 -0.28592464E-08
          7  0.19289459E-08  0.10000000E-20  0.75239925E-10
          8 -0.24003981E-08  0.10000000E-20 -0.36270709E-11
          9  0.20829418E-08  0.10000000E-20 -0.26134650E-12
         10 -0.70184072E-08  0.10000000E-20  0.15820678E-12
         11  0.97477795E-08  0.10000000E-20 -0.26356695E-12
         12 -0.59366343E-08  0.10000000E-20  0.21449509E-12
         13  0.30507437E-08  0.10000000E-20 -0.17552626E-12
         14 -0.12844339E-08  0.10000000E-20 -0.18862689E-12
         15  0.48124349E-09  0.10000000E-20 -0.13918033E-12
         16 -0.12647661E-11  0.10000000E-20 -0.25801583E-12
       1  0.432000E+05  0.500000E+00
          1 -0.12094306E-06  0.10000000E-20 -0.20364484E+00
          2 -0.24764466E-02  0.10000000E-20 -0.16270801E-02
          3  0.35934926E-04  0.10000000E-20  0.14642077E-04
          4 -0.12276231E-06  0.10000000E-20 -0.43353165E-06
          5  0.61128560E-08  0.10000000E-20  0.78510534E-08
          6 -0.71231980E-08  0.10000000E-20 -0.32544215E-09
          7  0.22662547E-08  0.10000000E-20  0.68463013E-11
          8 -0.19195596E-08  0.10000000E-20  0.36107228E-12
          9  0.15982380E-08  0.10000000E-20  0.11474155E-12
         10  0.20644961E-08  0.10000000E-20 -0.16059376E-12
         11 -0.41487311E-08  0.10000000E-20  0.10252910E-12
         12 -0.12533903E-08  0.10000000E-20 -0.86874952E-13
         13  0.25517366E-08  0.10000000E-20  0.11618484E-12
         14  0.11031744E-08  0.10000000E-20 -0.13755663E-12
         15 -0.43049653E-08  0.10000000E-20 -0.87541085E-13
         16  0.65481629E-08  0.10000000E-20 -0.12745360E-12
         17 -0.24181332E-08  0.10000000E-20  0.12678747E-12
         18 -0.17402328E-08  0.10000000E-20 -0.10624834E-12
         19 -0.34947050E-08  0.10000000E-20  0.92093000E-13
         20  0.82946201E-08  0.10000000E-20  0.85986773E-13
         21 -0.33785383E-08  0.10000000E-20 -0.12784218E-12
         22  0.62215051E-08  0.10000000E-20  0.13128387E-12
         23 -0.81495273E-08  0.10000000E-20  0.13938850E-12
         24  0.60892944E-08  0.10000000E-20  0.17330581E-12
         25 -0.63961565E-08  0.10000000E-20  0.14627188E-12
         26 -0.10864269E-08  0.10000000E-20 -0.99642516E-13
         27  0.68516215E-08  0.10000000E-20  0.13067325E-12
         28 -0.19411672E-08  0.10000000E-20 -0.15776269E-12
         29 -0.25397640E-08  0.10000000E-20 -0.72164497E-13
         30  0.25581812E-08  0.10000000E-20  0.11768364E-12
         31 -0.10921042E-10  0.10000000E-20  0.11485257E-12
       2  0.432000E+05  0.100000E+01
          1 -0.17875522E-07  0.10000000E-20 -0.22468887E+00
          2 -0.37283954E-02  0.10000000E-20  0.15575051E-02
          3  0.65997887E-04  0.10000000E-20  0.19977636E-04
          4 -0.37385747E-06  0.10000000E-20  0.41223360E-06
          5 -0.33371116E-07  0.10000000E-20  0.71780566E-08
          6  0.29507078E-07  0.10000000E-20  0.25025026E-09
          7 -0.47213007E-08  0.10000000E-20 -0.48305804E-11
          8  0.46013255E-08  0.10000000E-20  0.25371372E-12
       3  0.155520E+06  0.280000E+01
          1 -0.21674751E-08  0.10000000E-20 -0.91393214E-01
          2  0.18545680E-02  0.10000000E-20  0.48037887E-03
          3  0.24648068E-04  0.10000000E-20  0.46728036E-05
          4 -0.12861033E-06  0.10000000E-20 -0.98539317E-07
          5 -0.31071288E-07  0.10000000E-20 -0.12417776E-08
          6  0.13902849E-07  0.10000000E-20 -0.32596578E-10
          7  0.96780184E-08  0.10000000E-20 -0.49378557E-12
          8 -0.14936617E-07  0.10000000E-20  0.14110935E-12
          9  0.75143376E-08  0.10000000E-20 -0.13133938E-12
         10 -0.57638516E-08  0.10000000E-20  0.16681101E-12
         11 -0.28360816E-08  0.10000000E-20 -0.10846879E-12
         12  0.63110406E-08  0.10000000E-20 -0.61617378E-13
         13 -0.10912792E-07  0.10000000E-20 -0.86611274E-13
         14 -0.22394744E-08  0.10000000E-20  0.73593909E-13
         15  0.16621669E-07  0.10000000E-20  0.81074036E-13
         16 -0.12678086E-07  0.10000000E-20 -0.10083601E-12
         17 -0.51282001E-09  0.10000000E-20  0.15867863E-12
         18  0.11448904E-08  0.10000000E-20 -0.16583956E-12
         19  0.45791921E-08  0.10000000E-20  0.12795320E-12
         20 -0.51778173E-08  0.10000000E-20  0.88984375E-13
         21  0.17209274E-07  0.10000000E-20  0.12154167E-12
         22 -0.17954207E-08  0.10000000E-20  0.10519363E-12
         23 -0.25198652E-07  0.10000000E-20 -0.84210416E-13
         24  0.30476052E-07  0.10000000E-20  0.10622059E-12
         25 -0.26492337E-07  0.10000000E-20  0.11821100E-12
         26  0.29908954E-07  0.10000000E-20 -0.95728980E-13
         27 -0.21329313E-07  0.10000000E-20  0.13335166E-12
         28  0.94871666E-10  0.10000000E-20 -0.11832202E-12
       4  0.155520E+06  0.460000E+01
          1 -0.11280243E-07  0.10000000E-20 -0.45156400E-01
          2  0.12470565E-02  0.10000000E-20 -0.22023259E-03
          3  0.10145279E-04  0.10000000E-20 -0.14435810E-05
          4  0.61436566E-07  0.10000000E-20 -0.26405369E-07
          5 -0.49488591E-08  0.10000000E-20 -0.26777532E-09
          6 -0.16598143E-07  0.10000000E-20 -0.43652304E-11
          7 -0.16417090E-08  0.10000000E-20 -0.11746160E-12
          8  0.12605824E-07  0.10000000E-20  0.70568551E-13
          9 -0.10367160E-07  0.10000000E-20 -0.12141677E-12
         10 -0.11406378E-07  0.10000000E-20  0.11823875E-12
         11  0.10356388E-07  0.10000000E-20  0.99462105E-13
         12  0.17711415E-07  0.10000000E-20 -0.10624834E-12
         13 -0.20702643E-07  0.10000000E-20 -0.89692143E-13
         14 -0.13648091E-07  0.10000000E-20  0.11568524E-12
         15  0.17813342E-07  0.10000000E-20 -0.96866959E-13
         16 -0.40880792E-08  0.10000000E-20 -0.81171181E-13
       5  0.155520E+06  0.640000E+01
          1 -0.72703301E-08  0.10000000E-20 -0.25557214E-01
          2  0.83787766E-03  0.10000000E-20 -0.10620073E-03
          3  0.44319515E-05  0.10000000E-20 -0.61793556E-06
          4  0.48464678E-07  0.10000000E-20 -0.70075850E-08
          5 -0.41618868E-07  0.10000000E-20 -0.57319781E-10
          6  0.20802581E-07  0.10000000E-20 -0.57023830E-12
          7  0.12508934E-07  0.10000000E-20 -0.11764201E-12
          8  0.18841696E-07  0.10000000E-20  0.11539381E-12
          9 -0.31016860E-07  0.10000000E-20  0.89303565E-13
         10  0.12174802E-07  0.10000000E-20 -0.10647039E-12
         11  0.68158954E-08  0.10000000E-20  0.83627549E-13
         12 -0.23514524E-07  0.10000000E-20  0.73857587E-13
         13  0.92716732E-08  0.10000000E-20 -0.91093799E-13
         14  0.11018741E-08  0.10000000E-20  0.80546680E-13
         15 -0.63009651E-08  0.10000000E-20  0.75675577E-13
         16 -0.97090478E-08  0.10000000E-20  0.64157013E-13
         17 -0.51099533E-08  0.10000000E-20 -0.11825263E-12
         18  0.86121972E-08  0.10000000E-20  0.46310178E-13
         19 -0.12069940E-07  0.10000000E-20 -0.80893625E-13
         20  0.20105738E-07  0.10000000E-20  0.65419892E-13
         21  0.44913406E-08  0.10000000E-20 -0.93244856E-13
         22 -0.57465144E-08  0.10000000E-20  0.84571239E-13
         23 -0.85702396E-08  0.10000000E-20 -0.81143425E-13
         24  0.23305020E-08  0.10000000E-20 -0.71290196E-13
         25 -0.23015971E-08  0.10000000E-20 -0.74662498E-13
         26  0.74569257E-08  0.10000000E-20  0.63532513E-13
         27 -0.11758061E-08  0.10000000E-20 -0.58134053E-13
         28 -0.28608369E-08  0.10000000E-20  0.62588823E-13
         29 -0.13161916E-07  0.10000000E-20  0.98629438E-13
         30 -0.33723495E-08  0.10000000E-20 -0.67237882E-13
         31 -0.11339338E-08  0.10000000E-20 -0.63948846E-13
         32  0.26350534E-07  0.10000000E-20 -0.83003049E-13
         33  0.15347688E-07  0.10000000E-20  0.73260842E-13
         34 -0.75193043E-08  0.10000000E-20 -0.90302765E-13
         35  0.97721227E-08  0.10000000E-20  0.77340911E-13
         36 -0.18373029E-07  0.10000000E-20  0.59868777E-13
         37  0.46695448E-08  0.10000000E-20 -0.98324127E-13
         38 -0.13194999E-07  0.10000000E-20  0.61492478E-13
         39  0.57831642E-08  0.10000000E-20  0.88720697E-13
         40 -0.59692695E-09  0.10000000E-20  0.67057471E-13
         41  0.19479053E-07  0.10000000E-20 -0.73649420E-13
         42 -0.13836868E-07  0.10000000E-20 -0.94535491E-13
         43  0.29274304E-07  0.10000000E-20 -0.12384538E-12
         44 -0.11017811E-07  0.10000000E-20  0.12602419E-12
         45 -0.19996847E-07  0.10000000E-20 -0.78340112E-13
         46  0.66759043E-09  0.10000000E-20  0.10476342E-12
         47  0.13169547E-07  0.10000000E-20 -0.62269634E-13
         48 -0.11518381E-07  0.10000000E-20  0.62255756E-13
         49 -0.51021303E-08  0.10000000E-20 -0.58120175E-13
         50  0.10903385E-07  0.10000000E-20  0.60673688E-13
       6  0.155520E+06  0.820000E+01
          1  0.83835332E-03  0.10000000E-20 -0.25552735E-01
          2  0.39002408E-07  0.10000000E-20 -0.21084431E-09
          3 -0.40247443E-07  0.10000000E-20 -0.25454361E-11
          4  0.13924208E-07  0.10000000E-20 -0.76036399E-13
          5  0.10859935E-08  0.10000000E-20  0.10820511E-12
          6  0.10872220E-07  0.10000000E-20 -0.89164787E-13
          7 -0.18950047E-07  0.10000000E-20  0.60632055E-13
          8  0.69647470E-08  0.10000000E-20  0.10343115E-12
          9  0.74104634E-08  0.10000000E-20 -0.84807161E-13
         10 -0.86214627E-08  0.10000000E-20 -0.64108441E-13
         11 -0.16836736E-08  0.10000000E-20  0.76084972E-13
         12 -0.11342109E-08  0.10000000E-20 -0.75883744E-13
         13  0.15470988E-07  0.10000000E-20  0.90219499E-13
         14 -0.11531078E-07  0.10000000E-20  0.12410906E-12
         15  0.11996804E-08  0.10000000E-20 -0.85570440E-13
         16 -0.57634253E-09  0.10000000E-20  0.59695304E-13
         17 -0.18324577E-07  0.10000000E-20  0.73024919E-13
         18  0.12276686E-08  0.10000000E-20  0.67792993E-13
         19 -0.68763342E-08  0.10000000E-20  0.71068151E-13
         20  0.63338774E-08  0.10000000E-20 -0.10846879E-12
         21  0.74120976E-08  0.10000000E-20  0.93147712E-13
         22  0.62685288E-08  0.10000000E-20  0.77243767E-13
         23  0.68410912E-08  0.10000000E-20 -0.95326524E-13
         24 -0.74752080E-08  0.10000000E-20 -0.66155414E-13
         25  0.10343065E-07  0.10000000E-20  0.68584027E-13
         26 -0.46292854E-08  0.10000000E-20 -0.87485574E-13
         27  0.11480473E-07  0.10000000E-20 -0.85362273E-13
         28 -0.29838930E-07  0.10000000E-20  0.58758554E-13
         29 -0.19338579E-07  0.10000000E-20  0.90330521E-13
         30  0.21854326E-07  0.10000000E-20  0.62561067E-13
         31  0.90597680E-08  0.10000000E-20 -0.95201624E-13
         32  0.74094331E-08  0.10000000E-20 -0.63629657E-13
         33 -0.97680086E-08  0.10000000E-20 -0.75398021E-13
         34  0.12639482E-07  0.10000000E-20  0.83405505E-13
         35  0.62452017E-08  0.10000000E-20  0.81976093E-13
         36 -0.18929143E-07  0.10000000E-20 -0.66599504E-13
         37  0.86767855E-08  0.10000000E-20 -0.62005956E-13
         38  0.11054269E-08  0.10000000E-20  0.60187966E-13
         39  0.97317425E-08  0.10000000E-20 -0.64989680E-13
         40 -0.13215370E-07  0.10000000E-20  0.98934749E-13
         41  0.61092464E-10  0.10000000E-20  0.10003109E-12
       7  0.155520E+06  0.100000E+02
