% Shemat-Suite version: Shem-FW/AD/SM 7.50 (Smarty)                                                     
%          build: Do 8. Aug 09:41:12 CEST 2019            
%   build command line: gmake fw hdf lapacksrc blassrc noomp PROPS=bas HDF5_MOD=/usr/local_rwth/sw/HDF5/1.10.4/intel_19.0.1.144-intelmpi_2018.4.274/include/ HDF5_LIB=/usr/local_rwth/sw/HDF5/1.10.4/intel_19.0.1.144-intelmpi_2018.4.274/lib/ COMPTYPE=lini64                          
%        Project: "Theis3D"
%
% <time step> <deltat> <cum time>
%    <iteration> <delta head> <delta temp> (<delta conc> ...)
       0  0.302400E+04  0.000000E+00
          1 -0.10768732E+02  0.10000000E-20
          2 -0.64364029E-03  0.10000000E-20
          3 -0.23637778E-07  0.10000000E-20
          4  0.00000000E+00  0.10000000E-20
       1  0.302400E+04  0.350000E-01
          1 -0.16329807E+01  0.10000000E-20
          2 -0.17033014E-03  0.10000000E-20
          3 -0.12352140E-07  0.10000000E-20
          4  0.00000000E+00  0.10000000E-20
       2  0.302400E+04  0.700000E-01
          1 -0.82042268E+00  0.10000000E-20
          2 -0.92213367E-04  0.10000000E-20
          3 -0.24946436E-08  0.10000000E-20
          4  0.00000000E+00  0.10000000E-20
       3  0.302400E+04  0.105000E+00
          1 -0.54637970E+00  0.10000000E-20
          2 -0.62474179E-04  0.10000000E-20
          3  0.00000000E+00  0.10000000E-20
       4  0.302400E+04  0.140000E+00
          1 -0.40898406E+00  0.10000000E-20
          2 -0.46968720E-04  0.10000000E-20
          3  0.00000000E+00  0.10000000E-20
       5  0.302400E+04  0.175000E+00
          1 -0.32663104E+00  0.10000000E-20
          2 -0.37548992E-04  0.10000000E-20
          3  0.00000000E+00  0.10000000E-20
       6  0.302400E+04  0.210000E+00
          1 -0.27185990E+00  0.10000000E-20
          2 -0.31185517E-04  0.10000000E-20
          3  0.00000000E+00  0.10000000E-20
       7  0.302400E+04  0.245000E+00
          1 -0.23283207E+00  0.10000000E-20
          2 -0.26648470E-04  0.10000000E-20
          3  0.00000000E+00  0.10000000E-20
       8  0.302400E+04  0.280000E+00
          1 -0.20361948E+00  0.10000000E-20
          2 -0.23252782E-04  0.10000000E-20
          3  0.00000000E+00  0.10000000E-20
       9  0.302400E+04  0.315000E+00
          1 -0.18093307E+00  0.10000000E-20
          2 -0.20613079E-04  0.10000000E-20
          3  0.00000000E+00  0.10000000E-20
      10  0.302400E+04  0.350000E+00
          1 -0.16280437E+00  0.10000000E-20
          2 -0.18488236E-04  0.10000000E-20
          3  0.00000000E+00  0.10000000E-20
      11  0.302400E+04  0.385000E+00
          1 -0.14798400E+00  0.10000000E-20
          2 -0.16728761E-04  0.10000000E-20
          3  0.00000000E+00  0.10000000E-20
      12  0.302400E+04  0.420000E+00
          1 -0.13564109E+00  0.10000000E-20
          2 -0.15298141E-04  0.10000000E-20
          3  0.00000000E+00  0.10000000E-20
      13  0.302400E+04  0.455000E+00
          1 -0.12520167E+00  0.10000000E-20
          2 -0.14083054E-04  0.10000000E-20
          3  0.00000000E+00  0.10000000E-20
      14  0.302400E+04  0.490000E+00
          1 -0.11625644E+00  0.10000000E-20
          2 -0.13058804E-04  0.10000000E-20
          3  0.00000000E+00  0.10000000E-20
      15  0.302400E+04  0.525000E+00
          1 -0.10850571E+00  0.10000000E-20
          2 -0.12130953E-04  0.10000000E-20
          3  0.00000000E+00  0.10000000E-20
      16  0.302400E+04  0.560000E+00
          1 -0.10172495E+00  0.10000000E-20
          2 -0.11360386E-04  0.10000000E-20
          3  0.00000000E+00  0.10000000E-20
      17  0.302400E+04  0.595000E+00
          1 -0.95742704E-01  0.10000000E-20
          2 -0.10650994E-04  0.10000000E-20
          3  0.00000000E+00  0.10000000E-20
      18  0.302400E+04  0.630000E+00
          1 -0.90425582E-01  0.10000000E-20
          2 -0.10049035E-04  0.10000000E-20
          3  0.00000000E+00  0.10000000E-20
      19  0.302400E+04  0.665000E+00
          1 -0.85668430E-01  0.10000000E-20
          2 -0.94957556E-05  0.10000000E-20
          3  0.00000000E+00  0.10000000E-20
      20  0.302400E+04  0.700000E+00
          1 -0.81387176E-01  0.10000000E-20
          2 -0.89480325E-05  0.10000000E-20
          3  0.00000000E+00  0.10000000E-20
      21  0.302400E+04  0.735000E+00
          1 -0.77513751E-01  0.10000000E-20
          2 -0.85039879E-05  0.10000000E-20
          3  0.00000000E+00  0.10000000E-20
      22  0.302400E+04  0.770000E+00
          1 -0.73992477E-01  0.10000000E-20
          2 -0.81237712E-05  0.10000000E-20
          3  0.00000000E+00  0.10000000E-20
      23  0.302400E+04  0.805000E+00
          1 -0.70777410E-01  0.10000000E-20
          2 -0.77314916E-05  0.10000000E-20
          3  0.00000000E+00  0.10000000E-20
      24  0.302400E+04  0.840000E+00
          1 -0.67830264E-01  0.10000000E-20
          2 -0.74093928E-05  0.10000000E-20
          3  0.00000000E+00  0.10000000E-20
      25  0.302400E+04  0.875000E+00
          1 -0.65118854E-01  0.10000000E-20
          2 -0.70828984E-05  0.10000000E-20
          3  0.00000000E+00  0.10000000E-20
      26  0.302400E+04  0.910000E+00
          1 -0.62615990E-01  0.10000000E-20
          2 -0.68059043E-05  0.10000000E-20
          3  0.00000000E+00  0.10000000E-20
      27  0.302400E+04  0.945000E+00
          1 -0.60298459E-01  0.10000000E-20
          2 -0.65359690E-05  0.10000000E-20
          3  0.00000000E+00  0.10000000E-20
      28  0.302400E+04  0.980000E+00
          1 -0.58146432E-01  0.10000000E-20
          2 -0.62824756E-05  0.10000000E-20
          3  0.00000000E+00  0.10000000E-20
      29  0.302400E+04  0.101500E+01
          1 -0.56142763E-01  0.10000000E-20
          2 -0.60502200E-05  0.10000000E-20
          3  0.00000000E+00  0.10000000E-20
      30  0.302400E+04  0.105000E+01
          1 -0.54272645E-01  0.10000000E-20
          2 -0.58398727E-05  0.10000000E-20
          3  0.00000000E+00  0.10000000E-20
      31  0.302400E+04  0.108500E+01
          1 -0.52523122E-01  0.10000000E-20
          2 -0.56484994E-05  0.10000000E-20
          3  0.00000000E+00  0.10000000E-20
      32  0.302400E+04  0.112000E+01
          1 -0.50882896E-01  0.10000000E-20
          2 -0.54651072E-05  0.10000000E-20
          3  0.00000000E+00  0.10000000E-20
      33  0.302400E+04  0.115500E+01
          1 -0.49342063E-01  0.10000000E-20
          2 -0.52960408E-05  0.10000000E-20
          3  0.00000000E+00  0.10000000E-20
      34  0.302400E+04  0.119000E+01
          1 -0.47891792E-01  0.10000000E-20
          2 -0.51335278E-05  0.10000000E-20
          3  0.00000000E+00  0.10000000E-20
      35  0.302400E+04  0.122500E+01
          1 -0.46524376E-01  0.10000000E-20
          2 -0.49434974E-05  0.10000000E-20
          3  0.00000000E+00  0.10000000E-20
      36  0.302400E+04  0.126000E+01
          1 -0.45232878E-01  0.10000000E-20
          2 -0.47856176E-05  0.10000000E-20
          3  0.00000000E+00  0.10000000E-20
      37  0.302400E+04  0.129500E+01
          1 -0.44011173E-01  0.10000000E-20
          2 -0.46332167E-05  0.10000000E-20
          3  0.00000000E+00  0.10000000E-20
      38  0.302400E+04  0.133000E+01
          1 -0.42853704E-01  0.10000000E-20
          2 -0.45138801E-05  0.10000000E-20
          3  0.00000000E+00  0.10000000E-20
      39  0.302400E+04  0.136500E+01
          1 -0.41755565E-01  0.10000000E-20
          2 -0.43684422E-05  0.10000000E-20
          3  0.00000000E+00  0.10000000E-20
      40  0.302400E+04  0.140000E+01
          1 -0.40712312E-01  0.10000000E-20
          2 -0.42479406E-05  0.10000000E-20
          3  0.00000000E+00  0.10000000E-20
      41  0.302400E+04  0.143500E+01
          1 -0.39719885E-01  0.10000000E-20
          2 -0.41528211E-05  0.10000000E-20
          3  0.00000000E+00  0.10000000E-20
      42  0.302400E+04  0.147000E+01
          1 -0.38774677E-01  0.10000000E-20
          2 -0.40647290E-05  0.10000000E-20
          3  0.00000000E+00  0.10000000E-20
      43  0.302400E+04  0.150500E+01
          1 -0.37873387E-01  0.10000000E-20
          2 -0.39554441E-05  0.10000000E-20
          3  0.00000000E+00  0.10000000E-20
      44  0.302400E+04  0.154000E+01
          1 -0.37013038E-01  0.10000000E-20
          2 -0.38584961E-05  0.10000000E-20
          3  0.00000000E+00  0.10000000E-20
      45  0.302400E+04  0.157500E+01
          1 -0.36190838E-01  0.10000000E-20
          2 -0.37900136E-05  0.10000000E-20
          3  0.00000000E+00  0.10000000E-20
      46  0.302400E+04  0.161000E+01
          1 -0.35404355E-01  0.10000000E-20
          2 -0.36976182E-05  0.10000000E-20
          3  0.00000000E+00  0.10000000E-20
      47  0.302400E+04  0.164500E+01
          1 -0.34651305E-01  0.10000000E-20
          2 -0.35997346E-05  0.10000000E-20
          3  0.00000000E+00  0.10000000E-20
      48  0.302400E+04  0.168000E+01
          1 -0.33929549E-01  0.10000000E-20
          2 -0.35375006E-05  0.10000000E-20
          3  0.00000000E+00  0.10000000E-20
      49  0.302400E+04  0.171500E+01
          1 -0.33237214E-01  0.10000000E-20
          2 -0.34368656E-05  0.10000000E-20
          3  0.00000000E+00  0.10000000E-20
      50  0.302400E+04  0.175000E+01
          1 -0.32572483E-01  0.10000000E-20
          2 -0.33563282E-05  0.10000000E-20
          3  0.00000000E+00  0.10000000E-20
      51  0.302400E+04  0.178500E+01
          1 -0.31933750E-01  0.10000000E-20
          2 -0.32844612E-05  0.10000000E-20
          3  0.00000000E+00  0.10000000E-20
      52  0.302400E+04  0.182000E+01
          1 -0.31319507E-01  0.10000000E-20
          2 -0.32164044E-05  0.10000000E-20
          3  0.00000000E+00  0.10000000E-20
      53  0.302400E+04  0.185500E+01
          1 -0.30728360E-01  0.10000000E-20
          2 -0.31628986E-05  0.10000000E-20
          3  0.00000000E+00  0.10000000E-20
      54  0.302400E+04  0.189000E+01
          1 -0.30159017E-01  0.10000000E-20
          2 -0.30979385E-05  0.10000000E-20
          3  0.00000000E+00  0.10000000E-20
      55  0.302400E+04  0.192500E+01
          1 -0.29610277E-01  0.10000000E-20
          2 -0.30498958E-05  0.10000000E-20
          3  0.00000000E+00  0.10000000E-20
      56  0.302400E+04  0.196000E+01
          1 -0.29081034E-01  0.10000000E-20
          2 -0.29819337E-05  0.10000000E-20
          3  0.00000000E+00  0.10000000E-20
      57  0.302400E+04  0.199500E+01
          1 -0.28570260E-01  0.10000000E-20
          2 -0.29254134E-05  0.10000000E-20
          3  0.00000000E+00  0.10000000E-20
      58  0.302400E+04  0.203000E+01
          1 -0.28076974E-01  0.10000000E-20
          2 -0.28688563E-05  0.10000000E-20
          3  0.00000000E+00  0.10000000E-20
      59  0.302400E+04  0.206500E+01
          1 -0.27600296E-01  0.10000000E-20
          2 -0.28010113E-05  0.10000000E-20
          3  0.00000000E+00  0.10000000E-20
      60  0.302400E+04  0.210000E+01
          1 -0.27139370E-01  0.10000000E-20
          2 -0.27548900E-05  0.10000000E-20
          3  0.00000000E+00  0.10000000E-20
      61  0.302400E+04  0.213500E+01
          1 -0.26693402E-01  0.10000000E-20
          2 -0.27070646E-05  0.10000000E-20
          3  0.00000000E+00  0.10000000E-20
      62  0.302400E+04  0.217000E+01
          1 -0.26261670E-01  0.10000000E-20
          2 -0.26803001E-05  0.10000000E-20
          3  0.00000000E+00  0.10000000E-20
      63  0.302400E+04  0.220500E+01
          1 -0.25843495E-01  0.10000000E-20
          2 -0.26369959E-05  0.10000000E-20
          3  0.00000000E+00  0.10000000E-20
      64  0.302400E+04  0.224000E+01
          1 -0.25438224E-01  0.10000000E-20
          2 -0.25396922E-05  0.10000000E-20
          3  0.00000000E+00  0.10000000E-20
      65  0.302400E+04  0.227500E+01
          1 -0.25045248E-01  0.10000000E-20
          2 -0.24655121E-05  0.10000000E-20
          3  0.00000000E+00  0.10000000E-20
      66  0.302400E+04  0.231000E+01
          1 -0.24663988E-01  0.10000000E-20
          2 -0.24318995E-05  0.10000000E-20
          3  0.00000000E+00  0.10000000E-20
      67  0.302400E+04  0.234500E+01
          1 -0.24293935E-01  0.10000000E-20
          2 -0.23871650E-05  0.10000000E-20
          3  0.00000000E+00  0.10000000E-20
      68  0.302400E+04  0.238000E+01
          1 -0.23934560E-01  0.10000000E-20
          2 -0.23431267E-05  0.10000000E-20
          3  0.00000000E+00  0.10000000E-20
      69  0.302400E+04  0.241500E+01
          1 -0.23585393E-01  0.10000000E-20
          2 -0.23119892E-05  0.10000000E-20
          3  0.00000000E+00  0.10000000E-20
      70  0.302400E+04  0.245000E+01
          1 -0.23245992E-01  0.10000000E-20
          2 -0.22634550E-05  0.10000000E-20
          3  0.00000000E+00  0.10000000E-20
      71  0.302400E+04  0.248500E+01
          1 -0.22915937E-01  0.10000000E-20
          2 -0.22192614E-05  0.10000000E-20
          3  0.00000000E+00  0.10000000E-20
      72  0.302400E+04  0.252000E+01
          1 -0.22594799E-01  0.10000000E-20
          2 -0.21907599E-05  0.10000000E-20
          3  0.00000000E+00  0.10000000E-20
      73  0.302400E+04  0.255500E+01
          1 -0.22282239E-01  0.10000000E-20
          2 -0.21435884E-05  0.10000000E-20
          3  0.00000000E+00  0.10000000E-20
      74  0.302400E+04  0.259000E+01
          1 -0.21977849E-01  0.10000000E-20
          2 -0.21286594E-05  0.10000000E-20
          3  0.00000000E+00  0.10000000E-20
      75  0.302400E+04  0.262500E+01
          1 -0.21681348E-01  0.10000000E-20
          2 -0.20939215E-05  0.10000000E-20
          3  0.00000000E+00  0.10000000E-20
      76  0.302400E+04  0.266000E+01
          1 -0.21392358E-01  0.10000000E-20
          2 -0.20683410E-05  0.10000000E-20
          3  0.00000000E+00  0.10000000E-20
      77  0.302400E+04  0.269500E+01
          1 -0.21110636E-01  0.10000000E-20
          2 -0.20287762E-05  0.10000000E-20
          3  0.00000000E+00  0.10000000E-20
      78  0.302400E+04  0.273000E+01
          1 -0.20835856E-01  0.10000000E-20
          2 -0.20008700E-05  0.10000000E-20
          3  0.00000000E+00  0.10000000E-20
      79  0.302400E+04  0.276500E+01
          1 -0.20567709E-01  0.10000000E-20
          2 -0.19844534E-05  0.10000000E-20
          3  0.00000000E+00  0.10000000E-20
      80  0.302400E+04  0.280000E+01
          1 -0.20306025E-01  0.10000000E-20
          2 -0.19446708E-05  0.10000000E-20
          3  0.00000000E+00  0.10000000E-20
      81  0.302400E+04  0.283500E+01
          1 -0.20050476E-01  0.10000000E-20
          2 -0.19141054E-05  0.10000000E-20
          3  0.00000000E+00  0.10000000E-20
      82  0.302400E+04  0.287000E+01
          1 -0.19800841E-01  0.10000000E-20
          2 -0.19144129E-05  0.10000000E-20
          3  0.00000000E+00  0.10000000E-20
      83  0.302400E+04  0.290500E+01
          1 -0.19556941E-01  0.10000000E-20
          2 -0.18710204E-05  0.10000000E-20
          3  0.00000000E+00  0.10000000E-20
      84  0.302400E+04  0.294000E+01
          1 -0.19318509E-01  0.10000000E-20
          2 -0.18570965E-05  0.10000000E-20
          3  0.00000000E+00  0.10000000E-20
      85  0.302400E+04  0.297500E+01
          1 -0.19085391E-01  0.10000000E-20
          2 -0.18100722E-05  0.10000000E-20
          3  0.00000000E+00  0.10000000E-20
      86  0.302400E+04  0.301000E+01
          1 -0.18857352E-01  0.10000000E-20
          2 -0.17872121E-05  0.10000000E-20
          3  0.00000000E+00  0.10000000E-20
      87  0.302400E+04  0.304500E+01
          1 -0.18634204E-01  0.10000000E-20
          2 -0.17830095E-05  0.10000000E-20
          3  0.00000000E+00  0.10000000E-20
      88  0.302400E+04  0.308000E+01
          1 -0.18415815E-01  0.10000000E-20
          2 -0.17503328E-05  0.10000000E-20
          3  0.00000000E+00  0.10000000E-20
      89  0.302400E+04  0.311500E+01
          1 -0.18201993E-01  0.10000000E-20
          2 -0.17188862E-05  0.10000000E-20
          3  0.00000000E+00  0.10000000E-20
      90  0.302400E+04  0.315000E+01
          1 -0.17992545E-01  0.10000000E-20
          2 -0.17240032E-05  0.10000000E-20
          3  0.00000000E+00  0.10000000E-20
      91  0.302400E+04  0.318500E+01
          1 -0.17787361E-01  0.10000000E-20
          2 -0.16933345E-05  0.10000000E-20
          3  0.00000000E+00  0.10000000E-20
      92  0.302400E+04  0.322000E+01
          1 -0.17586300E-01  0.10000000E-20
          2 -0.16555682E-05  0.10000000E-20
          3  0.00000000E+00  0.10000000E-20
      93  0.302400E+04  0.325500E+01
          1 -0.17389211E-01  0.10000000E-20
          2 -0.16197496E-05  0.10000000E-20
          3  0.00000000E+00  0.10000000E-20
      94  0.302400E+04  0.329000E+01
          1 -0.17195937E-01  0.10000000E-20
          2 -0.16133280E-05  0.10000000E-20
          3  0.00000000E+00  0.10000000E-20
      95  0.302400E+04  0.332500E+01
          1 -0.17006376E-01  0.10000000E-20
          2 -0.15869103E-05  0.10000000E-20
          3  0.00000000E+00  0.10000000E-20
      96  0.302400E+04  0.336000E+01
          1 -0.16820388E-01  0.10000000E-20
          2 -0.15831863E-05  0.10000000E-20
          3  0.00000000E+00  0.10000000E-20
      97  0.302400E+04  0.339500E+01
          1 -0.16637893E-01  0.10000000E-20
          2 -0.15355468E-05  0.10000000E-20
          3  0.00000000E+00  0.10000000E-20
      98  0.302400E+04  0.343000E+01
          1 -0.16458724E-01  0.10000000E-20
          2 -0.15442134E-05  0.10000000E-20
          3  0.00000000E+00  0.10000000E-20
      99  0.302400E+04  0.346500E+01
          1 -0.16282823E-01  0.10000000E-20
          2 -0.15059523E-05  0.10000000E-20
          3  0.00000000E+00  0.10000000E-20
     100  0.302400E+04  0.350000E+01
