% Shemat-Suite version: Shem-FW/AD/SM 7.50 (Smarty)                                                     
%          build: Thu Aug  8 16:45:02 CEST 2019           
%   build command line: gmake fw hdf noomp PROPS=const USER=none HDF5_MOD=/usr/local_rwth/sw/HDF5/1.10.4/intel_19.0.1.144-intelmpi_2018.4.274/include/ HDF5_LIB=/usr/local_rwth/sw/HDF5/1.10.4/intel_19.0.1.144-intelmpi_2018.4.274/lib/ COMPTYPE=lini64                                
%        Project: "THEIS"
%
% <time step> <deltat> <cum time>
%    <iteration> <delta head> <delta temp> (<delta conc> ...)
       0  0.302400E+04  0.000000E+00
          1 -0.44614040E+00  0.10000000E-20
          2  0.00000000E+00  0.10000000E-20
       1  0.302400E+04  0.350000E-01
          1 -0.32178306E+00  0.10000000E-20
          2  0.00000000E+00  0.10000000E-20
       2  0.302400E+04  0.700000E-01
          1 -0.23975733E+00  0.10000000E-20
          2  0.00000000E+00  0.10000000E-20
       3  0.302400E+04  0.105000E+00
          1 -0.18381587E+00  0.10000000E-20
          2  0.00000000E+00  0.10000000E-20
       4  0.302400E+04  0.140000E+00
          1 -0.14454987E+00  0.10000000E-20
          2  0.00000000E+00  0.10000000E-20
       5  0.302400E+04  0.175000E+00
          1 -0.11628731E+00  0.10000000E-20
          2  0.00000000E+00  0.10000000E-20
       6  0.302400E+04  0.210000E+00
          1 -0.95487338E-01  0.10000000E-20
          2  0.00000000E+00  0.10000000E-20
       7  0.302400E+04  0.245000E+00
          1 -0.79871375E-01  0.10000000E-20
          2  0.00000000E+00  0.10000000E-20
       8  0.302400E+04  0.280000E+00
          1 -0.67933720E-01  0.10000000E-20
          2  0.00000000E+00  0.10000000E-20
       9  0.302400E+04  0.315000E+00
          1 -0.58655900E-01  0.10000000E-20
          2  0.00000000E+00  0.10000000E-20
      10  0.302400E+04  0.350000E+00
          1 -0.51334572E-01  0.10000000E-20
          2  0.00000000E+00  0.10000000E-20
      11  0.302400E+04  0.385000E+00
          1 -0.45474918E-01  0.10000000E-20
          2  0.00000000E+00  0.10000000E-20
      12  0.302400E+04  0.420000E+00
          1 -0.40722924E-01  0.10000000E-20
          2  0.00000000E+00  0.10000000E-20
      13  0.302400E+04  0.455000E+00
          1 -0.36821415E-01  0.10000000E-20
          2  0.00000000E+00  0.10000000E-20
      14  0.302400E+04  0.490000E+00
          1 -0.33580936E-01  0.10000000E-20
          2  0.00000000E+00  0.10000000E-20
      15  0.302400E+04  0.525000E+00
          1 -0.30860102E-01  0.10000000E-20
          2  0.00000000E+00  0.10000000E-20
      16  0.302400E+04  0.560000E+00
          1 -0.28552138E-01  0.10000000E-20
          2  0.00000000E+00  0.10000000E-20
      17  0.302400E+04  0.595000E+00
          1 -0.26575509E-01  0.10000000E-20
          2  0.00000000E+00  0.10000000E-20
      18  0.302400E+04  0.630000E+00
          1 -0.24867300E-01  0.10000000E-20
          2  0.00000000E+00  0.10000000E-20
      19  0.302400E+04  0.665000E+00
          1 -0.23378495E-01  0.10000000E-20
          2  0.00000000E+00  0.10000000E-20
      20  0.302400E+04  0.700000E+00
          1 -0.22070558E-01  0.10000000E-20
          2  0.00000000E+00  0.10000000E-20
      21  0.302400E+04  0.735000E+00
          1 -0.20912930E-01  0.10000000E-20
          2  0.00000000E+00  0.10000000E-20
      22  0.302400E+04  0.770000E+00
          1 -0.19881183E-01  0.10000000E-20
          2  0.00000000E+00  0.10000000E-20
      23  0.302400E+04  0.805000E+00
          1 -0.18955637E-01  0.10000000E-20
          2  0.00000000E+00  0.10000000E-20
      24  0.302400E+04  0.840000E+00
          1 -0.18120326E-01  0.10000000E-20
          2  0.00000000E+00  0.10000000E-20
      25  0.302400E+04  0.875000E+00
          1 -0.17362202E-01  0.10000000E-20
          2  0.00000000E+00  0.10000000E-20
      26  0.302400E+04  0.910000E+00
          1 -0.16670538E-01  0.10000000E-20
          2  0.00000000E+00  0.10000000E-20
      27  0.302400E+04  0.945000E+00
          1 -0.16036453E-01  0.10000000E-20
          2  0.00000000E+00  0.10000000E-20
      28  0.302400E+04  0.980000E+00
          1 -0.15452552E-01  0.10000000E-20
          2  0.00000000E+00  0.10000000E-20
      29  0.302400E+04  0.101500E+01
          1 -0.14912642E-01  0.10000000E-20
          2  0.00000000E+00  0.10000000E-20
      30  0.302400E+04  0.105000E+01
          1 -0.14411510E-01  0.10000000E-20
          2  0.00000000E+00  0.10000000E-20
      31  0.302400E+04  0.108500E+01
          1 -0.13944736E-01  0.10000000E-20
          2  0.00000000E+00  0.10000000E-20
      32  0.302400E+04  0.112000E+01
          1 -0.13508563E-01  0.10000000E-20
          2  0.00000000E+00  0.10000000E-20
      33  0.302400E+04  0.115500E+01
          1 -0.13099774E-01  0.10000000E-20
          2  0.00000000E+00  0.10000000E-20
      34  0.302400E+04  0.119000E+01
          1 -0.12715603E-01  0.10000000E-20
          2  0.00000000E+00  0.10000000E-20
      35  0.302400E+04  0.122500E+01
          1 -0.12353661E-01  0.10000000E-20
          2  0.00000000E+00  0.10000000E-20
      36  0.302400E+04  0.126000E+01
          1 -0.12011873E-01  0.10000000E-20
          2  0.00000000E+00  0.10000000E-20
      37  0.302400E+04  0.129500E+01
          1 -0.11688433E-01  0.10000000E-20
          2  0.00000000E+00  0.10000000E-20
      38  0.302400E+04  0.133000E+01
          1 -0.11381756E-01  0.10000000E-20
          2  0.00000000E+00  0.10000000E-20
      39  0.302400E+04  0.136500E+01
          1 -0.11090449E-01  0.10000000E-20
          2  0.00000000E+00  0.10000000E-20
      40  0.302400E+04  0.140000E+01
          1 -0.10813283E-01  0.10000000E-20
          2  0.00000000E+00  0.10000000E-20
      41  0.302400E+04  0.143500E+01
          1 -0.10549167E-01  0.10000000E-20
          2  0.00000000E+00  0.10000000E-20
      42  0.302400E+04  0.147000E+01
          1 -0.10297130E-01  0.10000000E-20
          2  0.00000000E+00  0.10000000E-20
      43  0.302400E+04  0.150500E+01
          1 -0.10056304E-01  0.10000000E-20
          2  0.00000000E+00  0.10000000E-20
      44  0.302400E+04  0.154000E+01
          1 -0.98259105E-02  0.10000000E-20
          2  0.00000000E+00  0.10000000E-20
      45  0.302400E+04  0.157500E+01
          1 -0.96052491E-02  0.10000000E-20
          2  0.00000000E+00  0.10000000E-20
      46  0.302400E+04  0.161000E+01
          1 -0.93936868E-02  0.10000000E-20
          2  0.00000000E+00  0.10000000E-20
      47  0.302400E+04  0.164500E+01
          1 -0.91906501E-02  0.10000000E-20
          2  0.00000000E+00  0.10000000E-20
      48  0.302400E+04  0.168000E+01
          1 -0.89956177E-02  0.10000000E-20
          2  0.00000000E+00  0.10000000E-20
      49  0.302400E+04  0.171500E+01
          1 -0.88081141E-02  0.10000000E-20
          2  0.00000000E+00  0.10000000E-20
      50  0.302400E+04  0.175000E+01
          1 -0.86277045E-02  0.10000000E-20
          2  0.00000000E+00  0.10000000E-20
      51  0.302400E+04  0.178500E+01
          1 -0.84539900E-02  0.10000000E-20
          2  0.00000000E+00  0.10000000E-20
      52  0.302400E+04  0.182000E+01
          1 -0.82866039E-02  0.10000000E-20
          2  0.00000000E+00  0.10000000E-20
      53  0.302400E+04  0.185500E+01
          1 -0.81252081E-02  0.10000000E-20
          2  0.00000000E+00  0.10000000E-20
      54  0.302400E+04  0.189000E+01
          1 -0.79694902E-02  0.10000000E-20
          2  0.00000000E+00  0.10000000E-20
      55  0.302400E+04  0.192500E+01
          1 -0.78191608E-02  0.10000000E-20
          2  0.00000000E+00  0.10000000E-20
      56  0.302400E+04  0.196000E+01
          1 -0.76739511E-02  0.10000000E-20
          2  0.00000000E+00  0.10000000E-20
      57  0.302400E+04  0.199500E+01
          1 -0.75336113E-02  0.10000000E-20
          2  0.00000000E+00  0.10000000E-20
      58  0.302400E+04  0.203000E+01
          1 -0.73979084E-02  0.10000000E-20
          2  0.00000000E+00  0.10000000E-20
      59  0.302400E+04  0.206500E+01
          1 -0.72666249E-02  0.10000000E-20
          2  0.00000000E+00  0.10000000E-20
      60  0.302400E+04  0.210000E+01
          1 -0.71395572E-02  0.10000000E-20
          2  0.00000000E+00  0.10000000E-20
      61  0.302400E+04  0.213500E+01
          1 -0.70165148E-02  0.10000000E-20
          2  0.00000000E+00  0.10000000E-20
      62  0.302400E+04  0.217000E+01
          1 -0.68973187E-02  0.10000000E-20
          2  0.00000000E+00  0.10000000E-20
      63  0.302400E+04  0.220500E+01
          1 -0.67818007E-02  0.10000000E-20
          2  0.00000000E+00  0.10000000E-20
      64  0.302400E+04  0.224000E+01
          1 -0.66698025E-02  0.10000000E-20
          2  0.00000000E+00  0.10000000E-20
      65  0.302400E+04  0.227500E+01
          1 -0.65611749E-02  0.10000000E-20
          2  0.00000000E+00  0.10000000E-20
      66  0.302400E+04  0.231000E+01
          1 -0.64557772E-02  0.10000000E-20
          2  0.00000000E+00  0.10000000E-20
      67  0.302400E+04  0.234500E+01
          1 -0.63534764E-02  0.10000000E-20
          2  0.00000000E+00  0.10000000E-20
      68  0.302400E+04  0.238000E+01
          1 -0.62541468E-02  0.10000000E-20
          2  0.00000000E+00  0.10000000E-20
      69  0.302400E+04  0.241500E+01
          1 -0.61576692E-02  0.10000000E-20
          2  0.00000000E+00  0.10000000E-20
      70  0.302400E+04  0.245000E+01
          1 -0.60639307E-02  0.10000000E-20
          2  0.00000000E+00  0.10000000E-20
      71  0.302400E+04  0.248500E+01
          1 -0.59728244E-02  0.10000000E-20
          2  0.00000000E+00  0.10000000E-20
      72  0.302400E+04  0.252000E+01
          1 -0.58842487E-02  0.10000000E-20
          2  0.00000000E+00  0.10000000E-20
      73  0.302400E+04  0.255500E+01
          1 -0.57981068E-02  0.10000000E-20
          2  0.00000000E+00  0.10000000E-20
      74  0.302400E+04  0.259000E+01
          1 -0.57143070E-02  0.10000000E-20
          2  0.00000000E+00  0.10000000E-20
      75  0.302400E+04  0.262500E+01
          1 -0.56327618E-02  0.10000000E-20
          2  0.00000000E+00  0.10000000E-20
      76  0.302400E+04  0.266000E+01
          1 -0.55533880E-02  0.10000000E-20
          2  0.00000000E+00  0.10000000E-20
      77  0.302400E+04  0.269500E+01
          1 -0.54761063E-02  0.10000000E-20
          2  0.00000000E+00  0.10000000E-20
      78  0.302400E+04  0.273000E+01
          1 -0.54008408E-02  0.10000000E-20
          2  0.00000000E+00  0.10000000E-20
      79  0.302400E+04  0.276500E+01
          1 -0.53275196E-02  0.10000000E-20
          2  0.00000000E+00  0.10000000E-20
      80  0.302400E+04  0.280000E+01
          1 -0.52560734E-02  0.10000000E-20
          2  0.00000000E+00  0.10000000E-20
      81  0.302400E+04  0.283500E+01
          1 -0.51864366E-02  0.10000000E-20
          2  0.00000000E+00  0.10000000E-20
      82  0.302400E+04  0.287000E+01
          1 -0.51185462E-02  0.10000000E-20
          2  0.00000000E+00  0.10000000E-20
      83  0.302400E+04  0.290500E+01
          1 -0.50523418E-02  0.10000000E-20
          2  0.00000000E+00  0.10000000E-20
      84  0.302400E+04  0.294000E+01
          1 -0.49877658E-02  0.10000000E-20
          2  0.00000000E+00  0.10000000E-20
      85  0.302400E+04  0.297500E+01
          1 -0.49247632E-02  0.10000000E-20
          2  0.00000000E+00  0.10000000E-20
      86  0.302400E+04  0.301000E+01
          1 -0.48632811E-02  0.10000000E-20
          2  0.00000000E+00  0.10000000E-20
      87  0.302400E+04  0.304500E+01
          1 -0.48032688E-02  0.10000000E-20
          2  0.00000000E+00  0.10000000E-20
      88  0.302400E+04  0.308000E+01
          1 -0.47446778E-02  0.10000000E-20
          2  0.00000000E+00  0.10000000E-20
      89  0.302400E+04  0.311500E+01
          1 -0.46874616E-02  0.10000000E-20
          2  0.00000000E+00  0.10000000E-20
      90  0.302400E+04  0.315000E+01
          1 -0.46315755E-02  0.10000000E-20
          2  0.00000000E+00  0.10000000E-20
      91  0.302400E+04  0.318500E+01
          1 -0.45769767E-02  0.10000000E-20
          2  0.00000000E+00  0.10000000E-20
      92  0.302400E+04  0.322000E+01
          1 -0.45236241E-02  0.10000000E-20
          2  0.00000000E+00  0.10000000E-20
      93  0.302400E+04  0.325500E+01
          1 -0.44714782E-02  0.10000000E-20
          2  0.00000000E+00  0.10000000E-20
      94  0.302400E+04  0.329000E+01
          1 -0.44205009E-02  0.10000000E-20
          2  0.00000000E+00  0.10000000E-20
      95  0.302400E+04  0.332500E+01
          1 -0.43706560E-02  0.10000000E-20
          2  0.00000000E+00  0.10000000E-20
      96  0.302400E+04  0.336000E+01
          1 -0.43219082E-02  0.10000000E-20
          2  0.00000000E+00  0.10000000E-20
      97  0.302400E+04  0.339500E+01
          1 -0.42742239E-02  0.10000000E-20
          2  0.00000000E+00  0.10000000E-20
      98  0.302400E+04  0.343000E+01
          1 -0.42275707E-02  0.10000000E-20
          2  0.00000000E+00  0.10000000E-20
      99  0.302400E+04  0.346500E+01
          1 -0.41819173E-02  0.10000000E-20
          2  0.00000000E+00  0.10000000E-20
     100  0.302400E+04  0.350000E+01
