% Shemat-Suite version: Shem-FW/AD/SM 7.50 (Smarty)                                                     
%          build: Do 8. Aug 12:18:25 CEST 2019            
%   build command line: gmake fw hdf lapacksrc blassrc noomp PROPS=const HDF5_MOD=/usr/local_rwth/sw/HDF5/1.10.4/intel_19.0.1.144-intelmpi_2018.4.274/include/ HDF5_LIB=/usr/local_rwth/sw/HDF5/1.10.4/intel_19.0.1.144-intelmpi_2018.4.274/lib/ COMPTYPE=lini64                        
%        Project: "Theis3D"
%
% <time step> <deltat> <cum time>
%    <iteration> <delta head> <delta temp> (<delta conc> ...)
       0  0.302400E+04  0.000000E+00
          1 -0.10074294E+02  0.10000000E-20
          2  0.00000000E+00  0.10000000E-20
       1  0.302400E+04  0.350000E-01
          1 -0.16214963E+01  0.10000000E-20
          2  0.00000000E+00  0.10000000E-20
       2  0.302400E+04  0.700000E-01
          1 -0.81677428E+00  0.10000000E-20
          2  0.00000000E+00  0.10000000E-20
       3  0.302400E+04  0.105000E+00
          1 -0.54492044E+00  0.10000000E-20
          2  0.00000000E+00  0.10000000E-20
       4  0.302400E+04  0.140000E+00
          1 -0.40822942E+00  0.10000000E-20
          2  0.00000000E+00  0.10000000E-20
       5  0.302400E+04  0.175000E+00
          1 -0.32604576E+00  0.10000000E-20
          2  0.00000000E+00  0.10000000E-20
       6  0.302400E+04  0.210000E+00
          1 -0.27128571E+00  0.10000000E-20
          2  0.00000000E+00  0.10000000E-20
       7  0.302400E+04  0.245000E+00
          1 -0.23224019E+00  0.10000000E-20
          2  0.00000000E+00  0.10000000E-20
       8  0.302400E+04  0.280000E+00
          1 -0.20301687E+00  0.10000000E-20
          2  0.00000000E+00  0.10000000E-20
       9  0.302400E+04  0.315000E+00
          1 -0.18033215E+00  0.10000000E-20
          2  0.00000000E+00  0.10000000E-20
      10  0.302400E+04  0.350000E+00
          1 -0.16221492E+00  0.10000000E-20
          2  0.00000000E+00  0.10000000E-20
      11  0.302400E+04  0.385000E+00
          1 -0.14741234E+00  0.10000000E-20
          2  0.00000000E+00  0.10000000E-20
      12  0.302400E+04  0.420000E+00
          1 -0.13509071E+00  0.10000000E-20
          2  0.00000000E+00  0.10000000E-20
      13  0.302400E+04  0.455000E+00
          1 -0.12467408E+00  0.10000000E-20
          2  0.00000000E+00  0.10000000E-20
      14  0.302400E+04  0.490000E+00
          1 -0.11575195E+00  0.10000000E-20
          2  0.00000000E+00  0.10000000E-20
      15  0.302400E+04  0.525000E+00
          1 -0.10802386E+00  0.10000000E-20
          2  0.00000000E+00  0.10000000E-20
      16  0.302400E+04  0.560000E+00
          1 -0.10126490E+00  0.10000000E-20
          2  0.00000000E+00  0.10000000E-20
      17  0.302400E+04  0.595000E+00
          1 -0.95303324E-01  0.10000000E-20
          2  0.00000000E+00  0.10000000E-20
      18  0.302400E+04  0.630000E+00
          1 -0.90005681E-01  0.10000000E-20
          2  0.00000000E+00  0.10000000E-20
      19  0.302400E+04  0.665000E+00
          1 -0.85266819E-01  0.10000000E-20
          2  0.00000000E+00  0.10000000E-20
      20  0.302400E+04  0.700000E+00
          1 -0.81002627E-01  0.10000000E-20
          2  0.00000000E+00  0.10000000E-20
      21  0.302400E+04  0.735000E+00
          1 -0.77145187E-01  0.10000000E-20
          2  0.00000000E+00  0.10000000E-20
      22  0.302400E+04  0.770000E+00
          1 -0.73638831E-01  0.10000000E-20
          2  0.00000000E+00  0.10000000E-20
      23  0.302400E+04  0.805000E+00
          1 -0.70437681E-01  0.10000000E-20
          2  0.00000000E+00  0.10000000E-20
      24  0.302400E+04  0.840000E+00
          1 -0.67503537E-01  0.10000000E-20
          2  0.00000000E+00  0.10000000E-20
      25  0.302400E+04  0.875000E+00
          1 -0.64804275E-01  0.10000000E-20
          2  0.00000000E+00  0.10000000E-20
      26  0.302400E+04  0.910000E+00
          1 -0.62312787E-01  0.10000000E-20
          2  0.00000000E+00  0.10000000E-20
      27  0.302400E+04  0.945000E+00
          1 -0.60005930E-01  0.10000000E-20
          2  0.00000000E+00  0.10000000E-20
      28  0.302400E+04  0.980000E+00
          1 -0.57863895E-01  0.10000000E-20
          2  0.00000000E+00  0.10000000E-20
      29  0.302400E+04  0.101500E+01
          1 -0.55869646E-01  0.10000000E-20
          2  0.00000000E+00  0.10000000E-20
      30  0.302400E+04  0.105000E+01
          1 -0.54008347E-01  0.10000000E-20
          2  0.00000000E+00  0.10000000E-20
      31  0.302400E+04  0.108500E+01
          1 -0.52267184E-01  0.10000000E-20
          2  0.00000000E+00  0.10000000E-20
      32  0.302400E+04  0.112000E+01
          1 -0.50634803E-01  0.10000000E-20
          2  0.00000000E+00  0.10000000E-20
      33  0.302400E+04  0.115500E+01
          1 -0.49101394E-01  0.10000000E-20
          2  0.00000000E+00  0.10000000E-20
      34  0.302400E+04  0.119000E+01
          1 -0.47658148E-01  0.10000000E-20
          2  0.00000000E+00  0.10000000E-20
      35  0.302400E+04  0.122500E+01
          1 -0.46297385E-01  0.10000000E-20
          2  0.00000000E+00  0.10000000E-20
      36  0.302400E+04  0.126000E+01
          1 -0.45012211E-01  0.10000000E-20
          2  0.00000000E+00  0.10000000E-20
      37  0.302400E+04  0.129500E+01
          1 -0.43796463E-01  0.10000000E-20
          2  0.00000000E+00  0.10000000E-20
      38  0.302400E+04  0.133000E+01
          1 -0.42644740E-01  0.10000000E-20
          2  0.00000000E+00  0.10000000E-20
      39  0.302400E+04  0.136500E+01
          1 -0.41552025E-01  0.10000000E-20
          2  0.00000000E+00  0.10000000E-20
      40  0.302400E+04  0.140000E+01
          1 -0.40513932E-01  0.10000000E-20
          2  0.00000000E+00  0.10000000E-20
      41  0.302400E+04  0.143500E+01
          1 -0.39526475E-01  0.10000000E-20
          2  0.00000000E+00  0.10000000E-20
      42  0.302400E+04  0.147000E+01
          1 -0.38586027E-01  0.10000000E-20
          2  0.00000000E+00  0.10000000E-20
      43  0.302400E+04  0.150500E+01
          1 -0.37689300E-01  0.10000000E-20
          2  0.00000000E+00  0.10000000E-20
      44  0.302400E+04  0.154000E+01
          1 -0.36833321E-01  0.10000000E-20
          2  0.00000000E+00  0.10000000E-20
      45  0.302400E+04  0.157500E+01
          1 -0.36015383E-01  0.10000000E-20
          2  0.00000000E+00  0.10000000E-20
      46  0.302400E+04  0.161000E+01
          1 -0.35232980E-01  0.10000000E-20
          2  0.00000000E+00  0.10000000E-20
      47  0.302400E+04  0.164500E+01
          1 -0.34483853E-01  0.10000000E-20
          2  0.00000000E+00  0.10000000E-20
      48  0.302400E+04  0.168000E+01
          1 -0.33765939E-01  0.10000000E-20
          2  0.00000000E+00  0.10000000E-20
      49  0.302400E+04  0.171500E+01
          1 -0.33077302E-01  0.10000000E-20
          2  0.00000000E+00  0.10000000E-20
      50  0.302400E+04  0.175000E+01
          1 -0.32416209E-01  0.10000000E-20
          2  0.00000000E+00  0.10000000E-20
      51  0.302400E+04  0.178500E+01
          1 -0.31781031E-01  0.10000000E-20
          2  0.00000000E+00  0.10000000E-20
      52  0.302400E+04  0.182000E+01
          1 -0.31170262E-01  0.10000000E-20
          2  0.00000000E+00  0.10000000E-20
      53  0.302400E+04  0.185500E+01
          1 -0.30582546E-01  0.10000000E-20
          2  0.00000000E+00  0.10000000E-20
      54  0.302400E+04  0.189000E+01
          1 -0.30016568E-01  0.10000000E-20
          2  0.00000000E+00  0.10000000E-20
      55  0.302400E+04  0.192500E+01
          1 -0.29471155E-01  0.10000000E-20
          2  0.00000000E+00  0.10000000E-20
      56  0.302400E+04  0.196000E+01
          1 -0.28945233E-01  0.10000000E-20
          2  0.00000000E+00  0.10000000E-20
      57  0.302400E+04  0.199500E+01
          1 -0.28437744E-01  0.10000000E-20
          2  0.00000000E+00  0.10000000E-20
      58  0.302400E+04  0.203000E+01
          1 -0.27947745E-01  0.10000000E-20
          2  0.00000000E+00  0.10000000E-20
      59  0.302400E+04  0.206500E+01
          1 -0.27474337E-01  0.10000000E-20
          2  0.00000000E+00  0.10000000E-20
      60  0.302400E+04  0.210000E+01
          1 -0.27016705E-01  0.10000000E-20
          2  0.00000000E+00  0.10000000E-20
      61  0.302400E+04  0.213500E+01
          1 -0.26574052E-01  0.10000000E-20
          2  0.00000000E+00  0.10000000E-20
      62  0.302400E+04  0.217000E+01
          1 -0.26145703E-01  0.10000000E-20
          2  0.00000000E+00  0.10000000E-20
      63  0.302400E+04  0.220500E+01
          1 -0.25730896E-01  0.10000000E-20
          2  0.00000000E+00  0.10000000E-20
      64  0.302400E+04  0.224000E+01
          1 -0.25329080E-01  0.10000000E-20
          2  0.00000000E+00  0.10000000E-20
      65  0.302400E+04  0.227500E+01
          1 -0.24939590E-01  0.10000000E-20
          2  0.00000000E+00  0.10000000E-20
      66  0.302400E+04  0.231000E+01
          1 -0.24561890E-01  0.10000000E-20
          2  0.00000000E+00  0.10000000E-20
      67  0.302400E+04  0.234500E+01
          1 -0.24195463E-01  0.10000000E-20
          2  0.00000000E+00  0.10000000E-20
      68  0.302400E+04  0.238000E+01
          1 -0.23839786E-01  0.10000000E-20
          2  0.00000000E+00  0.10000000E-20
      69  0.302400E+04  0.241500E+01
          1 -0.23494418E-01  0.10000000E-20
          2  0.00000000E+00  0.10000000E-20
      70  0.302400E+04  0.245000E+01
          1 -0.23158892E-01  0.10000000E-20
          2  0.00000000E+00  0.10000000E-20
      71  0.302400E+04  0.248500E+01
          1 -0.22832811E-01  0.10000000E-20
          2  0.00000000E+00  0.10000000E-20
      72  0.302400E+04  0.252000E+01
          1 -0.22515763E-01  0.10000000E-20
          2  0.00000000E+00  0.10000000E-20
      73  0.302400E+04  0.255500E+01
          1 -0.22207381E-01  0.10000000E-20
          2  0.00000000E+00  0.10000000E-20
      74  0.302400E+04  0.259000E+01
          1 -0.21907329E-01  0.10000000E-20
          2  0.00000000E+00  0.10000000E-20
      75  0.302400E+04  0.262500E+01
          1 -0.21615245E-01  0.10000000E-20
          2  0.00000000E+00  0.10000000E-20
      76  0.302400E+04  0.266000E+01
          1 -0.21330836E-01  0.10000000E-20
          2  0.00000000E+00  0.10000000E-20
      77  0.302400E+04  0.269500E+01
          1 -0.21053786E-01  0.10000000E-20
          2  0.00000000E+00  0.10000000E-20
      78  0.302400E+04  0.273000E+01
          1 -0.20783820E-01  0.10000000E-20
          2  0.00000000E+00  0.10000000E-20
      79  0.302400E+04  0.276500E+01
          1 -0.20520669E-01  0.10000000E-20
          2  0.00000000E+00  0.10000000E-20
      80  0.302400E+04  0.280000E+01
          1 -0.20264046E-01  0.10000000E-20
          2  0.00000000E+00  0.10000000E-20
      81  0.302400E+04  0.283500E+01
          1 -0.20013784E-01  0.10000000E-20
          2  0.00000000E+00  0.10000000E-20
      82  0.302400E+04  0.287000E+01
          1 -0.19769556E-01  0.10000000E-20
          2  0.00000000E+00  0.10000000E-20
      83  0.302400E+04  0.290500E+01
          1 -0.19531190E-01  0.10000000E-20
          2  0.00000000E+00  0.10000000E-20
      84  0.302400E+04  0.294000E+01
          1 -0.19298485E-01  0.10000000E-20
          2  0.00000000E+00  0.10000000E-20
      85  0.302400E+04  0.297500E+01
          1 -0.19071211E-01  0.10000000E-20
          2  0.00000000E+00  0.10000000E-20
      86  0.302400E+04  0.301000E+01
          1 -0.18849192E-01  0.10000000E-20
          2  0.00000000E+00  0.10000000E-20
      87  0.302400E+04  0.304500E+01
          1 -0.18632229E-01  0.10000000E-20
          2  0.00000000E+00  0.10000000E-20
      88  0.302400E+04  0.308000E+01
          1 -0.18420172E-01  0.10000000E-20
          2  0.00000000E+00  0.10000000E-20
      89  0.302400E+04  0.311500E+01
          1 -0.18212839E-01  0.10000000E-20
          2  0.00000000E+00  0.10000000E-20
      90  0.302400E+04  0.315000E+01
          1 -0.18010084E-01  0.10000000E-20
          2  0.00000000E+00  0.10000000E-20
      91  0.302400E+04  0.318500E+01
          1 -0.17811728E-01  0.10000000E-20
          2  0.00000000E+00  0.10000000E-20
      92  0.302400E+04  0.322000E+01
          1 -0.17617648E-01  0.10000000E-20
          2  0.00000000E+00  0.10000000E-20
      93  0.302400E+04  0.325500E+01
          1 -0.17427696E-01  0.10000000E-20
          2  0.00000000E+00  0.10000000E-20
      94  0.302400E+04  0.329000E+01
          1 -0.17241740E-01  0.10000000E-20
          2  0.00000000E+00  0.10000000E-20
      95  0.302400E+04  0.332500E+01
          1 -0.17059648E-01  0.10000000E-20
          2  0.00000000E+00  0.10000000E-20
      96  0.302400E+04  0.336000E+01
          1 -0.16881308E-01  0.10000000E-20
          2  0.00000000E+00  0.10000000E-20
      97  0.302400E+04  0.339500E+01
          1 -0.16706581E-01  0.10000000E-20
          2  0.00000000E+00  0.10000000E-20
      98  0.302400E+04  0.343000E+01
          1 -0.16535376E-01  0.10000000E-20
          2  0.00000000E+00  0.10000000E-20
      99  0.302400E+04  0.346500E+01
          1 -0.16367566E-01  0.10000000E-20
          2  0.00000000E+00  0.10000000E-20
     100  0.302400E+04  0.350000E+01
