% Shemat-Suite version: Shem-FW/AD/SM 7.50 (Smarty)                                                     
%          build: Fri Aug 16 11:47:06 CEST 2019           
%   build command line: gmake fw hdf noomp PROPS=bas USER=none HDF5_MOD=/usr/local_rwth/sw/HDF5/1.8.21/gcc_4.8.5-intelmpi_2018.4.274/include/ HDF5_LIB=/usr/local_rwth/sw/HDF5/1.8.21/gcc_4.8.5-intelmpi_2018.4.274/lib/ COMPTYPE=ling64                                                
%        Project: "initial_model"
%
%    <iteration> <delta head> <delta temp> (<delta conc> ...)
          1  0.14560953E+02  0.13077711E+03
          2 -0.20252643E+03  0.10045960E+02
          3 -0.10699236E+03  0.52340502E+01
          4 -0.56460710E+02  0.27248545E+01
          5 -0.29754313E+02  0.14174659E+01
          6 -0.15657585E+02  0.73680544E+00
          7 -0.82275028E+01  0.38270770E+00
          8 -0.43171103E+01  0.19863674E+00
          9 -0.22621436E+01  0.10302326E+00
         10 -0.11837802E+01  0.53394370E-01
         11 -0.61868193E+00  0.27653199E-01
         12 -0.32294573E+00  0.14311522E-01
         13 -0.16837443E+00  0.74014938E-02
         14 -0.87684775E-01  0.38251574E-02
         15 -0.45612989E-01  0.19754937E-02
         16 -0.23701848E-01  0.10195321E-02
         17 -0.12303177E-01  0.52589012E-03
         18 -0.63797444E-02  0.27108117E-03
         19 -0.33048372E-02  0.13963845E-03
         20 -0.17102727E-02  0.71880329E-04
         21 -0.88420670E-03  0.36975321E-04
         22 -0.45669011E-03  0.19006784E-04
         23 -0.23565404E-03  0.97633349E-05
         24 -0.12148457E-03  0.50116120E-05
         25 -0.62568313E-04  0.25705764E-05
         26 -0.32191076E-04  0.13175617E-05
         27 -0.16549791E-04  0.67490495E-06
         28 -0.84984122E-05  0.34536831E-06
         29 -0.43613509E-05  0.17658903E-06
         30 -0.22347322E-05  0.90288012E-07
         31 -0.11452967E-05  0.46079521E-07
         32 -0.58590831E-06  0.23481761E-07
