% Shemat-Suite version: Shem-FW/AD/SM 7.50 (Smarty)                                                     
%          build: Do 13. Jun 16:39:46 CEST 2019           
%   build command line: gmake fw noomp PROPS=ice COMPTYPE=ling64                                                                                                                                                                                                                        
%        Project: "GeoSlope"
%
% <time step> <deltat> <cum time>
%    <iteration> <delta head> <delta temp> (<delta conc> ...)
       0  0.103680E+06  0.000000E+00
          1  0.00000000E+00  0.00000000E+00
       1  0.103680E+06  0.120000E+01
          1  0.00000000E+00  0.00000000E+00
       2  0.103680E+06  0.240000E+01
          1  0.00000000E+00  0.00000000E+00
       3  0.103680E+06  0.360000E+01
          1  0.00000000E+00  0.00000000E+00
       4  0.103680E+06  0.480000E+01
          1  0.00000000E+00  0.00000000E+00
       5  0.103680E+06  0.600000E+01
          1  0.00000000E+00  0.00000000E+00
       6  0.103680E+06  0.720000E+01
          1  0.00000000E+00  0.00000000E+00
       7  0.103680E+06  0.840000E+01
          1  0.00000000E+00  0.00000000E+00
       8  0.103680E+06  0.960000E+01
          1  0.00000000E+00  0.00000000E+00
       9  0.103680E+06  0.108000E+02
          1  0.00000000E+00  0.00000000E+00
      10  0.103680E+06  0.120000E+02
          1  0.00000000E+00  0.00000000E+00
      11  0.103680E+06  0.132000E+02
          1  0.00000000E+00  0.00000000E+00
      12  0.103680E+06  0.144000E+02
          1  0.00000000E+00  0.00000000E+00
      13  0.103680E+06  0.156000E+02
          1  0.00000000E+00  0.00000000E+00
      14  0.103680E+06  0.168000E+02
          1  0.00000000E+00  0.00000000E+00
      15  0.103680E+06  0.180000E+02
          1  0.00000000E+00  0.00000000E+00
      16  0.103680E+06  0.192000E+02
          1  0.00000000E+00  0.00000000E+00
      17  0.103680E+06  0.204000E+02
          1  0.00000000E+00  0.00000000E+00
      18  0.103680E+06  0.216000E+02
          1  0.00000000E+00  0.00000000E+00
      19  0.103680E+06  0.228000E+02
          1  0.00000000E+00  0.00000000E+00
      20  0.103680E+06  0.240000E+02
          1  0.00000000E+00  0.00000000E+00
      21  0.103680E+06  0.252000E+02
          1  0.00000000E+00  0.00000000E+00
      22  0.103680E+06  0.264000E+02
          1  0.00000000E+00  0.00000000E+00
      23  0.103680E+06  0.276000E+02
          1  0.00000000E+00  0.00000000E+00
      24  0.103680E+06  0.288000E+02
          1  0.00000000E+00  0.00000000E+00
      25  0.103680E+06  0.300000E+02
          1  0.00000000E+00  0.00000000E+00
      26  0.103680E+06  0.312000E+02
          1  0.00000000E+00  0.00000000E+00
      27  0.103680E+06  0.324000E+02
          1  0.00000000E+00  0.00000000E+00
      28  0.103680E+06  0.336000E+02
          1  0.00000000E+00  0.00000000E+00
      29  0.103680E+06  0.348000E+02
          1  0.00000000E+00  0.00000000E+00
      30  0.103680E+06  0.360000E+02
          1  0.00000000E+00  0.00000000E+00
      31  0.103680E+06  0.372000E+02
          1  0.00000000E+00  0.00000000E+00
      32  0.103680E+06  0.384000E+02
          1  0.00000000E+00  0.00000000E+00
      33  0.103680E+06  0.396000E+02
          1  0.00000000E+00  0.00000000E+00
      34  0.103680E+06  0.408000E+02
          1  0.00000000E+00  0.00000000E+00
      35  0.103680E+06  0.420000E+02
          1  0.00000000E+00  0.00000000E+00
      36  0.103680E+06  0.432000E+02
          1  0.00000000E+00  0.00000000E+00
      37  0.103680E+06  0.444000E+02
          1  0.00000000E+00  0.00000000E+00
      38  0.103680E+06  0.456000E+02
          1  0.00000000E+00  0.00000000E+00
      39  0.103680E+06  0.468000E+02
          1  0.00000000E+00  0.00000000E+00
      40  0.103680E+06  0.480000E+02
          1  0.00000000E+00  0.00000000E+00
      41  0.103680E+06  0.492000E+02
          1  0.00000000E+00  0.00000000E+00
      42  0.103680E+06  0.504000E+02
          1  0.00000000E+00  0.00000000E+00
      43  0.103680E+06  0.516000E+02
          1  0.00000000E+00  0.00000000E+00
      44  0.103680E+06  0.528000E+02
          1  0.00000000E+00  0.00000000E+00
      45  0.103680E+06  0.540000E+02
          1  0.00000000E+00  0.00000000E+00
      46  0.103680E+06  0.552000E+02
          1  0.00000000E+00  0.00000000E+00
      47  0.103680E+06  0.564000E+02
          1  0.00000000E+00  0.00000000E+00
      48  0.103680E+06  0.576000E+02
          1  0.00000000E+00  0.00000000E+00
      49  0.103680E+06  0.588000E+02
          1  0.00000000E+00  0.00000000E+00
      50  0.103680E+06  0.600000E+02
          1  0.00000000E+00  0.00000000E+00
      51  0.103680E+06  0.612000E+02
          1  0.00000000E+00  0.00000000E+00
      52  0.103680E+06  0.624000E+02
          1  0.00000000E+00  0.00000000E+00
      53  0.103680E+06  0.636000E+02
          1  0.00000000E+00  0.00000000E+00
      54  0.103680E+06  0.648000E+02
          1  0.00000000E+00  0.00000000E+00
      55  0.103680E+06  0.660000E+02
          1  0.00000000E+00  0.00000000E+00
      56  0.103680E+06  0.672000E+02
          1  0.00000000E+00  0.00000000E+00
      57  0.103680E+06  0.684000E+02
          1  0.00000000E+00  0.00000000E+00
      58  0.103680E+06  0.696000E+02
          1  0.00000000E+00  0.00000000E+00
      59  0.103680E+06  0.708000E+02
          1  0.00000000E+00  0.00000000E+00
      60  0.103680E+06  0.720000E+02
          1  0.00000000E+00  0.00000000E+00
      61  0.103680E+06  0.732000E+02
          1  0.00000000E+00  0.00000000E+00
      62  0.103680E+06  0.744000E+02
          1  0.00000000E+00  0.00000000E+00
      63  0.103680E+06  0.756000E+02
          1  0.00000000E+00  0.00000000E+00
      64  0.103680E+06  0.768000E+02
          1  0.00000000E+00  0.00000000E+00
      65  0.103680E+06  0.780000E+02
          1  0.00000000E+00  0.00000000E+00
      66  0.103680E+06  0.792000E+02
          1  0.00000000E+00  0.00000000E+00
      67  0.103680E+06  0.804000E+02
          1  0.00000000E+00  0.00000000E+00
      68  0.103680E+06  0.816000E+02
          1  0.00000000E+00  0.00000000E+00
      69  0.103680E+06  0.828000E+02
          1  0.00000000E+00  0.00000000E+00
      70  0.103680E+06  0.840000E+02
          1  0.00000000E+00  0.00000000E+00
      71  0.103680E+06  0.852000E+02
          1  0.00000000E+00  0.00000000E+00
      72  0.103680E+06  0.864000E+02
          1  0.00000000E+00  0.00000000E+00
      73  0.103680E+06  0.876000E+02
          1  0.00000000E+00  0.00000000E+00
      74  0.103680E+06  0.888000E+02
          1  0.00000000E+00  0.00000000E+00
      75  0.103680E+06  0.900000E+02
          1  0.00000000E+00  0.00000000E+00
      76  0.103680E+06  0.912000E+02
          1  0.00000000E+00  0.00000000E+00
      77  0.103680E+06  0.924000E+02
          1  0.00000000E+00  0.00000000E+00
      78  0.103680E+06  0.936000E+02
          1  0.00000000E+00  0.00000000E+00
      79  0.103680E+06  0.948000E+02
          1  0.00000000E+00  0.00000000E+00
      80  0.103680E+06  0.960000E+02
          1  0.00000000E+00  0.00000000E+00
      81  0.103680E+06  0.972000E+02
          1  0.00000000E+00  0.00000000E+00
      82  0.103680E+06  0.984000E+02
          1  0.00000000E+00  0.00000000E+00
      83  0.103680E+06  0.996000E+02
          1  0.00000000E+00  0.00000000E+00
      84  0.103680E+06  0.100800E+03
          1  0.00000000E+00  0.00000000E+00
      85  0.103680E+06  0.102000E+03
          1  0.00000000E+00  0.00000000E+00
      86  0.103680E+06  0.103200E+03
          1  0.00000000E+00  0.00000000E+00
      87  0.103680E+06  0.104400E+03
          1  0.00000000E+00  0.00000000E+00
      88  0.103680E+06  0.105600E+03
          1  0.00000000E+00  0.00000000E+00
      89  0.103680E+06  0.106800E+03
          1  0.00000000E+00  0.00000000E+00
      90  0.103680E+06  0.108000E+03
          1  0.00000000E+00  0.00000000E+00
      91  0.103680E+06  0.109200E+03
          1  0.00000000E+00  0.00000000E+00
      92  0.103680E+06  0.110400E+03
          1  0.00000000E+00  0.00000000E+00
      93  0.103680E+06  0.111600E+03
          1  0.00000000E+00  0.00000000E+00
      94  0.103680E+06  0.112800E+03
          1  0.00000000E+00  0.00000000E+00
      95  0.103680E+06  0.114000E+03
          1  0.00000000E+00  0.00000000E+00
      96  0.103680E+06  0.115200E+03
          1  0.00000000E+00  0.00000000E+00
      97  0.103680E+06  0.116400E+03
          1  0.00000000E+00  0.00000000E+00
      98  0.103680E+06  0.117600E+03
          1  0.00000000E+00  0.00000000E+00
      99  0.103680E+06  0.118800E+03
          1  0.00000000E+00  0.00000000E+00
     100  0.103680E+06  0.120000E+03
          1  0.00000000E+00  0.00000000E+00
     101  0.103680E+06  0.121200E+03
          1  0.00000000E+00  0.00000000E+00
     102  0.103680E+06  0.122400E+03
          1  0.00000000E+00  0.00000000E+00
     103  0.103680E+06  0.123600E+03
          1  0.00000000E+00  0.00000000E+00
     104  0.103680E+06  0.124800E+03
          1  0.00000000E+00  0.00000000E+00
     105  0.103680E+06  0.126000E+03
          1  0.00000000E+00  0.00000000E+00
     106  0.103680E+06  0.127200E+03
          1  0.00000000E+00  0.00000000E+00
     107  0.103680E+06  0.128400E+03
          1  0.00000000E+00  0.00000000E+00
     108  0.103680E+06  0.129600E+03
          1  0.00000000E+00  0.00000000E+00
     109  0.103680E+06  0.130800E+03
          1  0.00000000E+00  0.00000000E+00
     110  0.103680E+06  0.132000E+03
          1  0.00000000E+00  0.00000000E+00
     111  0.103680E+06  0.133200E+03
          1  0.00000000E+00  0.00000000E+00
     112  0.103680E+06  0.134400E+03
          1  0.00000000E+00  0.00000000E+00
     113  0.103680E+06  0.135600E+03
          1  0.00000000E+00  0.00000000E+00
     114  0.103680E+06  0.136800E+03
          1  0.00000000E+00  0.00000000E+00
     115  0.103680E+06  0.138000E+03
          1  0.00000000E+00  0.00000000E+00
     116  0.103680E+06  0.139200E+03
          1  0.00000000E+00  0.00000000E+00
     117  0.103680E+06  0.140400E+03
          1  0.00000000E+00  0.00000000E+00
     118  0.103680E+06  0.141600E+03
          1  0.00000000E+00  0.00000000E+00
     119  0.103680E+06  0.142800E+03
          1  0.00000000E+00  0.00000000E+00
     120  0.103680E+06  0.144000E+03
          1  0.00000000E+00  0.00000000E+00
     121  0.103680E+06  0.145200E+03
          1  0.00000000E+00  0.00000000E+00
     122  0.103680E+06  0.146400E+03
          1  0.00000000E+00  0.00000000E+00
     123  0.103680E+06  0.147600E+03
          1  0.00000000E+00  0.00000000E+00
     124  0.103680E+06  0.148800E+03
          1  0.00000000E+00  0.00000000E+00
     125  0.103680E+06  0.150000E+03
          1  0.00000000E+00  0.00000000E+00
     126  0.103680E+06  0.151200E+03
          1  0.00000000E+00  0.00000000E+00
     127  0.103680E+06  0.152400E+03
          1  0.00000000E+00  0.00000000E+00
     128  0.103680E+06  0.153600E+03
          1  0.00000000E+00  0.00000000E+00
     129  0.103680E+06  0.154800E+03
          1  0.00000000E+00  0.00000000E+00
     130  0.103680E+06  0.156000E+03
          1  0.00000000E+00  0.00000000E+00
     131  0.103680E+06  0.157200E+03
          1  0.00000000E+00  0.00000000E+00
     132  0.103680E+06  0.158400E+03
          1  0.00000000E+00  0.00000000E+00
     133  0.103680E+06  0.159600E+03
          1  0.00000000E+00  0.00000000E+00
     134  0.103680E+06  0.160800E+03
          1  0.00000000E+00  0.00000000E+00
     135  0.103680E+06  0.162000E+03
          1  0.00000000E+00  0.00000000E+00
     136  0.103680E+06  0.163200E+03
          1  0.00000000E+00  0.00000000E+00
     137  0.103680E+06  0.164400E+03
          1  0.00000000E+00  0.00000000E+00
     138  0.103680E+06  0.165600E+03
          1  0.00000000E+00  0.00000000E+00
     139  0.103680E+06  0.166800E+03
          1  0.00000000E+00  0.00000000E+00
     140  0.103680E+06  0.168000E+03
          1  0.00000000E+00  0.00000000E+00
     141  0.103680E+06  0.169200E+03
          1  0.00000000E+00  0.00000000E+00
     142  0.103680E+06  0.170400E+03
          1  0.00000000E+00  0.00000000E+00
     143  0.103680E+06  0.171600E+03
          1  0.00000000E+00  0.00000000E+00
     144  0.103680E+06  0.172800E+03
          1  0.00000000E+00  0.00000000E+00
     145  0.103680E+06  0.174000E+03
          1  0.00000000E+00  0.00000000E+00
     146  0.103680E+06  0.175200E+03
          1  0.00000000E+00  0.00000000E+00
     147  0.103680E+06  0.176400E+03
          1  0.00000000E+00  0.00000000E+00
     148  0.103680E+06  0.177600E+03
          1  0.00000000E+00  0.00000000E+00
     149  0.103680E+06  0.178800E+03
          1  0.00000000E+00  0.00000000E+00
     150  0.103680E+06  0.180000E+03
          1  0.00000000E+00  0.00000000E+00
     151  0.103680E+06  0.181200E+03
          1  0.00000000E+00  0.00000000E+00
     152  0.103680E+06  0.182400E+03
          1  0.00000000E+00  0.00000000E+00
     153  0.103680E+06  0.183600E+03
          1  0.00000000E+00  0.00000000E+00
     154  0.103680E+06  0.184800E+03
          1  0.00000000E+00  0.00000000E+00
     155  0.103680E+06  0.186000E+03
          1  0.00000000E+00  0.00000000E+00
     156  0.103680E+06  0.187200E+03
          1  0.00000000E+00  0.00000000E+00
     157  0.103680E+06  0.188400E+03
          1  0.00000000E+00  0.00000000E+00
     158  0.103680E+06  0.189600E+03
          1  0.00000000E+00  0.00000000E+00
     159  0.103680E+06  0.190800E+03
          1  0.00000000E+00  0.00000000E+00
     160  0.103680E+06  0.192000E+03
          1  0.00000000E+00  0.00000000E+00
     161  0.103680E+06  0.193200E+03
          1  0.00000000E+00  0.00000000E+00
     162  0.103680E+06  0.194400E+03
          1  0.00000000E+00  0.00000000E+00
     163  0.103680E+06  0.195600E+03
          1  0.00000000E+00  0.00000000E+00
     164  0.103680E+06  0.196800E+03
          1  0.00000000E+00  0.00000000E+00
     165  0.103680E+06  0.198000E+03
          1  0.00000000E+00  0.00000000E+00
     166  0.103680E+06  0.199200E+03
          1  0.00000000E+00  0.00000000E+00
     167  0.103680E+06  0.200400E+03
          1  0.00000000E+00  0.00000000E+00
     168  0.103680E+06  0.201600E+03
          1  0.00000000E+00  0.00000000E+00
     169  0.103680E+06  0.202800E+03
          1  0.00000000E+00  0.00000000E+00
     170  0.103680E+06  0.204000E+03
          1  0.00000000E+00  0.00000000E+00
     171  0.103680E+06  0.205200E+03
          1  0.00000000E+00  0.00000000E+00
     172  0.103680E+06  0.206400E+03
          1  0.00000000E+00  0.00000000E+00
     173  0.103680E+06  0.207600E+03
          1  0.00000000E+00  0.00000000E+00
     174  0.103680E+06  0.208800E+03
          1  0.00000000E+00  0.00000000E+00
     175  0.103680E+06  0.210000E+03
          1  0.00000000E+00  0.00000000E+00
     176  0.103680E+06  0.211200E+03
          1  0.00000000E+00  0.00000000E+00
     177  0.103680E+06  0.212400E+03
          1  0.00000000E+00  0.00000000E+00
     178  0.103680E+06  0.213600E+03
          1  0.00000000E+00  0.00000000E+00
     179  0.103680E+06  0.214800E+03
          1  0.00000000E+00  0.00000000E+00
     180  0.103680E+06  0.216000E+03
          1  0.00000000E+00  0.00000000E+00
     181  0.103680E+06  0.217200E+03
          1  0.00000000E+00  0.00000000E+00
     182  0.103680E+06  0.218400E+03
          1  0.00000000E+00  0.00000000E+00
     183  0.103680E+06  0.219600E+03
          1  0.00000000E+00  0.00000000E+00
     184  0.103680E+06  0.220800E+03
          1  0.00000000E+00  0.00000000E+00
     185  0.103680E+06  0.222000E+03
          1  0.00000000E+00  0.00000000E+00
     186  0.103680E+06  0.223200E+03
          1  0.00000000E+00  0.00000000E+00
     187  0.103680E+06  0.224400E+03
          1  0.00000000E+00  0.00000000E+00
     188  0.103680E+06  0.225600E+03
          1  0.00000000E+00  0.00000000E+00
     189  0.103680E+06  0.226800E+03
          1  0.00000000E+00  0.00000000E+00
     190  0.103680E+06  0.228000E+03
          1  0.00000000E+00  0.00000000E+00
     191  0.103680E+06  0.229200E+03
          1  0.00000000E+00  0.00000000E+00
     192  0.103680E+06  0.230400E+03
          1  0.00000000E+00  0.00000000E+00
     193  0.103680E+06  0.231600E+03
          1  0.00000000E+00  0.00000000E+00
     194  0.103680E+06  0.232800E+03
          1  0.00000000E+00  0.00000000E+00
     195  0.103680E+06  0.234000E+03
          1  0.00000000E+00  0.00000000E+00
     196  0.103680E+06  0.235200E+03
          1  0.00000000E+00  0.00000000E+00
     197  0.103680E+06  0.236400E+03
          1  0.00000000E+00  0.00000000E+00
     198  0.103680E+06  0.237600E+03
          1  0.00000000E+00  0.00000000E+00
     199  0.103680E+06  0.238800E+03
          1  0.00000000E+00  0.00000000E+00
     200  0.103680E+06  0.240000E+03
          1  0.00000000E+00  0.00000000E+00
     201  0.103680E+06  0.241200E+03
          1  0.00000000E+00  0.00000000E+00
     202  0.103680E+06  0.242400E+03
          1  0.00000000E+00  0.00000000E+00
     203  0.103680E+06  0.243600E+03
          1  0.00000000E+00  0.00000000E+00
     204  0.103680E+06  0.244800E+03
          1  0.00000000E+00  0.00000000E+00
     205  0.103680E+06  0.246000E+03
          1  0.00000000E+00  0.00000000E+00
     206  0.103680E+06  0.247200E+03
          1  0.00000000E+00  0.00000000E+00
     207  0.103680E+06  0.248400E+03
          1  0.00000000E+00  0.00000000E+00
     208  0.103680E+06  0.249600E+03
          1  0.00000000E+00  0.00000000E+00
     209  0.103680E+06  0.250800E+03
          1  0.00000000E+00  0.00000000E+00
     210  0.103680E+06  0.252000E+03
          1  0.00000000E+00  0.00000000E+00
     211  0.103680E+06  0.253200E+03
          1  0.00000000E+00  0.00000000E+00
     212  0.103680E+06  0.254400E+03
          1  0.00000000E+00  0.00000000E+00
     213  0.103680E+06  0.255600E+03
          1  0.00000000E+00  0.00000000E+00
     214  0.103680E+06  0.256800E+03
          1  0.00000000E+00  0.00000000E+00
     215  0.103680E+06  0.258000E+03
          1  0.00000000E+00  0.00000000E+00
     216  0.103680E+06  0.259200E+03
          1  0.00000000E+00  0.00000000E+00
     217  0.103680E+06  0.260400E+03
          1  0.00000000E+00  0.00000000E+00
     218  0.103680E+06  0.261600E+03
          1  0.00000000E+00  0.00000000E+00
     219  0.103680E+06  0.262800E+03
          1  0.00000000E+00  0.00000000E+00
     220  0.103680E+06  0.264000E+03
          1  0.00000000E+00  0.00000000E+00
     221  0.103680E+06  0.265200E+03
          1  0.00000000E+00  0.00000000E+00
     222  0.103680E+06  0.266400E+03
          1  0.00000000E+00  0.00000000E+00
     223  0.103680E+06  0.267600E+03
          1  0.00000000E+00  0.00000000E+00
     224  0.103680E+06  0.268800E+03
          1  0.00000000E+00  0.00000000E+00
     225  0.103680E+06  0.270000E+03
          1  0.00000000E+00  0.00000000E+00
     226  0.103680E+06  0.271200E+03
          1  0.00000000E+00  0.00000000E+00
     227  0.103680E+06  0.272400E+03
          1  0.00000000E+00  0.00000000E+00
     228  0.103680E+06  0.273600E+03
          1  0.00000000E+00  0.00000000E+00
     229  0.103680E+06  0.274800E+03
          1  0.00000000E+00  0.00000000E+00
     230  0.103680E+06  0.276000E+03
          1  0.00000000E+00  0.00000000E+00
     231  0.103680E+06  0.277200E+03
          1  0.00000000E+00  0.00000000E+00
     232  0.103680E+06  0.278400E+03
          1  0.00000000E+00  0.00000000E+00
     233  0.103680E+06  0.279600E+03
          1  0.00000000E+00  0.00000000E+00
     234  0.103680E+06  0.280800E+03
          1  0.00000000E+00  0.00000000E+00
     235  0.103680E+06  0.282000E+03
          1  0.00000000E+00  0.00000000E+00
     236  0.103680E+06  0.283200E+03
          1  0.00000000E+00  0.00000000E+00
     237  0.103680E+06  0.284400E+03
          1  0.00000000E+00  0.00000000E+00
     238  0.103680E+06  0.285600E+03
          1  0.00000000E+00  0.00000000E+00
     239  0.103680E+06  0.286800E+03
          1  0.00000000E+00  0.00000000E+00
     240  0.103680E+06  0.288000E+03
          1  0.00000000E+00  0.00000000E+00
     241  0.103680E+06  0.289200E+03
          1  0.00000000E+00  0.00000000E+00
     242  0.103680E+06  0.290400E+03
          1  0.00000000E+00  0.00000000E+00
     243  0.103680E+06  0.291600E+03
          1  0.00000000E+00  0.00000000E+00
     244  0.103680E+06  0.292800E+03
          1  0.00000000E+00  0.00000000E+00
     245  0.103680E+06  0.294000E+03
          1  0.00000000E+00  0.00000000E+00
     246  0.103680E+06  0.295200E+03
          1  0.00000000E+00  0.00000000E+00
     247  0.103680E+06  0.296400E+03
          1  0.00000000E+00  0.00000000E+00
     248  0.103680E+06  0.297600E+03
          1  0.00000000E+00  0.00000000E+00
     249  0.103680E+06  0.298800E+03
          1  0.00000000E+00  0.00000000E+00
     250  0.103680E+06  0.300000E+03
          1  0.00000000E+00  0.00000000E+00
     251  0.103680E+06  0.301200E+03
          1  0.00000000E+00  0.00000000E+00
     252  0.103680E+06  0.302400E+03
          1  0.00000000E+00  0.00000000E+00
     253  0.103680E+06  0.303600E+03
          1  0.00000000E+00  0.00000000E+00
     254  0.103680E+06  0.304800E+03
          1  0.00000000E+00  0.00000000E+00
     255  0.103680E+06  0.306000E+03
          1  0.00000000E+00  0.00000000E+00
     256  0.103680E+06  0.307200E+03
          1  0.00000000E+00  0.00000000E+00
     257  0.103680E+06  0.308400E+03
          1  0.00000000E+00  0.00000000E+00
     258  0.103680E+06  0.309600E+03
          1  0.00000000E+00  0.00000000E+00
     259  0.103680E+06  0.310800E+03
          1  0.00000000E+00  0.00000000E+00
     260  0.103680E+06  0.312000E+03
          1  0.00000000E+00  0.00000000E+00
     261  0.103680E+06  0.313200E+03
          1  0.00000000E+00  0.00000000E+00
     262  0.103680E+06  0.314400E+03
          1  0.00000000E+00  0.00000000E+00
     263  0.103680E+06  0.315600E+03
          1  0.00000000E+00  0.00000000E+00
     264  0.103680E+06  0.316800E+03
          1  0.00000000E+00  0.00000000E+00
     265  0.103680E+06  0.318000E+03
          1  0.00000000E+00  0.00000000E+00
     266  0.103680E+06  0.319200E+03
          1  0.00000000E+00  0.00000000E+00
     267  0.103680E+06  0.320400E+03
          1  0.00000000E+00  0.00000000E+00
     268  0.103680E+06  0.321600E+03
          1  0.00000000E+00  0.00000000E+00
     269  0.103680E+06  0.322800E+03
          1  0.00000000E+00  0.00000000E+00
     270  0.103680E+06  0.324000E+03
          1  0.00000000E+00  0.00000000E+00
     271  0.103680E+06  0.325200E+03
          1  0.00000000E+00  0.00000000E+00
     272  0.103680E+06  0.326400E+03
          1  0.00000000E+00  0.00000000E+00
     273  0.103680E+06  0.327600E+03
          1  0.00000000E+00  0.00000000E+00
     274  0.103680E+06  0.328800E+03
          1  0.00000000E+00  0.00000000E+00
     275  0.103680E+06  0.330000E+03
          1  0.00000000E+00  0.00000000E+00
     276  0.103680E+06  0.331200E+03
          1  0.00000000E+00  0.00000000E+00
     277  0.103680E+06  0.332400E+03
          1  0.00000000E+00  0.00000000E+00
     278  0.103680E+06  0.333600E+03
          1  0.00000000E+00  0.00000000E+00
     279  0.103680E+06  0.334800E+03
          1  0.00000000E+00  0.00000000E+00
     280  0.103680E+06  0.336000E+03
          1  0.00000000E+00  0.00000000E+00
     281  0.103680E+06  0.337200E+03
          1  0.00000000E+00  0.00000000E+00
     282  0.103680E+06  0.338400E+03
          1  0.00000000E+00  0.00000000E+00
     283  0.103680E+06  0.339600E+03
          1  0.00000000E+00  0.00000000E+00
     284  0.103680E+06  0.340800E+03
          1  0.00000000E+00  0.00000000E+00
     285  0.103680E+06  0.342000E+03
          1  0.00000000E+00  0.00000000E+00
     286  0.103680E+06  0.343200E+03
          1  0.00000000E+00  0.00000000E+00
     287  0.103680E+06  0.344400E+03
          1  0.00000000E+00  0.00000000E+00
     288  0.103680E+06  0.345600E+03
          1  0.00000000E+00  0.00000000E+00
     289  0.103680E+06  0.346800E+03
          1  0.00000000E+00  0.00000000E+00
     290  0.103680E+06  0.348000E+03
          1  0.00000000E+00  0.00000000E+00
     291  0.103680E+06  0.349200E+03
          1  0.00000000E+00  0.00000000E+00
     292  0.103680E+06  0.350400E+03
          1  0.00000000E+00  0.00000000E+00
     293  0.103680E+06  0.351600E+03
          1  0.00000000E+00  0.00000000E+00
     294  0.103680E+06  0.352800E+03
          1  0.00000000E+00  0.00000000E+00
     295  0.103680E+06  0.354000E+03
          1  0.00000000E+00  0.00000000E+00
     296  0.103680E+06  0.355200E+03
          1  0.00000000E+00  0.00000000E+00
     297  0.103680E+06  0.356400E+03
          1  0.00000000E+00  0.00000000E+00
     298  0.103680E+06  0.357600E+03
          1  0.00000000E+00  0.00000000E+00
     299  0.103680E+06  0.358800E+03
          1  0.00000000E+00  0.00000000E+00
     300  0.103680E+06  0.360000E+03
          1  0.00000000E+00  0.00000000E+00
     301  0.103680E+06  0.361200E+03
          1  0.00000000E+00  0.00000000E+00
     302  0.103680E+06  0.362400E+03
          1  0.00000000E+00  0.00000000E+00
     303  0.103680E+06  0.363600E+03
          1  0.00000000E+00  0.00000000E+00
     304  0.103680E+06  0.364800E+03
          1  0.00000000E+00  0.00000000E+00
     305  0.103680E+06  0.366000E+03
          1  0.00000000E+00  0.00000000E+00
     306  0.103680E+06  0.367200E+03
          1  0.00000000E+00  0.00000000E+00
     307  0.103680E+06  0.368400E+03
          1  0.00000000E+00  0.00000000E+00
     308  0.103680E+06  0.369600E+03
          1  0.00000000E+00  0.00000000E+00
     309  0.103680E+06  0.370800E+03
          1  0.00000000E+00  0.00000000E+00
     310  0.103680E+06  0.372000E+03
          1  0.00000000E+00  0.00000000E+00
     311  0.103680E+06  0.373200E+03
          1  0.00000000E+00  0.00000000E+00
     312  0.103680E+06  0.374400E+03
          1  0.00000000E+00  0.00000000E+00
     313  0.103680E+06  0.375600E+03
          1  0.00000000E+00  0.00000000E+00
     314  0.103680E+06  0.376800E+03
          1  0.00000000E+00  0.00000000E+00
     315  0.103680E+06  0.378000E+03
          1  0.00000000E+00  0.00000000E+00
     316  0.103680E+06  0.379200E+03
          1  0.00000000E+00  0.00000000E+00
     317  0.103680E+06  0.380400E+03
          1  0.00000000E+00  0.00000000E+00
     318  0.103680E+06  0.381600E+03
          1  0.00000000E+00  0.00000000E+00
     319  0.103680E+06  0.382800E+03
          1  0.00000000E+00  0.00000000E+00
     320  0.103680E+06  0.384000E+03
          1  0.00000000E+00  0.00000000E+00
     321  0.103680E+06  0.385200E+03
          1  0.00000000E+00  0.00000000E+00
     322  0.103680E+06  0.386400E+03
          1  0.00000000E+00  0.00000000E+00
     323  0.103680E+06  0.387600E+03
          1  0.00000000E+00  0.00000000E+00
     324  0.103680E+06  0.388800E+03
          1  0.00000000E+00  0.00000000E+00
     325  0.103680E+06  0.390000E+03
          1  0.00000000E+00  0.00000000E+00
     326  0.103680E+06  0.391200E+03
          1  0.00000000E+00  0.00000000E+00
     327  0.103680E+06  0.392400E+03
          1  0.00000000E+00  0.00000000E+00
     328  0.103680E+06  0.393600E+03
          1  0.00000000E+00  0.00000000E+00
     329  0.103680E+06  0.394800E+03
          1  0.00000000E+00  0.00000000E+00
     330  0.103680E+06  0.396000E+03
          1  0.00000000E+00  0.00000000E+00
     331  0.103680E+06  0.397200E+03
          1  0.00000000E+00  0.00000000E+00
     332  0.103680E+06  0.398400E+03
          1  0.00000000E+00  0.00000000E+00
     333  0.103680E+06  0.399600E+03
          1  0.00000000E+00  0.00000000E+00
     334  0.103680E+06  0.400800E+03
          1  0.00000000E+00  0.00000000E+00
     335  0.103680E+06  0.402000E+03
          1  0.00000000E+00  0.00000000E+00
     336  0.103680E+06  0.403200E+03
          1  0.00000000E+00  0.00000000E+00
     337  0.103680E+06  0.404400E+03
          1  0.00000000E+00  0.00000000E+00
     338  0.103680E+06  0.405600E+03
          1  0.00000000E+00  0.00000000E+00
     339  0.103680E+06  0.406800E+03
          1  0.00000000E+00  0.00000000E+00
     340  0.103680E+06  0.408000E+03
          1  0.00000000E+00  0.00000000E+00
     341  0.103680E+06  0.409200E+03
          1  0.00000000E+00  0.00000000E+00
     342  0.103680E+06  0.410400E+03
          1  0.00000000E+00  0.00000000E+00
     343  0.103680E+06  0.411600E+03
          1  0.00000000E+00  0.00000000E+00
     344  0.103680E+06  0.412800E+03
          1  0.00000000E+00  0.00000000E+00
     345  0.103680E+06  0.414000E+03
          1  0.00000000E+00  0.00000000E+00
     346  0.103680E+06  0.415200E+03
          1  0.00000000E+00  0.00000000E+00
     347  0.103680E+06  0.416400E+03
          1  0.00000000E+00  0.00000000E+00
     348  0.103680E+06  0.417600E+03
          1  0.00000000E+00  0.00000000E+00
     349  0.103680E+06  0.418800E+03
          1  0.00000000E+00  0.00000000E+00
     350  0.103680E+06  0.420000E+03
          1  0.00000000E+00  0.00000000E+00
     351  0.103680E+06  0.421200E+03
          1  0.00000000E+00  0.00000000E+00
     352  0.103680E+06  0.422400E+03
          1  0.00000000E+00  0.00000000E+00
     353  0.103680E+06  0.423600E+03
          1  0.00000000E+00  0.00000000E+00
     354  0.103680E+06  0.424800E+03
          1  0.00000000E+00  0.00000000E+00
     355  0.103680E+06  0.426000E+03
          1  0.00000000E+00  0.00000000E+00
     356  0.103680E+06  0.427200E+03
          1  0.00000000E+00  0.00000000E+00
     357  0.103680E+06  0.428400E+03
          1  0.00000000E+00  0.00000000E+00
     358  0.103680E+06  0.429600E+03
          1  0.00000000E+00  0.00000000E+00
     359  0.103680E+06  0.430800E+03
          1  0.00000000E+00  0.00000000E+00
     360  0.103680E+06  0.432000E+03
          1  0.00000000E+00  0.00000000E+00
     361  0.103680E+06  0.433200E+03
          1  0.00000000E+00  0.00000000E+00
     362  0.103680E+06  0.434400E+03
          1  0.00000000E+00  0.00000000E+00
     363  0.103680E+06  0.435600E+03
          1  0.00000000E+00  0.00000000E+00
     364  0.103680E+06  0.436800E+03
          1  0.00000000E+00  0.00000000E+00
     365  0.103680E+06  0.438000E+03
          1  0.00000000E+00  0.00000000E+00
     366  0.103680E+06  0.439200E+03
          1  0.00000000E+00  0.00000000E+00
     367  0.103680E+06  0.440400E+03
          1  0.00000000E+00  0.00000000E+00
     368  0.103680E+06  0.441600E+03
          1  0.00000000E+00  0.00000000E+00
     369  0.103680E+06  0.442800E+03
          1  0.00000000E+00  0.00000000E+00
     370  0.103680E+06  0.444000E+03
          1  0.00000000E+00  0.00000000E+00
     371  0.103680E+06  0.445200E+03
          1  0.00000000E+00  0.00000000E+00
     372  0.103680E+06  0.446400E+03
          1  0.00000000E+00  0.00000000E+00
     373  0.103680E+06  0.447600E+03
          1  0.00000000E+00  0.00000000E+00
     374  0.103680E+06  0.448800E+03
          1  0.00000000E+00  0.00000000E+00
     375  0.103680E+06  0.450000E+03
          1  0.00000000E+00  0.00000000E+00
     376  0.103680E+06  0.451200E+03
          1  0.00000000E+00  0.00000000E+00
     377  0.103680E+06  0.452400E+03
          1  0.00000000E+00  0.00000000E+00
     378  0.103680E+06  0.453600E+03
          1  0.00000000E+00  0.00000000E+00
     379  0.103680E+06  0.454800E+03
          1  0.00000000E+00  0.00000000E+00
     380  0.103680E+06  0.456000E+03
          1  0.00000000E+00  0.00000000E+00
     381  0.103680E+06  0.457200E+03
          1  0.00000000E+00  0.00000000E+00
     382  0.103680E+06  0.458400E+03
          1  0.00000000E+00  0.00000000E+00
     383  0.103680E+06  0.459600E+03
          1  0.00000000E+00  0.00000000E+00
     384  0.103680E+06  0.460800E+03
          1  0.00000000E+00  0.00000000E+00
     385  0.103680E+06  0.462000E+03
          1  0.00000000E+00  0.00000000E+00
     386  0.103680E+06  0.463200E+03
          1  0.00000000E+00  0.00000000E+00
     387  0.103680E+06  0.464400E+03
          1  0.00000000E+00  0.00000000E+00
     388  0.103680E+06  0.465600E+03
          1  0.00000000E+00  0.00000000E+00
     389  0.103680E+06  0.466800E+03
          1  0.00000000E+00  0.00000000E+00
     390  0.103680E+06  0.468000E+03
          1  0.00000000E+00  0.00000000E+00
     391  0.103680E+06  0.469200E+03
          1  0.00000000E+00  0.00000000E+00
     392  0.103680E+06  0.470400E+03
          1  0.00000000E+00  0.00000000E+00
     393  0.103680E+06  0.471600E+03
          1  0.00000000E+00  0.00000000E+00
     394  0.103680E+06  0.472800E+03
          1  0.00000000E+00  0.00000000E+00
     395  0.103680E+06  0.474000E+03
          1  0.00000000E+00  0.00000000E+00
     396  0.103680E+06  0.475200E+03
          1  0.00000000E+00  0.00000000E+00
     397  0.103680E+06  0.476400E+03
          1  0.00000000E+00  0.00000000E+00
     398  0.103680E+06  0.477600E+03
          1  0.00000000E+00  0.00000000E+00
     399  0.103680E+06  0.478800E+03
          1  0.00000000E+00  0.00000000E+00
     400  0.103680E+06  0.480000E+03
          1  0.00000000E+00  0.00000000E+00
     401  0.103680E+06  0.481200E+03
          1  0.00000000E+00  0.00000000E+00
     402  0.103680E+06  0.482400E+03
          1  0.00000000E+00  0.00000000E+00
     403  0.103680E+06  0.483600E+03
          1  0.00000000E+00  0.00000000E+00
     404  0.103680E+06  0.484800E+03
          1  0.00000000E+00  0.00000000E+00
     405  0.103680E+06  0.486000E+03
          1  0.00000000E+00  0.00000000E+00
     406  0.103680E+06  0.487200E+03
          1  0.00000000E+00  0.00000000E+00
     407  0.103680E+06  0.488400E+03
          1  0.00000000E+00  0.00000000E+00
     408  0.103680E+06  0.489600E+03
          1  0.00000000E+00  0.00000000E+00
     409  0.103680E+06  0.490800E+03
          1  0.00000000E+00  0.00000000E+00
     410  0.103680E+06  0.492000E+03
          1  0.00000000E+00  0.00000000E+00
     411  0.103680E+06  0.493200E+03
          1  0.00000000E+00  0.00000000E+00
     412  0.103680E+06  0.494400E+03
          1  0.00000000E+00  0.00000000E+00
     413  0.103680E+06  0.495600E+03
          1  0.00000000E+00  0.00000000E+00
     414  0.103680E+06  0.496800E+03
          1  0.00000000E+00  0.00000000E+00
     415  0.103680E+06  0.498000E+03
          1  0.00000000E+00  0.00000000E+00
     416  0.103680E+06  0.499200E+03
          1  0.00000000E+00  0.00000000E+00
     417  0.103680E+06  0.500400E+03
          1  0.00000000E+00  0.00000000E+00
     418  0.103680E+06  0.501600E+03
          1  0.00000000E+00  0.00000000E+00
     419  0.103680E+06  0.502800E+03
          1  0.00000000E+00  0.00000000E+00
     420  0.103680E+06  0.504000E+03
          1  0.00000000E+00  0.00000000E+00
     421  0.103680E+06  0.505200E+03
          1  0.00000000E+00  0.00000000E+00
     422  0.103680E+06  0.506400E+03
          1  0.00000000E+00  0.00000000E+00
     423  0.103680E+06  0.507600E+03
          1  0.00000000E+00  0.00000000E+00
     424  0.103680E+06  0.508800E+03
          1  0.00000000E+00  0.00000000E+00
     425  0.103680E+06  0.510000E+03
          1  0.00000000E+00  0.00000000E+00
     426  0.103680E+06  0.511200E+03
          1  0.00000000E+00  0.00000000E+00
     427  0.103680E+06  0.512400E+03
          1  0.00000000E+00  0.00000000E+00
     428  0.103680E+06  0.513600E+03
          1  0.00000000E+00  0.00000000E+00
     429  0.103680E+06  0.514800E+03
          1  0.00000000E+00  0.00000000E+00
     430  0.103680E+06  0.516000E+03
          1  0.00000000E+00  0.00000000E+00
     431  0.103680E+06  0.517200E+03
          1  0.00000000E+00  0.00000000E+00
     432  0.103680E+06  0.518400E+03
          1  0.00000000E+00  0.00000000E+00
     433  0.103680E+06  0.519600E+03
          1  0.00000000E+00  0.00000000E+00
     434  0.103680E+06  0.520800E+03
          1  0.00000000E+00  0.00000000E+00
     435  0.103680E+06  0.522000E+03
          1  0.00000000E+00  0.00000000E+00
     436  0.103680E+06  0.523200E+03
          1  0.00000000E+00  0.00000000E+00
     437  0.103680E+06  0.524400E+03
          1  0.00000000E+00  0.00000000E+00
     438  0.103680E+06  0.525600E+03
          1  0.00000000E+00  0.00000000E+00
     439  0.103680E+06  0.526800E+03
          1  0.00000000E+00  0.00000000E+00
     440  0.103680E+06  0.528000E+03
          1  0.00000000E+00  0.00000000E+00
     441  0.103680E+06  0.529200E+03
          1  0.00000000E+00  0.00000000E+00
     442  0.103680E+06  0.530400E+03
          1  0.00000000E+00  0.00000000E+00
     443  0.103680E+06  0.531600E+03
          1  0.00000000E+00  0.00000000E+00
     444  0.103680E+06  0.532800E+03
          1  0.00000000E+00  0.00000000E+00
     445  0.103680E+06  0.534000E+03
          1  0.00000000E+00  0.00000000E+00
     446  0.103680E+06  0.535200E+03
          1  0.00000000E+00  0.00000000E+00
     447  0.103680E+06  0.536400E+03
          1  0.00000000E+00  0.00000000E+00
     448  0.103680E+06  0.537600E+03
          1  0.00000000E+00  0.00000000E+00
     449  0.103680E+06  0.538800E+03
          1  0.00000000E+00  0.00000000E+00
     450  0.103680E+06  0.540000E+03
          1  0.00000000E+00  0.00000000E+00
     451  0.103680E+06  0.541200E+03
          1  0.00000000E+00  0.00000000E+00
     452  0.103680E+06  0.542400E+03
          1  0.00000000E+00  0.00000000E+00
     453  0.103680E+06  0.543600E+03
          1  0.00000000E+00  0.00000000E+00
     454  0.103680E+06  0.544800E+03
          1  0.00000000E+00  0.00000000E+00
     455  0.103680E+06  0.546000E+03
          1  0.00000000E+00  0.00000000E+00
     456  0.103680E+06  0.547200E+03
          1  0.00000000E+00  0.00000000E+00
     457  0.103680E+06  0.548400E+03
          1  0.00000000E+00  0.00000000E+00
     458  0.103680E+06  0.549600E+03
          1  0.00000000E+00  0.00000000E+00
     459  0.103680E+06  0.550800E+03
          1  0.00000000E+00  0.00000000E+00
     460  0.103680E+06  0.552000E+03
          1  0.00000000E+00  0.00000000E+00
     461  0.103680E+06  0.553200E+03
          1  0.00000000E+00  0.00000000E+00
     462  0.103680E+06  0.554400E+03
          1  0.00000000E+00  0.00000000E+00
     463  0.103680E+06  0.555600E+03
          1  0.00000000E+00  0.00000000E+00
     464  0.103680E+06  0.556800E+03
          1  0.00000000E+00  0.00000000E+00
     465  0.103680E+06  0.558000E+03
          1  0.00000000E+00  0.00000000E+00
     466  0.103680E+06  0.559200E+03
          1  0.00000000E+00  0.00000000E+00
     467  0.103680E+06  0.560400E+03
          1  0.00000000E+00  0.00000000E+00
     468  0.103680E+06  0.561600E+03
          1  0.00000000E+00  0.00000000E+00
     469  0.103680E+06  0.562800E+03
          1  0.00000000E+00  0.00000000E+00
     470  0.103680E+06  0.564000E+03
          1  0.00000000E+00  0.00000000E+00
     471  0.103680E+06  0.565200E+03
          1  0.00000000E+00  0.00000000E+00
     472  0.103680E+06  0.566400E+03
          1  0.00000000E+00  0.00000000E+00
     473  0.103680E+06  0.567600E+03
          1  0.00000000E+00  0.00000000E+00
     474  0.103680E+06  0.568800E+03
          1  0.00000000E+00  0.00000000E+00
     475  0.103680E+06  0.570000E+03
          1  0.00000000E+00  0.00000000E+00
     476  0.103680E+06  0.571200E+03
          1  0.00000000E+00  0.00000000E+00
     477  0.103680E+06  0.572400E+03
          1  0.00000000E+00  0.00000000E+00
     478  0.103680E+06  0.573600E+03
          1  0.00000000E+00  0.00000000E+00
     479  0.103680E+06  0.574800E+03
          1  0.00000000E+00  0.00000000E+00
     480  0.103680E+06  0.576000E+03
          1  0.00000000E+00  0.00000000E+00
     481  0.103680E+06  0.577200E+03
          1  0.00000000E+00  0.00000000E+00
     482  0.103680E+06  0.578400E+03
          1  0.00000000E+00  0.00000000E+00
     483  0.103680E+06  0.579600E+03
          1  0.00000000E+00  0.00000000E+00
     484  0.103680E+06  0.580800E+03
          1  0.00000000E+00  0.00000000E+00
     485  0.103680E+06  0.582000E+03
          1  0.00000000E+00  0.00000000E+00
     486  0.103680E+06  0.583200E+03
          1  0.00000000E+00  0.00000000E+00
     487  0.103680E+06  0.584400E+03
          1  0.00000000E+00  0.00000000E+00
     488  0.103680E+06  0.585600E+03
          1  0.00000000E+00  0.00000000E+00
     489  0.103680E+06  0.586800E+03
          1  0.00000000E+00  0.00000000E+00
     490  0.103680E+06  0.588000E+03
          1  0.00000000E+00  0.00000000E+00
     491  0.103680E+06  0.589200E+03
          1  0.00000000E+00  0.00000000E+00
     492  0.103680E+06  0.590400E+03
          1  0.00000000E+00  0.00000000E+00
     493  0.103680E+06  0.591600E+03
          1  0.00000000E+00  0.00000000E+00
     494  0.103680E+06  0.592800E+03
          1  0.00000000E+00  0.00000000E+00
     495  0.103680E+06  0.594000E+03
          1  0.00000000E+00  0.00000000E+00
     496  0.103680E+06  0.595200E+03
          1  0.00000000E+00  0.00000000E+00
     497  0.103680E+06  0.596400E+03
          1  0.00000000E+00  0.00000000E+00
     498  0.103680E+06  0.597600E+03
          1  0.00000000E+00  0.00000000E+00
     499  0.103680E+06  0.598800E+03
          1  0.00000000E+00  0.00000000E+00
     500  0.103680E+06  0.600000E+03
          1  0.00000000E+00  0.00000000E+00
     501  0.103680E+06  0.601200E+03
          1  0.00000000E+00  0.00000000E+00
     502  0.103680E+06  0.602400E+03
          1  0.00000000E+00  0.00000000E+00
     503  0.103680E+06  0.603600E+03
          1  0.00000000E+00  0.00000000E+00
     504  0.103680E+06  0.604800E+03
          1  0.00000000E+00  0.00000000E+00
     505  0.103680E+06  0.606000E+03
          1  0.00000000E+00  0.00000000E+00
     506  0.103680E+06  0.607200E+03
          1  0.00000000E+00  0.00000000E+00
     507  0.103680E+06  0.608400E+03
          1  0.00000000E+00  0.00000000E+00
     508  0.103680E+06  0.609600E+03
          1  0.00000000E+00  0.00000000E+00
     509  0.103680E+06  0.610800E+03
          1  0.00000000E+00  0.00000000E+00
     510  0.103680E+06  0.612000E+03
          1  0.00000000E+00  0.00000000E+00
     511  0.103680E+06  0.613200E+03
          1  0.00000000E+00  0.00000000E+00
     512  0.103680E+06  0.614400E+03
          1  0.00000000E+00  0.00000000E+00
     513  0.103680E+06  0.615600E+03
          1  0.00000000E+00  0.00000000E+00
     514  0.103680E+06  0.616800E+03
          1  0.00000000E+00  0.00000000E+00
     515  0.103680E+06  0.618000E+03
          1  0.00000000E+00  0.00000000E+00
     516  0.103680E+06  0.619200E+03
          1  0.00000000E+00  0.00000000E+00
     517  0.103680E+06  0.620400E+03
          1  0.00000000E+00  0.00000000E+00
     518  0.103680E+06  0.621600E+03
          1  0.00000000E+00  0.00000000E+00
     519  0.103680E+06  0.622800E+03
          1  0.00000000E+00  0.00000000E+00
     520  0.103680E+06  0.624000E+03
          1  0.00000000E+00  0.00000000E+00
     521  0.103680E+06  0.625200E+03
          1  0.00000000E+00  0.00000000E+00
     522  0.103680E+06  0.626400E+03
          1  0.00000000E+00  0.00000000E+00
     523  0.103680E+06  0.627600E+03
          1  0.00000000E+00  0.00000000E+00
     524  0.103680E+06  0.628800E+03
          1  0.00000000E+00  0.00000000E+00
     525  0.103680E+06  0.630000E+03
          1  0.00000000E+00  0.00000000E+00
     526  0.103680E+06  0.631200E+03
          1  0.00000000E+00  0.00000000E+00
     527  0.103680E+06  0.632400E+03
          1  0.00000000E+00  0.00000000E+00
     528  0.103680E+06  0.633600E+03
          1  0.00000000E+00  0.00000000E+00
     529  0.103680E+06  0.634800E+03
          1  0.00000000E+00  0.00000000E+00
     530  0.103680E+06  0.636000E+03
          1  0.00000000E+00  0.00000000E+00
     531  0.103680E+06  0.637200E+03
          1  0.00000000E+00  0.00000000E+00
     532  0.103680E+06  0.638400E+03
          1  0.00000000E+00  0.00000000E+00
     533  0.103680E+06  0.639600E+03
          1  0.00000000E+00  0.00000000E+00
     534  0.103680E+06  0.640800E+03
          1  0.00000000E+00  0.00000000E+00
     535  0.103680E+06  0.642000E+03
          1  0.00000000E+00  0.00000000E+00
     536  0.103680E+06  0.643200E+03
          1  0.00000000E+00  0.00000000E+00
     537  0.103680E+06  0.644400E+03
          1  0.00000000E+00  0.00000000E+00
     538  0.103680E+06  0.645600E+03
          1  0.00000000E+00  0.00000000E+00
     539  0.103680E+06  0.646800E+03
          1  0.00000000E+00  0.00000000E+00
     540  0.103680E+06  0.648000E+03
          1  0.00000000E+00  0.00000000E+00
     541  0.103680E+06  0.649200E+03
          1  0.00000000E+00  0.00000000E+00
     542  0.103680E+06  0.650400E+03
          1  0.00000000E+00  0.00000000E+00
     543  0.103680E+06  0.651600E+03
          1  0.00000000E+00  0.00000000E+00
     544  0.103680E+06  0.652800E+03
          1  0.00000000E+00  0.00000000E+00
     545  0.103680E+06  0.654000E+03
          1  0.00000000E+00  0.00000000E+00
     546  0.103680E+06  0.655200E+03
          1  0.00000000E+00  0.00000000E+00
     547  0.103680E+06  0.656400E+03
          1  0.00000000E+00  0.00000000E+00
     548  0.103680E+06  0.657600E+03
          1  0.00000000E+00  0.00000000E+00
     549  0.103680E+06  0.658800E+03
          1  0.00000000E+00  0.00000000E+00
     550  0.103680E+06  0.660000E+03
          1  0.00000000E+00  0.00000000E+00
     551  0.103680E+06  0.661200E+03
          1  0.00000000E+00  0.00000000E+00
     552  0.103680E+06  0.662400E+03
          1  0.00000000E+00  0.00000000E+00
     553  0.103680E+06  0.663600E+03
          1  0.00000000E+00  0.00000000E+00
     554  0.103680E+06  0.664800E+03
          1  0.00000000E+00  0.00000000E+00
     555  0.103680E+06  0.666000E+03
          1  0.00000000E+00  0.00000000E+00
     556  0.103680E+06  0.667200E+03
          1  0.00000000E+00  0.00000000E+00
     557  0.103680E+06  0.668400E+03
          1  0.00000000E+00  0.00000000E+00
     558  0.103680E+06  0.669600E+03
          1  0.00000000E+00  0.00000000E+00
     559  0.103680E+06  0.670800E+03
          1  0.00000000E+00  0.00000000E+00
     560  0.103680E+06  0.672000E+03
          1  0.00000000E+00  0.00000000E+00
     561  0.103680E+06  0.673200E+03
          1  0.00000000E+00  0.00000000E+00
     562  0.103680E+06  0.674400E+03
          1  0.00000000E+00  0.00000000E+00
     563  0.103680E+06  0.675600E+03
          1  0.00000000E+00  0.00000000E+00
     564  0.103680E+06  0.676800E+03
          1  0.00000000E+00  0.00000000E+00
     565  0.103680E+06  0.678000E+03
          1  0.00000000E+00  0.00000000E+00
     566  0.103680E+06  0.679200E+03
          1  0.00000000E+00  0.00000000E+00
     567  0.103680E+06  0.680400E+03
          1  0.00000000E+00  0.00000000E+00
     568  0.103680E+06  0.681600E+03
          1  0.00000000E+00  0.00000000E+00
     569  0.103680E+06  0.682800E+03
          1  0.00000000E+00  0.00000000E+00
     570  0.103680E+06  0.684000E+03
          1  0.00000000E+00  0.00000000E+00
     571  0.103680E+06  0.685200E+03
          1  0.00000000E+00  0.00000000E+00
     572  0.103680E+06  0.686400E+03
          1  0.00000000E+00  0.00000000E+00
     573  0.103680E+06  0.687600E+03
          1  0.00000000E+00  0.00000000E+00
     574  0.103680E+06  0.688800E+03
          1  0.00000000E+00  0.00000000E+00
     575  0.103680E+06  0.690000E+03
          1  0.00000000E+00  0.00000000E+00
     576  0.103680E+06  0.691200E+03
          1  0.00000000E+00  0.00000000E+00
     577  0.103680E+06  0.692400E+03
          1  0.00000000E+00  0.00000000E+00
     578  0.103680E+06  0.693600E+03
          1  0.00000000E+00  0.00000000E+00
     579  0.103680E+06  0.694800E+03
          1  0.00000000E+00  0.00000000E+00
     580  0.103680E+06  0.696000E+03
          1  0.00000000E+00  0.00000000E+00
     581  0.103680E+06  0.697200E+03
          1  0.00000000E+00  0.00000000E+00
     582  0.103680E+06  0.698400E+03
          1  0.00000000E+00  0.00000000E+00
     583  0.103680E+06  0.699600E+03
          1  0.00000000E+00  0.00000000E+00
     584  0.103680E+06  0.700800E+03
          1  0.00000000E+00  0.00000000E+00
     585  0.103680E+06  0.702000E+03
          1  0.00000000E+00  0.00000000E+00
     586  0.103680E+06  0.703200E+03
          1  0.00000000E+00  0.00000000E+00
     587  0.103680E+06  0.704400E+03
          1  0.00000000E+00  0.00000000E+00
     588  0.103680E+06  0.705600E+03
          1  0.00000000E+00  0.00000000E+00
     589  0.103680E+06  0.706800E+03
          1  0.00000000E+00  0.00000000E+00
     590  0.103680E+06  0.708000E+03
          1  0.00000000E+00  0.00000000E+00
     591  0.103680E+06  0.709200E+03
          1  0.00000000E+00  0.00000000E+00
     592  0.103680E+06  0.710400E+03
          1  0.00000000E+00  0.00000000E+00
     593  0.103680E+06  0.711600E+03
          1  0.00000000E+00  0.00000000E+00
     594  0.103680E+06  0.712800E+03
          1  0.00000000E+00  0.00000000E+00
     595  0.103680E+06  0.714000E+03
          1  0.00000000E+00  0.00000000E+00
     596  0.103680E+06  0.715200E+03
          1  0.00000000E+00  0.00000000E+00
     597  0.103680E+06  0.716400E+03
          1  0.00000000E+00  0.00000000E+00
     598  0.103680E+06  0.717600E+03
          1  0.00000000E+00  0.00000000E+00
     599  0.103680E+06  0.718800E+03
          1  0.00000000E+00  0.00000000E+00
     600  0.103680E+06  0.720000E+03
          1  0.00000000E+00  0.00000000E+00
     601  0.103680E+06  0.721200E+03
          1  0.00000000E+00  0.00000000E+00
     602  0.103680E+06  0.722400E+03
          1  0.00000000E+00  0.00000000E+00
     603  0.103680E+06  0.723600E+03
          1  0.00000000E+00  0.00000000E+00
     604  0.103680E+06  0.724800E+03
          1  0.00000000E+00  0.00000000E+00
     605  0.103680E+06  0.726000E+03
          1  0.00000000E+00  0.00000000E+00
     606  0.103680E+06  0.727200E+03
          1  0.00000000E+00  0.00000000E+00
     607  0.103680E+06  0.728400E+03
          1  0.00000000E+00  0.00000000E+00
     608  0.103680E+06  0.729600E+03
          1  0.00000000E+00  0.00000000E+00
     609  0.103680E+06  0.730800E+03
          1  0.00000000E+00  0.00000000E+00
     610  0.103680E+06  0.732000E+03
          1  0.00000000E+00  0.00000000E+00
     611  0.103680E+06  0.733200E+03
          1  0.00000000E+00  0.00000000E+00
     612  0.103680E+06  0.734400E+03
          1  0.00000000E+00  0.00000000E+00
     613  0.103680E+06  0.735600E+03
          1  0.00000000E+00  0.00000000E+00
     614  0.103680E+06  0.736800E+03
          1  0.00000000E+00  0.00000000E+00
     615  0.103680E+06  0.738000E+03
          1  0.00000000E+00  0.00000000E+00
     616  0.103680E+06  0.739200E+03
          1  0.00000000E+00  0.00000000E+00
     617  0.103680E+06  0.740400E+03
          1  0.00000000E+00  0.00000000E+00
     618  0.103680E+06  0.741600E+03
          1  0.00000000E+00  0.00000000E+00
     619  0.103680E+06  0.742800E+03
          1  0.00000000E+00  0.00000000E+00
     620  0.103680E+06  0.744000E+03
          1  0.00000000E+00  0.00000000E+00
     621  0.103680E+06  0.745200E+03
          1  0.00000000E+00  0.00000000E+00
     622  0.103680E+06  0.746400E+03
          1  0.00000000E+00  0.00000000E+00
     623  0.103680E+06  0.747600E+03
          1  0.00000000E+00  0.00000000E+00
     624  0.103680E+06  0.748800E+03
          1  0.00000000E+00  0.00000000E+00
     625  0.103680E+06  0.750000E+03
          1  0.00000000E+00  0.00000000E+00
     626  0.103680E+06  0.751200E+03
          1  0.00000000E+00  0.00000000E+00
     627  0.103680E+06  0.752400E+03
          1  0.00000000E+00  0.00000000E+00
     628  0.103680E+06  0.753600E+03
          1  0.00000000E+00  0.00000000E+00
     629  0.103680E+06  0.754800E+03
          1  0.00000000E+00  0.00000000E+00
     630  0.103680E+06  0.756000E+03
          1  0.00000000E+00  0.00000000E+00
     631  0.103680E+06  0.757200E+03
          1  0.00000000E+00  0.00000000E+00
     632  0.103680E+06  0.758400E+03
          1  0.00000000E+00  0.00000000E+00
     633  0.103680E+06  0.759600E+03
          1  0.00000000E+00  0.00000000E+00
     634  0.103680E+06  0.760800E+03
          1  0.00000000E+00  0.00000000E+00
     635  0.103680E+06  0.762000E+03
          1  0.00000000E+00  0.00000000E+00
     636  0.103680E+06  0.763200E+03
          1  0.00000000E+00  0.00000000E+00
     637  0.103680E+06  0.764400E+03
          1  0.00000000E+00  0.00000000E+00
     638  0.103680E+06  0.765600E+03
          1  0.00000000E+00  0.00000000E+00
     639  0.103680E+06  0.766800E+03
          1  0.00000000E+00  0.00000000E+00
     640  0.103680E+06  0.768000E+03
          1  0.00000000E+00  0.00000000E+00
     641  0.103680E+06  0.769200E+03
          1  0.00000000E+00  0.00000000E+00
     642  0.103680E+06  0.770400E+03
          1  0.00000000E+00  0.00000000E+00
     643  0.103680E+06  0.771600E+03
          1  0.00000000E+00  0.00000000E+00
     644  0.103680E+06  0.772800E+03
          1  0.00000000E+00  0.00000000E+00
     645  0.103680E+06  0.774000E+03
          1  0.00000000E+00  0.00000000E+00
     646  0.103680E+06  0.775200E+03
          1  0.00000000E+00  0.00000000E+00
     647  0.103680E+06  0.776400E+03
          1  0.00000000E+00  0.00000000E+00
     648  0.103680E+06  0.777600E+03
          1  0.00000000E+00  0.00000000E+00
     649  0.103680E+06  0.778800E+03
          1  0.00000000E+00  0.00000000E+00
     650  0.103680E+06  0.780000E+03
          1  0.00000000E+00  0.00000000E+00
     651  0.103680E+06  0.781200E+03
          1  0.00000000E+00  0.00000000E+00
     652  0.103680E+06  0.782400E+03
          1  0.00000000E+00  0.00000000E+00
     653  0.103680E+06  0.783600E+03
          1  0.00000000E+00  0.00000000E+00
     654  0.103680E+06  0.784800E+03
          1  0.00000000E+00  0.00000000E+00
     655  0.103680E+06  0.786000E+03
          1  0.00000000E+00  0.00000000E+00
     656  0.103680E+06  0.787200E+03
          1  0.00000000E+00  0.00000000E+00
     657  0.103680E+06  0.788400E+03
          1  0.00000000E+00  0.00000000E+00
     658  0.103680E+06  0.789600E+03
          1  0.00000000E+00  0.00000000E+00
     659  0.103680E+06  0.790800E+03
          1  0.00000000E+00  0.00000000E+00
     660  0.103680E+06  0.792000E+03
          1  0.00000000E+00  0.00000000E+00
     661  0.103680E+06  0.793200E+03
          1  0.00000000E+00  0.00000000E+00
     662  0.103680E+06  0.794400E+03
          1  0.00000000E+00  0.00000000E+00
     663  0.103680E+06  0.795600E+03
          1  0.00000000E+00  0.00000000E+00
     664  0.103680E+06  0.796800E+03
          1  0.00000000E+00  0.00000000E+00
     665  0.103680E+06  0.798000E+03
          1  0.00000000E+00  0.00000000E+00
     666  0.103680E+06  0.799200E+03
          1  0.00000000E+00  0.00000000E+00
     667  0.103680E+06  0.800400E+03
          1  0.00000000E+00  0.00000000E+00
     668  0.103680E+06  0.801600E+03
          1  0.00000000E+00  0.00000000E+00
     669  0.103680E+06  0.802800E+03
          1  0.00000000E+00  0.00000000E+00
     670  0.103680E+06  0.804000E+03
          1  0.00000000E+00  0.00000000E+00
     671  0.103680E+06  0.805200E+03
          1  0.00000000E+00  0.00000000E+00
     672  0.103680E+06  0.806400E+03
          1  0.00000000E+00  0.00000000E+00
     673  0.103680E+06  0.807600E+03
          1  0.00000000E+00  0.00000000E+00
     674  0.103680E+06  0.808800E+03
          1  0.00000000E+00  0.00000000E+00
     675  0.103680E+06  0.810000E+03
          1  0.00000000E+00  0.00000000E+00
     676  0.103680E+06  0.811200E+03
          1  0.00000000E+00  0.00000000E+00
     677  0.103680E+06  0.812400E+03
          1  0.00000000E+00  0.00000000E+00
     678  0.103680E+06  0.813600E+03
          1  0.00000000E+00  0.00000000E+00
     679  0.103680E+06  0.814800E+03
          1  0.00000000E+00  0.00000000E+00
     680  0.103680E+06  0.816000E+03
          1  0.00000000E+00  0.00000000E+00
     681  0.103680E+06  0.817200E+03
          1  0.00000000E+00  0.00000000E+00
     682  0.103680E+06  0.818400E+03
          1  0.00000000E+00  0.00000000E+00
     683  0.103680E+06  0.819600E+03
          1  0.00000000E+00  0.00000000E+00
     684  0.103680E+06  0.820800E+03
          1  0.00000000E+00  0.00000000E+00
     685  0.103680E+06  0.822000E+03
          1  0.00000000E+00  0.00000000E+00
     686  0.103680E+06  0.823200E+03
          1  0.00000000E+00  0.00000000E+00
     687  0.103680E+06  0.824400E+03
          1  0.00000000E+00  0.00000000E+00
     688  0.103680E+06  0.825600E+03
          1  0.00000000E+00  0.00000000E+00
     689  0.103680E+06  0.826800E+03
          1  0.00000000E+00  0.00000000E+00
     690  0.103680E+06  0.828000E+03
          1  0.00000000E+00  0.00000000E+00
     691  0.103680E+06  0.829200E+03
          1  0.00000000E+00  0.00000000E+00
     692  0.103680E+06  0.830400E+03
          1  0.00000000E+00  0.00000000E+00
     693  0.103680E+06  0.831600E+03
          1  0.00000000E+00  0.00000000E+00
     694  0.103680E+06  0.832800E+03
          1  0.00000000E+00  0.00000000E+00
     695  0.103680E+06  0.834000E+03
          1  0.00000000E+00  0.00000000E+00
     696  0.103680E+06  0.835200E+03
          1  0.00000000E+00  0.00000000E+00
     697  0.103680E+06  0.836400E+03
          1  0.00000000E+00  0.00000000E+00
     698  0.103680E+06  0.837600E+03
          1  0.00000000E+00  0.00000000E+00
     699  0.103680E+06  0.838800E+03
          1  0.00000000E+00  0.00000000E+00
     700  0.103680E+06  0.840000E+03
          1  0.00000000E+00  0.00000000E+00
     701  0.103680E+06  0.841200E+03
          1  0.00000000E+00  0.00000000E+00
     702  0.103680E+06  0.842400E+03
          1  0.00000000E+00  0.00000000E+00
     703  0.103680E+06  0.843600E+03
          1  0.00000000E+00  0.00000000E+00
     704  0.103680E+06  0.844800E+03
          1  0.00000000E+00  0.00000000E+00
     705  0.103680E+06  0.846000E+03
          1  0.00000000E+00  0.00000000E+00
     706  0.103680E+06  0.847200E+03
          1  0.00000000E+00  0.00000000E+00
     707  0.103680E+06  0.848400E+03
          1  0.00000000E+00  0.00000000E+00
     708  0.103680E+06  0.849600E+03
          1  0.00000000E+00  0.00000000E+00
     709  0.103680E+06  0.850800E+03
          1  0.00000000E+00  0.00000000E+00
     710  0.103680E+06  0.852000E+03
          1  0.00000000E+00  0.00000000E+00
     711  0.103680E+06  0.853200E+03
          1  0.00000000E+00  0.00000000E+00
     712  0.103680E+06  0.854400E+03
          1  0.00000000E+00  0.00000000E+00
     713  0.103680E+06  0.855600E+03
          1  0.00000000E+00  0.00000000E+00
     714  0.103680E+06  0.856800E+03
          1  0.00000000E+00  0.00000000E+00
     715  0.103680E+06  0.858000E+03
          1  0.00000000E+00  0.00000000E+00
     716  0.103680E+06  0.859200E+03
          1  0.00000000E+00  0.00000000E+00
     717  0.103680E+06  0.860400E+03
          1  0.00000000E+00  0.00000000E+00
     718  0.103680E+06  0.861600E+03
          1  0.00000000E+00  0.00000000E+00
     719  0.103680E+06  0.862800E+03
          1  0.00000000E+00  0.00000000E+00
     720  0.103680E+06  0.864000E+03
          1  0.00000000E+00  0.00000000E+00
     721  0.103680E+06  0.865200E+03
          1  0.00000000E+00  0.00000000E+00
     722  0.103680E+06  0.866400E+03
          1  0.00000000E+00  0.00000000E+00
     723  0.103680E+06  0.867600E+03
          1  0.00000000E+00  0.00000000E+00
     724  0.103680E+06  0.868800E+03
          1  0.00000000E+00  0.00000000E+00
     725  0.103680E+06  0.870000E+03
          1  0.00000000E+00  0.00000000E+00
     726  0.103680E+06  0.871200E+03
          1  0.00000000E+00  0.00000000E+00
     727  0.103680E+06  0.872400E+03
          1  0.00000000E+00  0.00000000E+00
     728  0.103680E+06  0.873600E+03
          1  0.00000000E+00  0.00000000E+00
     729  0.103680E+06  0.874800E+03
          1  0.00000000E+00  0.00000000E+00
     730  0.103680E+06  0.876000E+03
          1  0.00000000E+00  0.00000000E+00
     731  0.103680E+06  0.877200E+03
          1  0.00000000E+00  0.00000000E+00
     732  0.103680E+06  0.878400E+03
          1  0.00000000E+00  0.00000000E+00
     733  0.103680E+06  0.879600E+03
          1  0.00000000E+00  0.00000000E+00
     734  0.103680E+06  0.880800E+03
          1  0.00000000E+00  0.00000000E+00
     735  0.103680E+06  0.882000E+03
          1  0.00000000E+00  0.00000000E+00
     736  0.103680E+06  0.883200E+03
          1  0.00000000E+00  0.00000000E+00
     737  0.103680E+06  0.884400E+03
          1  0.00000000E+00  0.00000000E+00
     738  0.103680E+06  0.885600E+03
          1  0.00000000E+00  0.00000000E+00
     739  0.103680E+06  0.886800E+03
          1  0.00000000E+00  0.00000000E+00
     740  0.103680E+06  0.888000E+03
          1  0.00000000E+00  0.00000000E+00
     741  0.103680E+06  0.889200E+03
          1  0.00000000E+00  0.00000000E+00
     742  0.103680E+06  0.890400E+03
          1  0.00000000E+00  0.00000000E+00
     743  0.103680E+06  0.891600E+03
          1  0.00000000E+00  0.00000000E+00
     744  0.103680E+06  0.892800E+03
          1  0.00000000E+00  0.00000000E+00
     745  0.103680E+06  0.894000E+03
          1  0.00000000E+00  0.00000000E+00
     746  0.103680E+06  0.895200E+03
          1  0.00000000E+00  0.00000000E+00
     747  0.103680E+06  0.896400E+03
          1  0.00000000E+00  0.00000000E+00
     748  0.103680E+06  0.897600E+03
          1  0.00000000E+00  0.00000000E+00
     749  0.103680E+06  0.898800E+03
          1  0.00000000E+00  0.00000000E+00
     750  0.103680E+06  0.900000E+03
          1  0.00000000E+00  0.00000000E+00
     751  0.103680E+06  0.901200E+03
          1  0.00000000E+00  0.00000000E+00
     752  0.103680E+06  0.902400E+03
          1  0.00000000E+00  0.00000000E+00
     753  0.103680E+06  0.903600E+03
          1  0.00000000E+00  0.00000000E+00
     754  0.103680E+06  0.904800E+03
          1  0.00000000E+00  0.00000000E+00
     755  0.103680E+06  0.906000E+03
          1  0.00000000E+00  0.00000000E+00
     756  0.103680E+06  0.907200E+03
          1  0.00000000E+00  0.00000000E+00
     757  0.103680E+06  0.908400E+03
          1  0.00000000E+00  0.00000000E+00
     758  0.103680E+06  0.909600E+03
          1  0.00000000E+00  0.00000000E+00
     759  0.103680E+06  0.910800E+03
          1  0.00000000E+00  0.00000000E+00
     760  0.103680E+06  0.912000E+03
          1  0.00000000E+00  0.00000000E+00
     761  0.103680E+06  0.913200E+03
          1  0.00000000E+00  0.00000000E+00
     762  0.103680E+06  0.914400E+03
          1  0.00000000E+00  0.00000000E+00
     763  0.103680E+06  0.915600E+03
          1  0.00000000E+00  0.00000000E+00
     764  0.103680E+06  0.916800E+03
          1  0.00000000E+00  0.00000000E+00
     765  0.103680E+06  0.918000E+03
          1  0.00000000E+00  0.00000000E+00
     766  0.103680E+06  0.919200E+03
          1  0.00000000E+00  0.00000000E+00
     767  0.103680E+06  0.920400E+03
          1  0.00000000E+00  0.00000000E+00
     768  0.103680E+06  0.921600E+03
          1  0.00000000E+00  0.00000000E+00
     769  0.103680E+06  0.922800E+03
          1  0.00000000E+00  0.00000000E+00
     770  0.103680E+06  0.924000E+03
          1  0.00000000E+00  0.00000000E+00
     771  0.103680E+06  0.925200E+03
          1  0.00000000E+00  0.00000000E+00
     772  0.103680E+06  0.926400E+03
          1  0.00000000E+00  0.00000000E+00
     773  0.103680E+06  0.927600E+03
          1  0.00000000E+00  0.00000000E+00
     774  0.103680E+06  0.928800E+03
          1  0.00000000E+00  0.00000000E+00
     775  0.103680E+06  0.930000E+03
          1  0.00000000E+00  0.00000000E+00
     776  0.103680E+06  0.931200E+03
          1  0.00000000E+00  0.00000000E+00
     777  0.103680E+06  0.932400E+03
          1  0.00000000E+00  0.00000000E+00
     778  0.103680E+06  0.933600E+03
          1  0.00000000E+00  0.00000000E+00
     779  0.103680E+06  0.934800E+03
          1  0.00000000E+00  0.00000000E+00
     780  0.103680E+06  0.936000E+03
          1  0.00000000E+00  0.00000000E+00
     781  0.103680E+06  0.937200E+03
          1  0.00000000E+00  0.00000000E+00
     782  0.103680E+06  0.938400E+03
          1  0.00000000E+00  0.00000000E+00
     783  0.103680E+06  0.939600E+03
          1  0.00000000E+00  0.00000000E+00
     784  0.103680E+06  0.940800E+03
          1  0.00000000E+00  0.00000000E+00
     785  0.103680E+06  0.942000E+03
          1  0.00000000E+00  0.00000000E+00
     786  0.103680E+06  0.943200E+03
          1  0.00000000E+00  0.00000000E+00
     787  0.103680E+06  0.944400E+03
          1  0.00000000E+00  0.00000000E+00
     788  0.103680E+06  0.945600E+03
          1  0.00000000E+00  0.00000000E+00
     789  0.103680E+06  0.946800E+03
          1  0.00000000E+00  0.00000000E+00
     790  0.103680E+06  0.948000E+03
          1  0.00000000E+00  0.00000000E+00
     791  0.103680E+06  0.949200E+03
          1  0.00000000E+00  0.00000000E+00
     792  0.103680E+06  0.950400E+03
          1  0.00000000E+00  0.00000000E+00
     793  0.103680E+06  0.951600E+03
          1  0.00000000E+00  0.00000000E+00
     794  0.103680E+06  0.952800E+03
          1  0.00000000E+00  0.00000000E+00
     795  0.103680E+06  0.954000E+03
          1  0.00000000E+00  0.00000000E+00
     796  0.103680E+06  0.955200E+03
          1  0.00000000E+00  0.00000000E+00
     797  0.103680E+06  0.956400E+03
          1  0.00000000E+00  0.00000000E+00
     798  0.103680E+06  0.957600E+03
          1  0.00000000E+00  0.00000000E+00
     799  0.103680E+06  0.958800E+03
          1  0.00000000E+00  0.00000000E+00
     800  0.103680E+06  0.960000E+03
          1  0.00000000E+00  0.00000000E+00
     801  0.103680E+06  0.961200E+03
          1  0.00000000E+00  0.00000000E+00
     802  0.103680E+06  0.962400E+03
          1  0.00000000E+00  0.00000000E+00
     803  0.103680E+06  0.963600E+03
          1  0.00000000E+00  0.00000000E+00
     804  0.103680E+06  0.964800E+03
          1  0.00000000E+00  0.00000000E+00
     805  0.103680E+06  0.966000E+03
          1  0.00000000E+00  0.00000000E+00
     806  0.103680E+06  0.967200E+03
          1  0.00000000E+00  0.00000000E+00
     807  0.103680E+06  0.968400E+03
          1  0.00000000E+00  0.00000000E+00
     808  0.103680E+06  0.969600E+03
          1  0.00000000E+00  0.00000000E+00
     809  0.103680E+06  0.970800E+03
          1  0.00000000E+00  0.00000000E+00
     810  0.103680E+06  0.972000E+03
          1  0.00000000E+00  0.00000000E+00
     811  0.103680E+06  0.973200E+03
          1  0.00000000E+00  0.00000000E+00
     812  0.103680E+06  0.974400E+03
          1  0.00000000E+00  0.00000000E+00
     813  0.103680E+06  0.975600E+03
          1  0.00000000E+00  0.00000000E+00
     814  0.103680E+06  0.976800E+03
          1  0.00000000E+00  0.00000000E+00
     815  0.103680E+06  0.978000E+03
          1  0.00000000E+00  0.00000000E+00
     816  0.103680E+06  0.979200E+03
          1  0.00000000E+00  0.00000000E+00
     817  0.103680E+06  0.980400E+03
          1  0.00000000E+00  0.00000000E+00
     818  0.103680E+06  0.981600E+03
          1  0.00000000E+00  0.00000000E+00
     819  0.103680E+06  0.982800E+03
          1  0.00000000E+00  0.00000000E+00
     820  0.103680E+06  0.984000E+03
          1  0.00000000E+00  0.00000000E+00
     821  0.103680E+06  0.985200E+03
          1  0.00000000E+00  0.00000000E+00
     822  0.103680E+06  0.986400E+03
          1  0.00000000E+00  0.00000000E+00
     823  0.103680E+06  0.987600E+03
          1  0.00000000E+00  0.00000000E+00
     824  0.103680E+06  0.988800E+03
          1  0.00000000E+00  0.00000000E+00
     825  0.103680E+06  0.990000E+03
          1  0.00000000E+00  0.00000000E+00
     826  0.103680E+06  0.991200E+03
          1  0.00000000E+00  0.00000000E+00
     827  0.103680E+06  0.992400E+03
          1  0.00000000E+00  0.00000000E+00
     828  0.103680E+06  0.993600E+03
          1  0.00000000E+00  0.00000000E+00
     829  0.103680E+06  0.994800E+03
          1  0.00000000E+00  0.00000000E+00
     830  0.103680E+06  0.996000E+03
          1  0.00000000E+00  0.00000000E+00
     831  0.103680E+06  0.997200E+03
          1  0.00000000E+00  0.00000000E+00
     832  0.103680E+06  0.998400E+03
          1  0.00000000E+00  0.00000000E+00
     833  0.103680E+06  0.999600E+03
          1  0.00000000E+00  0.00000000E+00
     834  0.103680E+06  0.100080E+04
          1  0.00000000E+00  0.00000000E+00
     835  0.103680E+06  0.100200E+04
          1  0.00000000E+00  0.00000000E+00
     836  0.103680E+06  0.100320E+04
          1  0.00000000E+00  0.00000000E+00
     837  0.103680E+06  0.100440E+04
          1  0.00000000E+00  0.00000000E+00
     838  0.103680E+06  0.100560E+04
          1  0.00000000E+00  0.00000000E+00
     839  0.103680E+06  0.100680E+04
          1  0.00000000E+00  0.00000000E+00
     840  0.103680E+06  0.100800E+04
          1  0.00000000E+00  0.00000000E+00
     841  0.103680E+06  0.100920E+04
          1  0.00000000E+00  0.00000000E+00
     842  0.103680E+06  0.101040E+04
          1  0.00000000E+00  0.00000000E+00
     843  0.103680E+06  0.101160E+04
          1  0.00000000E+00  0.00000000E+00
     844  0.103680E+06  0.101280E+04
          1  0.00000000E+00  0.00000000E+00
     845  0.103680E+06  0.101400E+04
          1  0.00000000E+00  0.00000000E+00
     846  0.103680E+06  0.101520E+04
          1  0.00000000E+00  0.00000000E+00
     847  0.103680E+06  0.101640E+04
          1  0.00000000E+00  0.00000000E+00
     848  0.103680E+06  0.101760E+04
          1  0.00000000E+00  0.00000000E+00
     849  0.103680E+06  0.101880E+04
          1  0.00000000E+00  0.00000000E+00
     850  0.103680E+06  0.102000E+04
          1  0.00000000E+00  0.00000000E+00
     851  0.103680E+06  0.102120E+04
          1  0.00000000E+00  0.00000000E+00
     852  0.103680E+06  0.102240E+04
          1  0.00000000E+00  0.00000000E+00
     853  0.103680E+06  0.102360E+04
          1  0.00000000E+00  0.00000000E+00
     854  0.103680E+06  0.102480E+04
          1  0.00000000E+00  0.00000000E+00
     855  0.103680E+06  0.102600E+04
          1  0.00000000E+00  0.00000000E+00
     856  0.103680E+06  0.102720E+04
          1  0.00000000E+00  0.00000000E+00
     857  0.103680E+06  0.102840E+04
          1  0.00000000E+00  0.00000000E+00
     858  0.103680E+06  0.102960E+04
          1  0.00000000E+00  0.00000000E+00
     859  0.103680E+06  0.103080E+04
          1  0.00000000E+00  0.00000000E+00
     860  0.103680E+06  0.103200E+04
          1  0.00000000E+00  0.00000000E+00
     861  0.103680E+06  0.103320E+04
          1  0.00000000E+00  0.00000000E+00
     862  0.103680E+06  0.103440E+04
          1  0.00000000E+00  0.00000000E+00
     863  0.103680E+06  0.103560E+04
          1  0.00000000E+00  0.00000000E+00
     864  0.103680E+06  0.103680E+04
          1  0.00000000E+00  0.00000000E+00
     865  0.103680E+06  0.103800E+04
          1  0.00000000E+00  0.00000000E+00
     866  0.103680E+06  0.103920E+04
          1  0.00000000E+00  0.00000000E+00
     867  0.103680E+06  0.104040E+04
          1  0.00000000E+00  0.00000000E+00
     868  0.103680E+06  0.104160E+04
          1  0.00000000E+00  0.00000000E+00
     869  0.103680E+06  0.104280E+04
          1  0.00000000E+00  0.00000000E+00
     870  0.103680E+06  0.104400E+04
          1  0.00000000E+00  0.00000000E+00
     871  0.103680E+06  0.104520E+04
          1  0.00000000E+00  0.00000000E+00
     872  0.103680E+06  0.104640E+04
          1  0.00000000E+00  0.00000000E+00
     873  0.103680E+06  0.104760E+04
          1  0.00000000E+00  0.00000000E+00
     874  0.103680E+06  0.104880E+04
          1  0.00000000E+00  0.00000000E+00
     875  0.103680E+06  0.105000E+04
          1  0.00000000E+00  0.00000000E+00
     876  0.103680E+06  0.105120E+04
          1  0.00000000E+00  0.00000000E+00
     877  0.103680E+06  0.105240E+04
          1  0.00000000E+00  0.00000000E+00
     878  0.103680E+06  0.105360E+04
          1  0.00000000E+00  0.00000000E+00
     879  0.103680E+06  0.105480E+04
          1  0.00000000E+00  0.00000000E+00
     880  0.103680E+06  0.105600E+04
          1  0.00000000E+00  0.00000000E+00
     881  0.103680E+06  0.105720E+04
          1  0.00000000E+00  0.00000000E+00
     882  0.103680E+06  0.105840E+04
          1  0.00000000E+00  0.00000000E+00
     883  0.103680E+06  0.105960E+04
          1  0.00000000E+00  0.00000000E+00
     884  0.103680E+06  0.106080E+04
          1  0.00000000E+00  0.00000000E+00
     885  0.103680E+06  0.106200E+04
          1  0.00000000E+00  0.00000000E+00
     886  0.103680E+06  0.106320E+04
          1  0.00000000E+00  0.00000000E+00
     887  0.103680E+06  0.106440E+04
          1  0.00000000E+00  0.00000000E+00
     888  0.103680E+06  0.106560E+04
          1  0.00000000E+00  0.00000000E+00
     889  0.103680E+06  0.106680E+04
          1  0.00000000E+00  0.00000000E+00
     890  0.103680E+06  0.106800E+04
          1  0.00000000E+00  0.00000000E+00
     891  0.103680E+06  0.106920E+04
          1  0.00000000E+00  0.00000000E+00
     892  0.103680E+06  0.107040E+04
          1  0.00000000E+00  0.00000000E+00
     893  0.103680E+06  0.107160E+04
          1  0.00000000E+00  0.00000000E+00
     894  0.103680E+06  0.107280E+04
          1  0.00000000E+00  0.00000000E+00
     895  0.103680E+06  0.107400E+04
          1  0.00000000E+00  0.00000000E+00
     896  0.103680E+06  0.107520E+04
          1  0.00000000E+00  0.00000000E+00
     897  0.103680E+06  0.107640E+04
          1  0.00000000E+00  0.00000000E+00
     898  0.103680E+06  0.107760E+04
          1  0.00000000E+00  0.00000000E+00
     899  0.103680E+06  0.107880E+04
          1  0.00000000E+00  0.00000000E+00
     900  0.103680E+06  0.108000E+04
          1  0.00000000E+00  0.00000000E+00
     901  0.103680E+06  0.108120E+04
          1  0.00000000E+00  0.00000000E+00
     902  0.103680E+06  0.108240E+04
          1  0.00000000E+00  0.00000000E+00
     903  0.103680E+06  0.108360E+04
          1  0.00000000E+00  0.00000000E+00
     904  0.103680E+06  0.108480E+04
          1  0.00000000E+00  0.00000000E+00
     905  0.103680E+06  0.108600E+04
          1  0.00000000E+00  0.00000000E+00
     906  0.103680E+06  0.108720E+04
          1  0.00000000E+00  0.00000000E+00
     907  0.103680E+06  0.108840E+04
          1  0.00000000E+00  0.00000000E+00
     908  0.103680E+06  0.108960E+04
          1  0.00000000E+00  0.00000000E+00
     909  0.103680E+06  0.109080E+04
          1  0.00000000E+00  0.00000000E+00
     910  0.103680E+06  0.109200E+04
          1  0.00000000E+00  0.00000000E+00
     911  0.103680E+06  0.109320E+04
          1  0.00000000E+00  0.00000000E+00
     912  0.103680E+06  0.109440E+04
          1  0.00000000E+00  0.00000000E+00
     913  0.103680E+06  0.109560E+04
          1  0.00000000E+00  0.00000000E+00
     914  0.103680E+06  0.109680E+04
          1  0.00000000E+00  0.00000000E+00
     915  0.103680E+06  0.109800E+04
          1  0.00000000E+00  0.00000000E+00
     916  0.103680E+06  0.109920E+04
          1  0.00000000E+00  0.00000000E+00
     917  0.103680E+06  0.110040E+04
          1  0.00000000E+00  0.00000000E+00
     918  0.103680E+06  0.110160E+04
          1  0.00000000E+00  0.00000000E+00
     919  0.103680E+06  0.110280E+04
          1  0.00000000E+00  0.00000000E+00
     920  0.103680E+06  0.110400E+04
          1  0.00000000E+00  0.00000000E+00
     921  0.103680E+06  0.110520E+04
          1  0.00000000E+00  0.00000000E+00
     922  0.103680E+06  0.110640E+04
          1  0.00000000E+00  0.00000000E+00
     923  0.103680E+06  0.110760E+04
          1  0.00000000E+00  0.00000000E+00
     924  0.103680E+06  0.110880E+04
          1  0.00000000E+00  0.00000000E+00
     925  0.103680E+06  0.111000E+04
          1  0.00000000E+00  0.00000000E+00
     926  0.103680E+06  0.111120E+04
          1  0.00000000E+00  0.00000000E+00
     927  0.103680E+06  0.111240E+04
          1  0.00000000E+00  0.00000000E+00
     928  0.103680E+06  0.111360E+04
          1  0.00000000E+00  0.00000000E+00
     929  0.103680E+06  0.111480E+04
          1  0.00000000E+00  0.00000000E+00
     930  0.103680E+06  0.111600E+04
          1  0.00000000E+00  0.00000000E+00
     931  0.103680E+06  0.111720E+04
          1  0.00000000E+00  0.00000000E+00
     932  0.103680E+06  0.111840E+04
          1  0.00000000E+00  0.00000000E+00
     933  0.103680E+06  0.111960E+04
          1  0.00000000E+00  0.00000000E+00
     934  0.103680E+06  0.112080E+04
          1  0.00000000E+00  0.00000000E+00
     935  0.103680E+06  0.112200E+04
          1  0.00000000E+00  0.00000000E+00
     936  0.103680E+06  0.112320E+04
          1  0.00000000E+00  0.00000000E+00
     937  0.103680E+06  0.112440E+04
          1  0.00000000E+00  0.00000000E+00
     938  0.103680E+06  0.112560E+04
          1  0.00000000E+00  0.00000000E+00
     939  0.103680E+06  0.112680E+04
          1  0.00000000E+00  0.00000000E+00
     940  0.103680E+06  0.112800E+04
          1  0.00000000E+00  0.00000000E+00
     941  0.103680E+06  0.112920E+04
          1  0.00000000E+00  0.00000000E+00
     942  0.103680E+06  0.113040E+04
          1  0.00000000E+00  0.00000000E+00
     943  0.103680E+06  0.113160E+04
          1  0.00000000E+00  0.00000000E+00
     944  0.103680E+06  0.113280E+04
          1  0.00000000E+00  0.00000000E+00
     945  0.103680E+06  0.113400E+04
          1  0.00000000E+00  0.00000000E+00
     946  0.103680E+06  0.113520E+04
          1  0.00000000E+00  0.00000000E+00
     947  0.103680E+06  0.113640E+04
          1  0.00000000E+00  0.00000000E+00
     948  0.103680E+06  0.113760E+04
          1  0.00000000E+00  0.00000000E+00
     949  0.103680E+06  0.113880E+04
          1  0.00000000E+00  0.00000000E+00
     950  0.103680E+06  0.114000E+04
          1  0.00000000E+00  0.00000000E+00
     951  0.103680E+06  0.114120E+04
          1  0.00000000E+00  0.00000000E+00
     952  0.103680E+06  0.114240E+04
          1  0.00000000E+00  0.00000000E+00
     953  0.103680E+06  0.114360E+04
          1  0.00000000E+00  0.00000000E+00
     954  0.103680E+06  0.114480E+04
          1  0.00000000E+00  0.00000000E+00
     955  0.103680E+06  0.114600E+04
          1  0.00000000E+00  0.00000000E+00
     956  0.103680E+06  0.114720E+04
          1  0.00000000E+00  0.00000000E+00
     957  0.103680E+06  0.114840E+04
          1  0.00000000E+00  0.00000000E+00
     958  0.103680E+06  0.114960E+04
          1  0.00000000E+00  0.00000000E+00
     959  0.103680E+06  0.115080E+04
          1  0.00000000E+00  0.00000000E+00
     960  0.103680E+06  0.115200E+04
          1  0.00000000E+00  0.00000000E+00
     961  0.103680E+06  0.115320E+04
          1  0.00000000E+00  0.00000000E+00
     962  0.103680E+06  0.115440E+04
          1  0.00000000E+00  0.00000000E+00
     963  0.103680E+06  0.115560E+04
          1  0.00000000E+00  0.00000000E+00
     964  0.103680E+06  0.115680E+04
          1  0.00000000E+00  0.00000000E+00
     965  0.103680E+06  0.115800E+04
          1  0.00000000E+00  0.00000000E+00
     966  0.103680E+06  0.115920E+04
          1  0.00000000E+00  0.00000000E+00
     967  0.103680E+06  0.116040E+04
          1  0.00000000E+00  0.00000000E+00
     968  0.103680E+06  0.116160E+04
          1  0.00000000E+00  0.00000000E+00
     969  0.103680E+06  0.116280E+04
          1  0.00000000E+00  0.00000000E+00
     970  0.103680E+06  0.116400E+04
          1  0.00000000E+00  0.00000000E+00
     971  0.103680E+06  0.116520E+04
          1  0.00000000E+00  0.00000000E+00
     972  0.103680E+06  0.116640E+04
          1  0.00000000E+00  0.00000000E+00
     973  0.103680E+06  0.116760E+04
          1  0.00000000E+00  0.00000000E+00
     974  0.103680E+06  0.116880E+04
          1  0.00000000E+00  0.00000000E+00
     975  0.103680E+06  0.117000E+04
          1  0.00000000E+00  0.00000000E+00
     976  0.103680E+06  0.117120E+04
          1  0.00000000E+00  0.00000000E+00
     977  0.103680E+06  0.117240E+04
          1  0.00000000E+00  0.00000000E+00
     978  0.103680E+06  0.117360E+04
          1  0.00000000E+00  0.00000000E+00
     979  0.103680E+06  0.117480E+04
          1  0.00000000E+00  0.00000000E+00
     980  0.103680E+06  0.117600E+04
          1  0.00000000E+00  0.00000000E+00
     981  0.103680E+06  0.117720E+04
          1  0.00000000E+00  0.00000000E+00
     982  0.103680E+06  0.117840E+04
          1  0.00000000E+00  0.00000000E+00
     983  0.103680E+06  0.117960E+04
          1  0.00000000E+00  0.00000000E+00
     984  0.103680E+06  0.118080E+04
          1  0.00000000E+00  0.00000000E+00
     985  0.103680E+06  0.118200E+04
          1  0.00000000E+00  0.00000000E+00
     986  0.103680E+06  0.118320E+04
          1  0.00000000E+00  0.00000000E+00
     987  0.103680E+06  0.118440E+04
          1  0.00000000E+00  0.00000000E+00
     988  0.103680E+06  0.118560E+04
          1  0.00000000E+00  0.00000000E+00
     989  0.103680E+06  0.118680E+04
          1  0.00000000E+00  0.00000000E+00
     990  0.103680E+06  0.118800E+04
          1  0.00000000E+00  0.00000000E+00
     991  0.103680E+06  0.118920E+04
          1  0.00000000E+00  0.00000000E+00
     992  0.103680E+06  0.119040E+04
          1  0.00000000E+00  0.00000000E+00
     993  0.103680E+06  0.119160E+04
          1  0.00000000E+00  0.00000000E+00
     994  0.103680E+06  0.119280E+04
          1  0.00000000E+00  0.00000000E+00
     995  0.103680E+06  0.119400E+04
          1  0.00000000E+00  0.00000000E+00
     996  0.103680E+06  0.119520E+04
          1  0.00000000E+00  0.00000000E+00
     997  0.103680E+06  0.119640E+04
          1  0.00000000E+00  0.00000000E+00
     998  0.103680E+06  0.119760E+04
          1  0.00000000E+00  0.00000000E+00
     999  0.103680E+06  0.119880E+04
          1  0.00000000E+00  0.00000000E+00
    1000  0.103680E+06  0.120000E+04
