% Shemat-Suite version: Shem-FW/AD/SM 7.50 (Smarty)                                                     
%          build: Thu Jun  6 11:16:38 CEST 2019           
%   build command line: gmake fw hdf noomp PROPS=basc HDF5_MOD=/usr/local_rwth/sw/HDF5/1.10.4/intel_19.0.1.144-intelmpi_2018.4.274/include/ HDF5_LIB=/usr/local_rwth/sw/HDF5/1.10.4/intel_19.0.1.144-intelmpi_2018.4.274/lib/ COMPTYPE=lini64                                           
%        Project: "henry"
%
%    <iteration> <delta head> <delta temp> (<delta conc> ...)
          1  0.23202101E-01  0.10000000E-20  0.60999940E+00
          2  0.60164945E-02  0.10000000E-20 -0.21500893E+00
          3  0.16056731E-02  0.10000000E-20  0.92507378E-01
          4 -0.85018585E-03  0.10000000E-20  0.67368591E-01
          5  0.67777497E-03  0.10000000E-20 -0.36109555E-01
          6 -0.37368483E-03  0.10000000E-20  0.20492928E-01
          7  0.19953707E-03  0.10000000E-20 -0.11253516E-01
          8 -0.88029624E-04  0.10000000E-20 -0.59962929E-02
          9 -0.51790222E-04  0.10000000E-20  0.39796352E-02
         10  0.37801879E-04  0.10000000E-20 -0.23438382E-02
         11 -0.23865718E-04  0.10000000E-20  0.13072061E-02
         12  0.13682205E-04  0.10000000E-20 -0.72427099E-03
         13 -0.70697516E-05  0.10000000E-20  0.40199696E-03
         14  0.31677830E-05  0.10000000E-20  0.21771476E-03
         15  0.18782771E-05  0.10000000E-20 -0.14198346E-03
         16 -0.13509078E-05  0.10000000E-20  0.84102989E-04
         17  0.85610279E-06  0.10000000E-20 -0.46755139E-04
         18 -0.48944139E-06  0.10000000E-20  0.25925519E-04
         19  0.25290883E-06  0.10000000E-20 -0.14386501E-04
         20 -0.11309503E-06  0.10000000E-20 -0.78003791E-05
         21 -0.67361836E-07  0.10000000E-20  0.50862218E-05
         22  0.48419701E-07  0.10000000E-20 -0.30105598E-05
         23 -0.30654354E-07  0.10000000E-20  0.16732894E-05
         24  0.17516852E-07  0.10000000E-20 -0.92794703E-06
         25 -0.90437282E-08  0.10000000E-20  0.51491381E-06
         26  0.40388613E-08  0.10000000E-20  0.27957666E-06
         27  0.24165577E-08  0.10000000E-20 -0.18219877E-06
         28 -0.17352144E-08  0.10000000E-20  0.10777341E-06
         29  0.10976794E-08  0.10000000E-20 -0.59882545E-07
         30 -0.62689570E-09  0.10000000E-20  0.33213529E-07
         31  0.32339066E-09  0.10000000E-20 -0.18429051E-07
         32 -0.14426004E-09  0.10000000E-20 -0.10019658E-07
         33 -0.86676485E-10  0.10000000E-20  0.65256483E-08
         34  0.62170883E-10  0.10000000E-20 -0.38575518E-08
         35 -0.39301545E-10  0.10000000E-20  0.21431190E-08
         36  0.22436882E-10  0.10000000E-20 -0.11888676E-08
         37 -0.11565641E-10  0.10000000E-20  0.65959033E-09
         38  0.51522987E-11  0.10000000E-20  0.35927175E-09
         39  0.31115943E-11  0.10000000E-20 -0.23380964E-09
         40 -0.22268368E-11  0.10000000E-20  0.13795082E-09
         41  0.14036237E-11  0.10000000E-20 -0.76384843E-10
         42 -0.79786178E-12  0.10000000E-20  0.42172488E-10
