% Shemat-Suite version: Shem-FW/AD/SM 7.50 (Smarty)                                                     
%          build: Thu Aug  8 16:45:02 CEST 2019           
%   build command line: gmake fw hdf noomp PROPS=const USER=none HDF5_MOD=/usr/local_rwth/sw/HDF5/1.10.4/intel_19.0.1.144-intelmpi_2018.4.274/include/ HDF5_LIB=/usr/local_rwth/sw/HDF5/1.10.4/intel_19.0.1.144-intelmpi_2018.4.274/lib/ COMPTYPE=lini64                                
%        Project: "THEIS"
%
% <time step> <deltat> <cum time>
%    <iteration> <delta head> <delta temp> (<delta conc> ...)
       0  0.302400E+04  0.000000E+00
          1 -0.35572785E+01  0.10000000E-20
          2  0.00000000E+00  0.10000000E-20
       1  0.302400E+04  0.350000E-01
          1 -0.40839036E+00  0.10000000E-20
          2  0.00000000E+00  0.10000000E-20
       2  0.302400E+04  0.700000E-01
          1 -0.20365239E+00  0.10000000E-20
          2  0.00000000E+00  0.10000000E-20
       3  0.302400E+04  0.105000E+00
          1 -0.13575078E+00  0.10000000E-20
          2  0.00000000E+00  0.10000000E-20
       4  0.302400E+04  0.140000E+00
          1 -0.10181776E+00  0.10000000E-20
          2  0.00000000E+00  0.10000000E-20
       5  0.302400E+04  0.175000E+00
          1 -0.81469843E-01  0.10000000E-20
          2  0.00000000E+00  0.10000000E-20
       6  0.302400E+04  0.210000E+00
          1 -0.67910080E-01  0.10000000E-20
          2  0.00000000E+00  0.10000000E-20
       7  0.302400E+04  0.245000E+00
          1 -0.58225855E-01  0.10000000E-20
          2  0.00000000E+00  0.10000000E-20
       8  0.302400E+04  0.280000E+00
          1 -0.50961978E-01  0.10000000E-20
          2  0.00000000E+00  0.10000000E-20
       9  0.302400E+04  0.315000E+00
          1 -0.45310839E-01  0.10000000E-20
          2  0.00000000E+00  0.10000000E-20
      10  0.302400E+04  0.350000E+00
          1 -0.40788363E-01  0.10000000E-20
          2  0.00000000E+00  0.10000000E-20
      11  0.302400E+04  0.385000E+00
          1 -0.37086820E-01  0.10000000E-20
          2  0.00000000E+00  0.10000000E-20
      12  0.302400E+04  0.420000E+00
          1 -0.34001210E-01  0.10000000E-20
          2  0.00000000E+00  0.10000000E-20
      13  0.302400E+04  0.455000E+00
          1 -0.31389710E-01  0.10000000E-20
          2  0.00000000E+00  0.10000000E-20
      14  0.302400E+04  0.490000E+00
          1 -0.29151004E-01  0.10000000E-20
          2  0.00000000E+00  0.10000000E-20
      15  0.302400E+04  0.525000E+00
          1 -0.27210850E-01  0.10000000E-20
          2  0.00000000E+00  0.10000000E-20
      16  0.302400E+04  0.560000E+00
          1 -0.25513433E-01  0.10000000E-20
          2  0.00000000E+00  0.10000000E-20
      17  0.302400E+04  0.595000E+00
          1 -0.24016122E-01  0.10000000E-20
          2  0.00000000E+00  0.10000000E-20
      18  0.302400E+04  0.630000E+00
          1 -0.22685666E-01  0.10000000E-20
          2  0.00000000E+00  0.10000000E-20
      19  0.302400E+04  0.665000E+00
          1 -0.21495795E-01  0.10000000E-20
          2  0.00000000E+00  0.10000000E-20
      20  0.302400E+04  0.700000E+00
          1 -0.20425464E-01  0.10000000E-20
          2  0.00000000E+00  0.10000000E-20
      21  0.302400E+04  0.735000E+00
          1 -0.19457619E-01  0.10000000E-20
          2  0.00000000E+00  0.10000000E-20
      22  0.302400E+04  0.770000E+00
          1 -0.18578270E-01  0.10000000E-20
          2  0.00000000E+00  0.10000000E-20
      23  0.302400E+04  0.805000E+00
          1 -0.17775881E-01  0.10000000E-20
          2  0.00000000E+00  0.10000000E-20
      24  0.302400E+04  0.840000E+00
          1 -0.17040805E-01  0.10000000E-20
          2  0.00000000E+00  0.10000000E-20
      25  0.302400E+04  0.875000E+00
          1 -0.16364917E-01  0.10000000E-20
          2  0.00000000E+00  0.10000000E-20
      26  0.302400E+04  0.910000E+00
          1 -0.15741377E-01  0.10000000E-20
          2  0.00000000E+00  0.10000000E-20
      27  0.302400E+04  0.945000E+00
          1 -0.15164336E-01  0.10000000E-20
          2  0.00000000E+00  0.10000000E-20
      28  0.302400E+04  0.980000E+00
          1 -0.14628780E-01  0.10000000E-20
          2  0.00000000E+00  0.10000000E-20
      29  0.302400E+04  0.101500E+01
          1 -0.14130377E-01  0.10000000E-20
          2  0.00000000E+00  0.10000000E-20
      30  0.302400E+04  0.105000E+01
          1 -0.13665389E-01  0.10000000E-20
          2  0.00000000E+00  0.10000000E-20
      31  0.302400E+04  0.108500E+01
          1 -0.13230555E-01  0.10000000E-20
          2  0.00000000E+00  0.10000000E-20
      32  0.302400E+04  0.112000E+01
          1 -0.12823024E-01  0.10000000E-20
          2  0.00000000E+00  0.10000000E-20
      33  0.302400E+04  0.115500E+01
          1 -0.12440280E-01  0.10000000E-20
          2  0.00000000E+00  0.10000000E-20
      34  0.302400E+04  0.119000E+01
          1 -0.12080131E-01  0.10000000E-20
          2  0.00000000E+00  0.10000000E-20
      35  0.302400E+04  0.122500E+01
          1 -0.11740597E-01  0.10000000E-20
          2  0.00000000E+00  0.10000000E-20
      36  0.302400E+04  0.126000E+01
          1 -0.11419966E-01  0.10000000E-20
          2  0.00000000E+00  0.10000000E-20
      37  0.302400E+04  0.129500E+01
          1 -0.11116676E-01  0.10000000E-20
          2  0.00000000E+00  0.10000000E-20
      38  0.302400E+04  0.133000E+01
          1 -0.10829346E-01  0.10000000E-20
          2  0.00000000E+00  0.10000000E-20
      39  0.302400E+04  0.136500E+01
          1 -0.10556737E-01  0.10000000E-20
          2  0.00000000E+00  0.10000000E-20
      40  0.302400E+04  0.140000E+01
          1 -0.10297734E-01  0.10000000E-20
          2  0.00000000E+00  0.10000000E-20
      41  0.302400E+04  0.143500E+01
          1 -0.10051332E-01  0.10000000E-20
          2  0.00000000E+00  0.10000000E-20
      42  0.302400E+04  0.147000E+01
          1 -0.98166237E-02  0.10000000E-20
          2  0.00000000E+00  0.10000000E-20
      43  0.302400E+04  0.150500E+01
          1 -0.95927868E-02  0.10000000E-20
          2  0.00000000E+00  0.10000000E-20
      44  0.302400E+04  0.154000E+01
          1 -0.93790744E-02  0.10000000E-20
          2  0.00000000E+00  0.10000000E-20
      45  0.302400E+04  0.157500E+01
          1 -0.91748076E-02  0.10000000E-20
          2  0.00000000E+00  0.10000000E-20
      46  0.302400E+04  0.161000E+01
          1 -0.89793659E-02  0.10000000E-20
          2  0.00000000E+00  0.10000000E-20
      47  0.302400E+04  0.164500E+01
          1 -0.87921849E-02  0.10000000E-20
          2  0.00000000E+00  0.10000000E-20
      48  0.302400E+04  0.168000E+01
          1 -0.86127457E-02  0.10000000E-20
          2  0.00000000E+00  0.10000000E-20
      49  0.302400E+04  0.171500E+01
          1 -0.84405734E-02  0.10000000E-20
          2  0.00000000E+00  0.10000000E-20
      50  0.302400E+04  0.175000E+01
          1 -0.82752300E-02  0.10000000E-20
          2  0.00000000E+00  0.10000000E-20
      51  0.302400E+04  0.178500E+01
          1 -0.81163147E-02  0.10000000E-20
          2  0.00000000E+00  0.10000000E-20
      52  0.302400E+04  0.182000E+01
          1 -0.79634567E-02  0.10000000E-20
          2  0.00000000E+00  0.10000000E-20
      53  0.302400E+04  0.185500E+01
          1 -0.78163129E-02  0.10000000E-20
          2  0.00000000E+00  0.10000000E-20
      54  0.302400E+04  0.189000E+01
          1 -0.76745672E-02  0.10000000E-20
          2  0.00000000E+00  0.10000000E-20
      55  0.302400E+04  0.192500E+01
          1 -0.75379244E-02  0.10000000E-20
          2  0.00000000E+00  0.10000000E-20
      56  0.302400E+04  0.196000E+01
          1 -0.74061139E-02  0.10000000E-20
          2  0.00000000E+00  0.10000000E-20
      57  0.302400E+04  0.199500E+01
          1 -0.72788817E-02  0.10000000E-20
          2  0.00000000E+00  0.10000000E-20
      58  0.302400E+04  0.203000E+01
          1 -0.71559922E-02  0.10000000E-20
          2  0.00000000E+00  0.10000000E-20
      59  0.302400E+04  0.206500E+01
          1 -0.70372256E-02  0.10000000E-20
          2  0.00000000E+00  0.10000000E-20
      60  0.302400E+04  0.210000E+01
          1 -0.69223770E-02  0.10000000E-20
          2  0.00000000E+00  0.10000000E-20
      61  0.302400E+04  0.213500E+01
          1 -0.68112549E-02  0.10000000E-20
          2  0.00000000E+00  0.10000000E-20
      62  0.302400E+04  0.217000E+01
          1 -0.67036801E-02  0.10000000E-20
          2  0.00000000E+00  0.10000000E-20
      63  0.302400E+04  0.220500E+01
          1 -0.65994859E-02  0.10000000E-20
          2  0.00000000E+00  0.10000000E-20
      64  0.302400E+04  0.224000E+01
          1 -0.64985121E-02  0.10000000E-20
          2  0.00000000E+00  0.10000000E-20
      65  0.302400E+04  0.227500E+01
          1 -0.64006131E-02  0.10000000E-20
          2  0.00000000E+00  0.10000000E-20
      66  0.302400E+04  0.231000E+01
          1 -0.63056525E-02  0.10000000E-20
          2  0.00000000E+00  0.10000000E-20
      67  0.302400E+04  0.234500E+01
          1 -0.62134945E-02  0.10000000E-20
          2  0.00000000E+00  0.10000000E-20
      68  0.302400E+04  0.238000E+01
          1 -0.61240176E-02  0.10000000E-20
          2  0.00000000E+00  0.10000000E-20
      69  0.302400E+04  0.241500E+01
          1 -0.60371105E-02  0.10000000E-20
          2  0.00000000E+00  0.10000000E-20
      70  0.302400E+04  0.245000E+01
          1 -0.59526582E-02  0.10000000E-20
          2  0.00000000E+00  0.10000000E-20
      71  0.302400E+04  0.248500E+01
          1 -0.58705599E-02  0.10000000E-20
          2  0.00000000E+00  0.10000000E-20
      72  0.302400E+04  0.252000E+01
          1 -0.57907179E-02  0.10000000E-20
          2  0.00000000E+00  0.10000000E-20
      73  0.302400E+04  0.255500E+01
          1 -0.57130398E-02  0.10000000E-20
          2  0.00000000E+00  0.10000000E-20
      74  0.302400E+04  0.259000E+01
          1 -0.56374382E-02  0.10000000E-20
          2  0.00000000E+00  0.10000000E-20
      75  0.302400E+04  0.262500E+01
          1 -0.55638304E-02  0.10000000E-20
          2  0.00000000E+00  0.10000000E-20
      76  0.302400E+04  0.266000E+01
          1 -0.54921379E-02  0.10000000E-20
          2  0.00000000E+00  0.10000000E-20
      77  0.302400E+04  0.269500E+01
          1 -0.54222864E-02  0.10000000E-20
          2  0.00000000E+00  0.10000000E-20
      78  0.302400E+04  0.273000E+01
          1 -0.53542050E-02  0.10000000E-20
          2  0.00000000E+00  0.10000000E-20
      79  0.302400E+04  0.276500E+01
          1 -0.52878267E-02  0.10000000E-20
          2  0.00000000E+00  0.10000000E-20
      80  0.302400E+04  0.280000E+01
          1 -0.52230874E-02  0.10000000E-20
          2  0.00000000E+00  0.10000000E-20
      81  0.302400E+04  0.283500E+01
          1 -0.51599288E-02  0.10000000E-20
          2  0.00000000E+00  0.10000000E-20
      82  0.302400E+04  0.287000E+01
          1 -0.50982877E-02  0.10000000E-20
          2  0.00000000E+00  0.10000000E-20
      83  0.302400E+04  0.290500E+01
          1 -0.50381143E-02  0.10000000E-20
          2  0.00000000E+00  0.10000000E-20
      84  0.302400E+04  0.294000E+01
          1 -0.49793522E-02  0.10000000E-20
          2  0.00000000E+00  0.10000000E-20
      85  0.302400E+04  0.297500E+01
          1 -0.49219576E-02  0.10000000E-20
          2  0.00000000E+00  0.10000000E-20
      86  0.302400E+04  0.301000E+01
          1 -0.48658758E-02  0.10000000E-20
          2  0.00000000E+00  0.10000000E-20
      87  0.302400E+04  0.304500E+01
          1 -0.48110644E-02  0.10000000E-20
          2  0.00000000E+00  0.10000000E-20
      88  0.302400E+04  0.308000E+01
          1 -0.47574852E-02  0.10000000E-20
          2  0.00000000E+00  0.10000000E-20
      89  0.302400E+04  0.311500E+01
          1 -0.47050833E-02  0.10000000E-20
          2  0.00000000E+00  0.10000000E-20
      90  0.302400E+04  0.315000E+01
          1 -0.46538285E-02  0.10000000E-20
          2  0.00000000E+00  0.10000000E-20
      91  0.302400E+04  0.318500E+01
          1 -0.46036818E-02  0.10000000E-20
          2  0.00000000E+00  0.10000000E-20
      92  0.302400E+04  0.322000E+01
          1 -0.45546065E-02  0.10000000E-20
          2  0.00000000E+00  0.10000000E-20
      93  0.302400E+04  0.325500E+01
          1 -0.45065679E-02  0.10000000E-20
          2  0.00000000E+00  0.10000000E-20
      94  0.302400E+04  0.329000E+01
          1 -0.44595325E-02  0.10000000E-20
          2  0.00000000E+00  0.10000000E-20
      95  0.302400E+04  0.332500E+01
          1 -0.44134686E-02  0.10000000E-20
          2  0.00000000E+00  0.10000000E-20
      96  0.302400E+04  0.336000E+01
          1 -0.43683455E-02  0.10000000E-20
          2  0.00000000E+00  0.10000000E-20
      97  0.302400E+04  0.339500E+01
          1 -0.43241339E-02  0.10000000E-20
          2  0.00000000E+00  0.10000000E-20
      98  0.302400E+04  0.343000E+01
          1 -0.42808059E-02  0.10000000E-20
          2  0.00000000E+00  0.10000000E-20
      99  0.302400E+04  0.346500E+01
          1 -0.42383344E-02  0.10000000E-20
          2  0.00000000E+00  0.10000000E-20
     100  0.302400E+04  0.350000E+01
