% Shemat-Suite version: Shem-FW/AD/SM 7.50 (Smarty)                                                     
%          build: Mon Jun 17 17:02:19 CEST 2019           
%   build command line: gmake fw hdf noomp PROPS=bas HDF5_MOD=/usr/local_rwth/sw/HDF5/1.10.4/intel_19.0.1.144-intelmpi_2018.4.274/include/ HDF5_LIB=/usr/local_rwth/sw/HDF5/1.10.4/intel_19.0.1.144-intelmpi_2018.4.274/lib/ COMPTYPE=lini64                                            
%        Project: "convection_simple"
%
% <time step> <deltat> <cum time>
%    <iteration> <delta head> <delta temp> (<delta conc> ...)
       0  0.157860E+08  0.000000E+00
          1 -0.43852237E-02  0.26039824E-01
          2 -0.12411182E-04  0.00000000E+00
          3  0.00000000E+00  0.00000000E+00
       1  0.157860E+08  0.100000E+01
          1  0.26869694E-03  0.22548274E-01
          2 -0.12268247E-04  0.00000000E+00
          3  0.00000000E+00  0.00000000E+00
       2  0.157860E+08  0.200000E+01
          1  0.55803863E-04  0.19788040E-01
          2 -0.11018587E-04  0.00000000E+00
          3  0.00000000E+00  0.00000000E+00
       3  0.157860E+08  0.300000E+01
          1  0.11721202E-04  0.17509708E-01
          2 -0.10123164E-04  0.00000000E+00
          3  0.00000000E+00  0.00000000E+00
       4  0.157860E+08  0.400000E+01
          1  0.00000000E+00  0.15586271E-01
          2 -0.11236731E-04  0.00000000E+00
          3  0.00000000E+00  0.00000000E+00
       5  0.157860E+08  0.500000E+01
          1  0.00000000E+00  0.13982394E-01
          2 -0.99092576E-05  0.00000000E+00
          3  0.00000000E+00  0.00000000E+00
       6  0.157860E+08  0.600000E+01
          1  0.00000000E+00  0.00000000E+00
       7  0.157860E+08  0.700000E+01
          1  0.00000000E+00  0.00000000E+00
       8  0.157860E+08  0.800000E+01
          1  0.00000000E+00  0.00000000E+00
       9  0.157860E+08  0.900000E+01
          1  0.00000000E+00  0.00000000E+00
      10  0.157860E+08  0.100000E+02
          1  0.00000000E+00  0.00000000E+00
      11  0.157860E+08  0.110000E+02
          1  0.00000000E+00  0.00000000E+00
      12  0.157860E+08  0.120000E+02
          1  0.00000000E+00  0.00000000E+00
      13  0.157860E+08  0.130000E+02
          1  0.00000000E+00  0.00000000E+00
      14  0.157860E+08  0.140000E+02
          1  0.00000000E+00  0.00000000E+00
      15  0.157860E+08  0.150000E+02
          1  0.00000000E+00  0.00000000E+00
      16  0.157860E+08  0.160000E+02
          1  0.00000000E+00  0.00000000E+00
      17  0.157860E+08  0.170000E+02
          1  0.00000000E+00  0.00000000E+00
      18  0.157860E+08  0.180000E+02
          1  0.00000000E+00  0.00000000E+00
      19  0.157860E+08  0.190000E+02
          1  0.00000000E+00  0.00000000E+00
      20  0.157860E+08  0.200000E+02
          1  0.00000000E+00  0.00000000E+00
      21  0.157860E+08  0.210000E+02
          1  0.00000000E+00  0.00000000E+00
      22  0.157860E+08  0.220000E+02
          1  0.00000000E+00  0.00000000E+00
      23  0.157860E+08  0.230000E+02
          1  0.00000000E+00  0.00000000E+00
      24  0.157860E+08  0.240000E+02
          1  0.00000000E+00  0.00000000E+00
      25  0.157860E+08  0.250000E+02
          1  0.00000000E+00  0.00000000E+00
      26  0.157860E+08  0.260000E+02
          1  0.00000000E+00  0.00000000E+00
      27  0.157860E+08  0.270000E+02
          1  0.00000000E+00  0.00000000E+00
      28  0.157860E+08  0.280000E+02
          1  0.00000000E+00  0.00000000E+00
      29  0.157860E+08  0.290000E+02
          1  0.00000000E+00  0.00000000E+00
      30  0.157860E+08  0.300000E+02
          1  0.00000000E+00  0.00000000E+00
      31  0.157860E+08  0.310000E+02
          1  0.00000000E+00  0.00000000E+00
      32  0.157860E+08  0.320000E+02
          1  0.00000000E+00  0.00000000E+00
      33  0.157860E+08  0.330000E+02
          1  0.00000000E+00  0.00000000E+00
      34  0.157860E+08  0.340000E+02
          1  0.00000000E+00  0.00000000E+00
      35  0.157860E+08  0.350000E+02
          1  0.00000000E+00  0.00000000E+00
      36  0.157860E+08  0.360000E+02
          1  0.00000000E+00  0.00000000E+00
      37  0.157860E+08  0.370000E+02
          1  0.00000000E+00  0.00000000E+00
      38  0.157860E+08  0.380000E+02
          1  0.00000000E+00  0.00000000E+00
      39  0.157860E+08  0.390000E+02
          1  0.00000000E+00  0.00000000E+00
      40  0.157860E+08  0.400000E+02
          1  0.00000000E+00  0.00000000E+00
      41  0.157860E+08  0.410000E+02
          1  0.00000000E+00  0.00000000E+00
      42  0.157860E+08  0.420000E+02
          1  0.00000000E+00  0.00000000E+00
      43  0.157860E+08  0.430000E+02
          1  0.00000000E+00  0.00000000E+00
      44  0.157860E+08  0.440000E+02
          1  0.00000000E+00  0.00000000E+00
      45  0.157860E+08  0.450000E+02
          1  0.00000000E+00  0.00000000E+00
      46  0.157860E+08  0.460000E+02
          1  0.00000000E+00  0.00000000E+00
      47  0.157860E+08  0.470000E+02
          1  0.00000000E+00  0.00000000E+00
      48  0.157860E+08  0.480000E+02
          1  0.00000000E+00  0.00000000E+00
      49  0.157860E+08  0.490000E+02
          1  0.00000000E+00  0.00000000E+00
      50  0.157860E+08  0.500000E+02
          1  0.00000000E+00  0.00000000E+00
      51  0.157860E+08  0.510000E+02
          1  0.00000000E+00  0.00000000E+00
      52  0.157860E+08  0.520000E+02
          1  0.00000000E+00  0.00000000E+00
      53  0.157860E+08  0.530000E+02
          1  0.00000000E+00  0.00000000E+00
      54  0.157860E+08  0.540000E+02
          1  0.00000000E+00  0.00000000E+00
      55  0.157860E+08  0.550000E+02
          1  0.00000000E+00  0.00000000E+00
      56  0.157860E+08  0.560000E+02
          1  0.00000000E+00  0.00000000E+00
      57  0.157860E+08  0.570000E+02
          1  0.00000000E+00  0.00000000E+00
      58  0.157860E+08  0.580000E+02
          1  0.00000000E+00  0.00000000E+00
      59  0.157860E+08  0.590000E+02
          1  0.00000000E+00  0.00000000E+00
      60  0.157860E+08  0.600000E+02
          1  0.00000000E+00  0.00000000E+00
      61  0.157860E+08  0.610000E+02
          1  0.00000000E+00  0.00000000E+00
      62  0.157860E+08  0.620000E+02
          1  0.00000000E+00  0.00000000E+00
      63  0.157860E+08  0.630000E+02
          1  0.00000000E+00  0.00000000E+00
      64  0.157860E+08  0.640000E+02
          1  0.00000000E+00  0.00000000E+00
      65  0.157860E+08  0.650000E+02
          1  0.00000000E+00  0.00000000E+00
      66  0.157860E+08  0.660000E+02
          1  0.00000000E+00  0.00000000E+00
      67  0.157860E+08  0.670000E+02
          1  0.00000000E+00  0.00000000E+00
      68  0.157860E+08  0.680000E+02
          1  0.00000000E+00  0.00000000E+00
      69  0.157860E+08  0.690000E+02
          1  0.00000000E+00  0.00000000E+00
      70  0.157860E+08  0.700000E+02
          1  0.00000000E+00  0.00000000E+00
      71  0.157860E+08  0.710000E+02
          1  0.00000000E+00  0.00000000E+00
      72  0.157860E+08  0.720000E+02
          1  0.00000000E+00  0.00000000E+00
      73  0.157860E+08  0.730000E+02
          1  0.00000000E+00  0.00000000E+00
      74  0.157860E+08  0.740000E+02
          1  0.00000000E+00  0.00000000E+00
      75  0.157860E+08  0.750000E+02
          1  0.00000000E+00  0.00000000E+00
      76  0.157860E+08  0.760000E+02
          1  0.00000000E+00  0.00000000E+00
      77  0.157860E+08  0.770000E+02
          1  0.00000000E+00  0.00000000E+00
      78  0.157860E+08  0.780000E+02
          1  0.00000000E+00  0.00000000E+00
      79  0.157860E+08  0.790000E+02
          1  0.00000000E+00  0.00000000E+00
      80  0.157860E+08  0.800000E+02
          1  0.00000000E+00  0.00000000E+00
      81  0.157860E+08  0.810000E+02
          1  0.00000000E+00  0.00000000E+00
      82  0.157860E+08  0.820000E+02
          1  0.00000000E+00  0.00000000E+00
      83  0.157860E+08  0.830000E+02
          1  0.00000000E+00  0.00000000E+00
      84  0.157860E+08  0.840000E+02
          1  0.00000000E+00  0.00000000E+00
      85  0.157860E+08  0.850000E+02
          1  0.00000000E+00  0.00000000E+00
      86  0.157860E+08  0.860000E+02
          1  0.00000000E+00  0.00000000E+00
      87  0.157860E+08  0.870000E+02
          1  0.00000000E+00  0.00000000E+00
      88  0.157860E+08  0.880000E+02
          1  0.00000000E+00  0.00000000E+00
      89  0.157860E+08  0.890000E+02
          1  0.00000000E+00  0.00000000E+00
      90  0.157860E+08  0.900000E+02
          1  0.00000000E+00  0.00000000E+00
      91  0.157860E+08  0.910000E+02
          1  0.00000000E+00  0.00000000E+00
      92  0.157860E+08  0.920000E+02
          1  0.00000000E+00  0.00000000E+00
      93  0.157860E+08  0.930000E+02
          1  0.00000000E+00  0.00000000E+00
      94  0.157860E+08  0.940000E+02
          1  0.00000000E+00  0.00000000E+00
      95  0.157860E+08  0.950000E+02
          1  0.00000000E+00  0.00000000E+00
      96  0.157860E+08  0.960000E+02
          1  0.00000000E+00  0.00000000E+00
      97  0.157860E+08  0.970000E+02
          1  0.00000000E+00  0.00000000E+00
      98  0.157860E+08  0.980000E+02
          1  0.00000000E+00  0.00000000E+00
      99  0.157860E+08  0.990000E+02
          1  0.00000000E+00  0.00000000E+00
     100  0.157860E+08  0.100000E+03
