% Shemat-Suite version: Shem-FW/AD/SM 7.50 (Smarty)                                                     
%          build: Fr 17. Mai 14:00:11 CEST 2019           
%   build command line: gmake fw nohdf PROPS=kola HDF5_MOD=/include/ HDF5_LIB=/lib/ COMPTYPE=ling64                                                                                                                                                                                     
%        Project: "fw_kola_2D-Heat-Conduction"
%
%    <iteration> <delta head> <delta temp> (<delta conc> ...)
          1  0.10000000E-20 -0.10805814E+03
          2  0.10000000E-20 -0.11867112E+01
          3  0.10000000E-20 -0.60530795E+00
          4  0.10000000E-20 -0.30868556E+00
          5  0.10000000E-20 -0.15736982E+00
          6  0.10000000E-20 -0.80201186E-01
          7  0.10000000E-20 -0.40859576E-01
          8  0.10000000E-20 -0.20809597E-01
          9  0.10000000E-20 -0.10594850E-01
         10  0.10000000E-20 -0.53925465E-02
         11  0.10000000E-20 -0.27438775E-02
         12  0.10000000E-20 -0.13957455E-02
         13  0.10000000E-20 -0.70977243E-03
         14  0.10000000E-20 -0.36086520E-03
         15  0.10000000E-20 -0.18341555E-03
         16  0.10000000E-20 -0.93189635E-04
         17  0.10000000E-20 -0.47360477E-04
         18  0.10000000E-20 -0.24053480E-04
         19  0.10000000E-20 -0.12212393E-04
         20  0.10000000E-20 -0.61719192E-05
         21  0.10000000E-20 -0.31483088E-05
         22  0.10000000E-20 -0.57908119E-06
         23  0.10000000E-20 -0.13408243E-05
         24  0.10000000E-20 -0.23068517E-06
         25  0.10000000E-20 -0.55401299E-06
         26  0.10000000E-20 -0.11026633E-06
         27  0.10000000E-20 -0.30289495E-06
         28  0.10000000E-20 -0.11341215E-06
         29  0.10000000E-20 -0.57420664E-08
