% Shemat-Suite version: Shem-FW/AD/SM 7.50 (Smarty)                                                     
%          build: Di 8. Nov 15:58:10 CET 2016             
%   build command line: make fw nohdf PROPS=basc COMPTYPE=ling64                                                                                                                                                                                                                        
%        Project: "salt"
%
% <time step> <deltat> <cum time>
%    <iteration> <delta head> <delta temp> (<delta conc> ...)
       0  0.432000E+05  0.000000E+00
          1  0.97865211E-02  0.10000000E-20 -0.28162977E+00
          2 -0.72349018E-01  0.10000000E-20 -0.45959146E-01
          3 -0.22904354E-02  0.10000000E-20 -0.13956907E-02
          4 -0.31150312E-04  0.10000000E-20 -0.41329774E-04
          5 -0.12548848E-05  0.10000000E-20  0.19239774E-05
          6 -0.43491966E-07  0.10000000E-20 -0.12219347E-06
          7  0.30237501E-08  0.10000000E-20  0.73457254E-08
          8  0.87144514E-09  0.10000000E-20 -0.49384863E-09
          9  0.58452088E-09  0.10000000E-20 -0.33761771E-10
         10 -0.15529125E-08  0.10000000E-20  0.28103075E-11
         11  0.39837289E-09  0.10000000E-20 -0.95290442E-12
         12  0.94604502E-09  0.10000000E-20  0.51314508E-12
         13 -0.11653114E-08  0.10000000E-20 -0.45718984E-12
         14  0.37509551E-09  0.10000000E-20  0.51947335E-12
         15  0.95837294E-09  0.10000000E-20  0.45419224E-12
         16 -0.24002134E-10  0.10000000E-20 -0.52935434E-12
       1  0.432000E+05  0.500000E+00
          1 -0.76462589E-05  0.10000000E-20 -0.17020768E+00
          2 -0.48558170E-02  0.10000000E-20  0.70873656E-02
          3  0.20294374E-03  0.10000000E-20 -0.20232838E-03
          4 -0.37849720E-05  0.10000000E-20 -0.86819695E-05
          5  0.16628349E-06  0.10000000E-20 -0.43556094E-06
          6  0.55644520E-08  0.10000000E-20  0.25821253E-07
          7 -0.21469759E-08  0.10000000E-20 -0.15396231E-08
          8  0.34570036E-08  0.10000000E-20  0.91985086E-10
          9 -0.22957352E-08  0.10000000E-20 -0.56995519E-11
         10  0.59053917E-09  0.10000000E-20 -0.80335738E-12
         11 -0.27251446E-09  0.10000000E-20 -0.41278092E-12
         12 -0.45920956E-09  0.10000000E-20  0.45330406E-12
         13  0.12322232E-09  0.10000000E-20 -0.54667382E-12
         14 -0.10700205E-08  0.10000000E-20  0.43931525E-12
         15  0.28143106E-08  0.10000000E-20 -0.43431925E-12
         16 -0.23714577E-08  0.10000000E-20 -0.43165471E-12
         17 -0.30327385E-09  0.10000000E-20 -0.41622261E-12
         18  0.16522250E-08  0.10000000E-20  0.40523140E-12
         19 -0.12870700E-08  0.10000000E-20 -0.49882320E-12
       2  0.432000E+05  0.100000E+01
          1  0.39245315E-07  0.10000000E-20 -0.25404778E-01
          2 -0.84047300E-03  0.10000000E-20  0.27278390E-03
          3  0.68367584E-05  0.10000000E-20 -0.19742909E-05
          4 -0.29883886E-07  0.10000000E-20 -0.22484226E-07
          5  0.58332716E-09  0.10000000E-20 -0.27745009E-09
          6 -0.10842882E-09  0.10000000E-20 -0.33114345E-11
          7  0.85684349E-10  0.10000000E-20 -0.17785773E-12
       3  0.777600E+04  0.109000E+01
          1  0.32924952E-07  0.10000000E-20 -0.21846387E-01
          2 -0.81524540E-03  0.10000000E-20 -0.23149381E-03
          3  0.62571821E-05  0.10000000E-20 -0.16362846E-05
          4 -0.25357622E-07  0.10000000E-20 -0.17845467E-07
          5  0.44930459E-09  0.10000000E-20 -0.21130991E-09
          6  0.62918559E-10  0.10000000E-20 -0.24235336E-11
       4  0.777600E+04  0.118000E+01
          1  0.30176942E-07  0.10000000E-20 -0.18923497E-01
          2 -0.79169506E-03  0.10000000E-20 -0.20391462E-03
          3  0.57548016E-05  0.10000000E-20 -0.13672218E-05
          4 -0.21210155E-07  0.10000000E-20 -0.14315046E-07
          5 -0.51388582E-09  0.10000000E-20 -0.16295271E-09
          6  0.32248693E-09  0.10000000E-20 -0.18218760E-11
       5  0.777600E+04  0.127000E+01
          1  0.28750001E-07  0.10000000E-20 -0.17272338E-01
          2 -0.76963716E-03  0.10000000E-20 -0.18068447E-03
          3  0.53172294E-05  0.10000000E-20 -0.11512298E-05
          4 -0.18724933E-07  0.10000000E-20 -0.11597896E-07
          5  0.50597748E-09  0.10000000E-20 -0.12720613E-09
          6 -0.59387162E-10  0.10000000E-20  0.14356294E-11
       6  0.777600E+04  0.136000E+01
          1  0.27155139E-07  0.10000000E-20 -0.15796091E-01
          2 -0.74890295E-03  0.10000000E-20 -0.16099567E-03
          3  0.49316927E-05  0.10000000E-20 -0.97640901E-06
          4 -0.15717397E-07  0.10000000E-20 -0.94841630E-08
          5  0.16236612E-09  0.10000000E-20 -0.10041007E-09
          6 -0.44087756E-09  0.10000000E-20  0.12116974E-11
          7  0.26408742E-09  0.10000000E-20 -0.20505819E-12
       7  0.777600E+04  0.145000E+01
          1  0.25201643E-07  0.10000000E-20 -0.15093769E-01
          2 -0.72934607E-03  0.10000000E-20 -0.14420723E-03
          3  0.45911240E-05  0.10000000E-20 -0.83377900E-06
          4 -0.14425446E-07  0.10000000E-20 -0.78229386E-08
          5  0.46750870E-09  0.10000000E-20 -0.82400642E-10
          6 -0.14367174E-09  0.10000000E-20  0.10915713E-11
          7 -0.11882406E-09  0.10000000E-20  0.17841284E-12
          8  0.85684349E-10  0.10000000E-20  0.17985613E-12
       8  0.777600E+04  0.154000E+01
          1  0.23487807E-07  0.10000000E-20 -0.14612451E-01
          2 -0.71083878E-03  0.10000000E-20 -0.12980770E-03
          3  0.42890788E-05  0.10000000E-20 -0.71651486E-06
          4 -0.12691643E-07  0.10000000E-20  0.65657840E-08
          5 -0.36620662E-09  0.10000000E-20 -0.71565420E-10
          6 -0.19031887E-09  0.10000000E-20  0.91382457E-12
          7  0.43819171E-09  0.10000000E-20  0.17041923E-12
          8 -0.28067149E-09  0.10000000E-20 -0.14377388E-12
       9  0.777600E+04  0.163000E+01
          1  0.22558631E-07  0.10000000E-20 -0.14108070E-01
          2 -0.69326729E-03  0.10000000E-20 -0.11738676E-03
          3  0.40175560E-05  0.10000000E-20 -0.61939245E-06
          4 -0.11065183E-07  0.10000000E-20  0.58528560E-08
          5  0.95845110E-10  0.10000000E-20 -0.61732730E-10
      10  0.777600E+04  0.172000E+01
          1  0.21973861E-07  0.10000000E-20 -0.13592905E-01
          2 -0.67653473E-03  0.10000000E-20 -0.10661346E-03
          3  0.37745824E-05  0.10000000E-20 -0.53838358E-06
          4 -0.10373483E-07  0.10000000E-20  0.52030049E-08
          5  0.24581226E-09  0.10000000E-20 -0.53248683E-10
          6 -0.17801227E-09  0.10000000E-20 -0.60551564E-12
      11  0.777600E+04  0.181000E+01
          1  0.21040215E-07  0.10000000E-20 -0.13076295E-01
          2 -0.66055223E-03  0.10000000E-20 -0.97219506E-04
          3  0.35570924E-05  0.10000000E-20 -0.47035987E-06
          4 -0.90543466E-08  0.10000000E-20  0.46169841E-08
          5  0.32093794E-09  0.10000000E-20 -0.45802084E-10
          6 -0.17737278E-09  0.10000000E-20 -0.58630878E-12
      12  0.777600E+04  0.190000E+01
          1  0.19929182E-07  0.10000000E-20 -0.12565234E-01
          2 -0.64524500E-03  0.10000000E-20 -0.88986285E-04
          3  0.33935010E-05  0.10000000E-20 -0.41287413E-06
          4 -0.82643794E-08  0.10000000E-20  0.40922590E-08
          5 -0.11687717E-09  0.10000000E-20 -0.39824477E-10
          6  0.67807093E-10  0.10000000E-20 -0.54733995E-12
      13  0.777600E+04  0.199000E+01
          1 -0.19158378E-07  0.10000000E-20 -0.12064849E-01
          2 -0.63054751E-03  0.10000000E-20 -0.81734784E-04
          3  0.32400159E-05  0.10000000E-20 -0.37043101E-06
          4 -0.77143980E-08  0.10000000E-20  0.36250115E-08
          5  0.32682834E-09  0.10000000E-20 -0.35793091E-10
          6 -0.23315749E-09  0.10000000E-20 -0.44853010E-12
      14  0.777600E+04  0.208000E+01
          1 -0.18740835E-07  0.10000000E-20 -0.11578797E-01
          2 -0.61640369E-03  0.10000000E-20 -0.75317706E-04
          3  0.30962339E-05  0.10000000E-20 -0.33717153E-06
          4 -0.70506871E-08  0.10000000E-20  0.32100487E-08
          5 -0.20219915E-09  0.10000000E-20 -0.32221004E-10
          6  0.33196557E-10  0.10000000E-20 -0.36631809E-12
      15  0.777600E+04  0.217000E+01
          1 -0.19040868E-07  0.10000000E-20 -0.11109586E-01
          2 -0.60276178E-03  0.10000000E-20 -0.69613284E-04
          3  0.29612319E-05  0.10000000E-20 -0.30680217E-06
          4 -0.64585421E-08  0.10000000E-20  0.28429595E-08
          5 -0.12962431E-09  0.10000000E-20 -0.28887281E-10
          6 -0.51727511E-11  0.10000000E-20 -0.38269388E-12
      16  0.777600E+04  0.226000E+01
          1 -0.18447871E-07  0.10000000E-20 -0.10658827E-01
          2 -0.58958081E-03  0.10000000E-20 -0.64520393E-04
          3  0.28347709E-05  0.10000000E-20 -0.27915602E-06
          4  0.55867559E-08  0.10000000E-20 -0.25334874E-08
          5 -0.22011903E-09  0.10000000E-20 -0.25961844E-10
          6 -0.14232882E-09  0.10000000E-20 -0.32701619E-12
          7  0.12205703E-09  0.10000000E-20  0.16986412E-12
      17  0.777600E+04  0.235000E+01
          1 -0.17806713E-07  0.10000000E-20 -0.10227445E-01
          2 -0.57682138E-03  0.10000000E-20 -0.59954675E-04
          3  0.27158783E-05  0.10000000E-20 -0.25404513E-06
          4 -0.59913532E-08  0.10000000E-20 -0.23224026E-08
          5  0.19374369E-09  0.10000000E-20 -0.23164304E-10
          6 -0.35902303E-09  0.10000000E-20 -0.30492275E-12
      18  0.777600E+04  0.244000E+01
          1 -0.17741627E-07  0.10000000E-20 -0.99378065E-02
          2 -0.56445031E-03  0.10000000E-20 -0.55845450E-04
          3  0.26038691E-05  0.10000000E-20 -0.23127361E-06
          4 -0.51381903E-08  0.10000000E-20 -0.21271122E-08
          5 -0.52898486E-09  0.10000000E-20 -0.20728308E-10
          6  0.29493918E-09  0.10000000E-20 -0.28455016E-12
          7  0.21089619E-09  0.10000000E-20 -0.96478381E-13
          8 -0.22448177E-09  0.10000000E-20  0.19173552E-12
      19  0.777600E+04  0.253000E+01
          1 -0.17036967E-07  0.10000000E-20 -0.96975640E-02
          2 -0.55244060E-03  0.10000000E-20 -0.52133245E-04
          3  0.24989934E-05  0.10000000E-20  0.21225228E-06
          4 -0.53704028E-08  0.10000000E-20 -0.19471011E-08
          5  0.37747583E-09  0.10000000E-20 -0.18534063E-10
          6 -0.19917934E-09  0.10000000E-20 -0.24330538E-12
      20  0.777600E+04  0.262000E+01
          1 -0.16950928E-07  0.10000000E-20 -0.94580952E-02
          2 -0.54076478E-03  0.10000000E-20 -0.48767809E-04
          3  0.23990490E-05  0.10000000E-20  0.19633447E-06
          4 -0.49483404E-08  0.10000000E-20 -0.17819516E-08
          5  0.59472427E-10  0.10000000E-20 -0.16565305E-10
      21  0.777600E+04  0.271000E+01
          1 -0.16583620E-07  0.10000000E-20 -0.92206023E-02
          2 -0.52940244E-03  0.10000000E-20 -0.45706509E-04
          3  0.23052353E-05  0.10000000E-20  0.18413052E-06
          4 -0.49120246E-08  0.10000000E-20 -0.16305416E-08
          5  0.75182527E-10  0.10000000E-20 -0.14797830E-10
      22  0.777600E+04  0.280000E+01
          1 -0.16894255E-07  0.10000000E-20 -0.89860589E-02
          2 -0.51833363E-03  0.10000000E-20 -0.42913026E-04
          3  0.22159028E-05  0.10000000E-20  0.17371790E-06
          4 -0.42685926E-08  0.10000000E-20 -0.14919994E-08
          5 -0.13678658E-09  0.10000000E-20 -0.13296919E-10
          6 -0.20649793E-09  0.10000000E-20  0.21016522E-12
          7  0.48032689E-11  0.10000000E-20 -0.14066526E-12
      23  0.777600E+04  0.289000E+01
          1 -0.16775388E-07  0.10000000E-20 -0.87990507E-02
          2 -0.50754351E-03  0.10000000E-20 -0.40356303E-04
          3  0.21335065E-05  0.10000000E-20  0.16380930E-06
          4 -0.44076316E-08  0.10000000E-20 -0.13656249E-08
          5  0.46156146E-09  0.10000000E-20  0.12082002E-10
          6  0.83488771E-11  0.10000000E-20 -0.18074431E-12
      24  0.777600E+04  0.298000E+01
          1 -0.15427538E-07  0.10000000E-20 -0.86658381E-02
          2 -0.49701600E-03  0.10000000E-20 -0.38009675E-04
          3  0.20537863E-05  0.10000000E-20  0.15438462E-06
          4 -0.41993644E-08  0.10000000E-20 -0.12500582E-08
          5 -0.57028871E-09  0.10000000E-20  0.11087020E-10
          6  0.34287240E-09  0.10000000E-20  0.16736612E-12
          7 -0.36614267E-10  0.10000000E-20 -0.92814645E-13
      25  0.777600E+04  0.307000E+01
          1 -0.16026377E-07  0.10000000E-20 -0.85276811E-02
          2 -0.48673698E-03  0.10000000E-20 -0.35850162E-04
          3  0.19779819E-05  0.10000000E-20  0.14542495E-06
          4 -0.34348062E-08  0.10000000E-20 -0.11446979E-08
          5  0.12397550E-09  0.10000000E-20  0.10260237E-10
          6 -0.26239633E-09  0.10000000E-20  0.17602586E-12
      26  0.777600E+04  0.316000E+01
          1 -0.15973697E-07  0.10000000E-20 -0.83857276E-02
          2 -0.47669697E-03  0.10000000E-20 -0.34155520E-04
          3  0.19068630E-05  0.10000000E-20  0.13691248E-06
          4 -0.34234802E-08  0.10000000E-20 -0.10486406E-08
          5  0.57553962E-10  0.10000000E-20  0.94945718E-11
      27  0.777600E+04  0.325000E+01
          1 -0.15823609E-07  0.10000000E-20 -0.82409892E-02
          2 -0.46961409E-03  0.10000000E-20 -0.32558702E-04
          3  0.18398650E-05  0.10000000E-20  0.12883020E-06
          4 -0.37212899E-08  0.10000000E-20 -0.96111702E-09
          5 -0.46341597E-10  0.10000000E-20  0.87783669E-11
      28  0.777600E+04  0.334000E+01
          1 -0.15278310E-07  0.10000000E-20 -0.80943535E-02
          2 -0.46281669E-03  0.10000000E-20 -0.31046579E-04
          3  0.17755877E-05  0.10000000E-20  0.12116141E-06
          4 -0.41143124E-08  0.10000000E-20 -0.88126384E-09
          5  0.27505109E-09  0.10000000E-20  0.80372931E-11
          6  0.11321788E-09  0.10000000E-20  0.13522516E-12
          7  0.47741366E-10  0.10000000E-20 -0.10080825E-12
      29  0.777600E+04  0.343000E+01
          1 -0.15438182E-07  0.10000000E-20 -0.79465951E-02
          2 -0.45612310E-03  0.10000000E-20 -0.29614638E-04
          3  0.17143203E-05  0.10000000E-20  0.11389002E-06
          4 -0.31917864E-08  0.10000000E-20 -0.80841356E-09
          5 -0.51025495E-09  0.10000000E-20  0.74131812E-11
          6  0.13865531E-09  0.10000000E-20  0.12767565E-12
          7 -0.41190162E-10  0.10000000E-20  0.86819441E-13
      30  0.777600E+04  0.352000E+01
          1 -0.15261136E-07  0.10000000E-20 -0.77983874E-02
          2 -0.44952938E-03  0.10000000E-20 -0.28258503E-04
          3  0.16561950E-05  0.10000000E-20  0.10700038E-06
          4 -0.30063418E-08  0.10000000E-20 -0.74209688E-09
          5  0.77051254E-10  0.10000000E-20  0.67671979E-11
      31  0.777600E+04  0.361000E+01
          1 -0.15026039E-07  0.10000000E-20 -0.76503122E-02
          2 -0.44303088E-03  0.10000000E-20 -0.26973967E-04
          3  0.16014522E-05  0.10000000E-20  0.10047710E-06
          4 -0.31012348E-08  0.10000000E-20 -0.68141293E-09
          5 -0.20281021E-09  0.10000000E-20  0.62190253E-11
          6 -0.11311130E-09  0.10000000E-20  0.16009416E-12
          7  0.84078522E-10  0.10000000E-20 -0.10946799E-12
      32  0.777600E+04  0.370000E+01
          1 -0.14975761E-07  0.10000000E-20 -0.75028698E-02
          2 -0.43662341E-03  0.10000000E-20 -0.25757003E-04
          3  0.15488968E-05  0.10000000E-20  0.94305235E-07
          4 -0.34969787E-08  0.10000000E-20 -0.62622413E-09
          5  0.18794566E-09  0.10000000E-20  0.56361027E-11
          6  0.17287505E-10  0.10000000E-20  0.17219559E-12
      33  0.777600E+04  0.379000E+01
          1 -0.15112803E-07  0.10000000E-20 -0.73564876E-02
          2 -0.43030264E-03  0.10000000E-20 -0.24603773E-04
          3  0.14977430E-05  0.10000000E-20  0.88469990E-07
          4 -0.24329339E-08  0.10000000E-20 -0.57562077E-09
          5 -0.37402259E-09  0.10000000E-20  0.52614024E-11
          6  0.33509195E-10  0.10000000E-20 -0.14177548E-12
      34  0.777600E+04  0.388000E+01
          1 -0.14493551E-07  0.10000000E-20 -0.72115282E-02
          2 -0.42406881E-03  0.10000000E-20 -0.23510633E-04
          3  0.14498350E-05  0.10000000E-20  0.82956791E-07
          4 -0.27207605E-08  0.10000000E-20 -0.52948268E-09
          5  0.32674308E-09  0.10000000E-20  0.47011284E-11
          6 -0.18626878E-09  0.10000000E-20 -0.17219559E-12
      35  0.777600E+04  0.397000E+01
          1 -0.14594050E-07  0.10000000E-20 -0.70682968E-02
          2 -0.41791768E-03  0.10000000E-20 -0.22474134E-04
          3  0.14050619E-05  0.10000000E-20  0.77751515E-07
          4  0.20174653E-08  0.10000000E-20 -0.48734367E-09
          5 -0.38373571E-09  0.10000000E-20  0.44051429E-11
          6 -0.27462477E-10  0.10000000E-20 -0.14388490E-12
      36  0.777600E+04  0.406000E+01
          1 -0.14383161E-07  0.10000000E-20 -0.69270476E-02
          2 -0.41184542E-03  0.10000000E-20 -0.21491016E-04
          3  0.13606166E-05  0.10000000E-20  0.72840325E-07
          4 -0.28761065E-08  0.10000000E-20 -0.44877257E-09
          5  0.60057204E-09  0.10000000E-20  0.39507841E-11
          6 -0.20376945E-09  0.10000000E-20  0.10902390E-12
          7  0.19408475E-09  0.10000000E-20  0.10280665E-12
      37  0.777600E+04  0.415000E+01
          1 -0.14249082E-07  0.10000000E-20 -0.67879904E-02
          2 -0.40585272E-03  0.10000000E-20 -0.20558205E-04
          3  0.13234208E-05  0.10000000E-20  0.68209723E-07
          4 -0.22737225E-08  0.10000000E-20  0.41535780E-09
          5  0.34780356E-09  0.10000000E-20  0.36651238E-11
          6 -0.62748029E-10  0.10000000E-20  0.14055423E-12
      38  0.777600E+04  0.424000E+01
          1 -0.13648048E-07  0.10000000E-20 -0.66512955E-02
          2 -0.39993799E-03  0.10000000E-20 -0.19672805E-04
          3  0.12885898E-05  0.10000000E-20  0.63846496E-07
          4 -0.17202595E-08  0.10000000E-20  0.38674286E-09
          5 -0.48693494E-10  0.10000000E-20  0.33084646E-11
      39  0.777600E+04  0.433000E+01
          1 -0.13291022E-07  0.10000000E-20 -0.65170990E-02
          2 -0.39409847E-03  0.10000000E-20 -0.18832095E-04
          3  0.12541358E-05  0.10000000E-20  0.59737649E-07
          4 -0.19813768E-08  0.10000000E-20  0.35992481E-09
          5  0.11094414E-09  0.10000000E-20  0.31020742E-11
          6 -0.12384760E-10  0.10000000E-20 -0.12057022E-12
      40  0.777600E+04  0.442000E+01
          1 -0.13354956E-07  0.10000000E-20 -0.63855066E-02
          2 -0.38833455E-03  0.10000000E-20 -0.18184553E-04
          3  0.12220850E-05  0.10000000E-20  0.55870875E-07
          4 -0.19911184E-08  0.10000000E-20  0.33450115E-09
          5 -0.95397468E-10  0.10000000E-20  0.28582692E-11
      41  0.777600E+04  0.451000E+01
          1 -0.14016187E-07  0.10000000E-20 -0.62780300E-02
          2 -0.38264244E-03  0.10000000E-20 -0.17578155E-04
          3  0.11900949E-05  0.10000000E-20  0.52332377E-07
          4 -0.18240343E-08  0.10000000E-20  0.31076275E-09
          5  0.23693758E-09  0.10000000E-20  0.25558444E-11
          6  0.13570656E-09  0.10000000E-20 -0.12234658E-12
          7 -0.45204729E-10  0.10000000E-20  0.12179147E-12
      42  0.777600E+04  0.460000E+01
          1 -0.12926563E-07  0.10000000E-20 -0.61759214E-02
          2 -0.37702530E-03  0.10000000E-20 -0.16996163E-04
          3  0.11592552E-05  0.10000000E-20  0.49704795E-07
          4 -0.22691466E-08  0.10000000E-20  0.28827762E-09
          5  0.26788882E-09  0.10000000E-20  0.24073521E-11
          6 -0.15761259E-09  0.10000000E-20 -0.11546319E-12
      43  0.777600E+04  0.469000E+01
          1 -0.13481198E-07  0.10000000E-20 -0.60749577E-02
          2 -0.37147939E-03  0.10000000E-20 -0.16437428E-04
          3  0.11296098E-05  0.10000000E-20  0.47247335E-07
          4 -0.17049402E-08  0.10000000E-20  0.26724617E-09
          5  0.36128256E-09  0.10000000E-20  0.22039037E-11
          6 -0.34751224E-09  0.10000000E-20 -0.15254464E-12
      44  0.777600E+04  0.478000E+01
          1 -0.13300436E-07  0.10000000E-20 -0.59752446E-02
          2 -0.36600510E-03  0.10000000E-20 -0.15900857E-04
          3  0.11017704E-05  0.10000000E-20  0.44946674E-07
          4 -0.19252653E-08  0.10000000E-20  0.24753460E-09
          5  0.98054898E-11  0.10000000E-20  0.21160296E-11
      45  0.777600E+04  0.487000E+01
          1 -0.12710871E-07  0.10000000E-20 -0.58768708E-02
          2 -0.36060263E-03  0.10000000E-20 -0.15385415E-04
          3  0.10734990E-05  0.10000000E-20  0.42790700E-07
          4  0.15685160E-08  0.10000000E-20  0.22911878E-09
          5  0.77264417E-10  0.10000000E-20  0.18946511E-11
      46  0.777600E+04  0.496000E+01
          1 -0.12201070E-07  0.10000000E-20 -0.57799100E-02
          2 -0.35527063E-03  0.10000000E-20 -0.14890120E-04
          3  0.10484062E-05  0.10000000E-20  0.40768295E-07
          4 -0.16528787E-08  0.10000000E-20  0.21178248E-09
          5 -0.74940942E-10  0.10000000E-20  0.17549295E-11
      47  0.777600E+04  0.505000E+01
          1 -0.12956193E-07  0.10000000E-20 -0.56844222E-02
          2 -0.35000815E-03  0.10000000E-20 -0.14414042E-04
          3  0.10261004E-05  0.10000000E-20  0.38869571E-07
          4 -0.15513706E-08  0.10000000E-20  0.19564972E-09
          5  0.66535222E-10  0.10000000E-20  0.16376345E-11
      48  0.777600E+04  0.514000E+01
          1 -0.12956512E-07  0.10000000E-20 -0.55904557E-02
          2 -0.34481564E-03  0.10000000E-20 -0.13956299E-04
          3  0.10040871E-05  0.10000000E-20  0.37085334E-07
          4 -0.12059616E-08  0.10000000E-20  0.18043639E-09
          5  0.31164404E-10  0.10000000E-20  0.14903634E-11
      49  0.777600E+04  0.523000E+01
          1 -0.12769036E-07  0.10000000E-20 -0.54980482E-02
          2 -0.33969252E-03  0.10000000E-20 -0.13516055E-04
          3  0.98202254E-06  0.10000000E-20  0.35407080E-07
          4 -0.14697719E-08  0.10000000E-20  0.16628360E-09
          5  0.37633185E-09  0.10000000E-20  0.14081514E-11
          6  0.21805846E-09  0.10000000E-20 -0.13600232E-12
          7 -0.18596324E-09  0.10000000E-20 -0.92481578E-13
      50  0.777600E+04  0.532000E+01
          1 -0.12562303E-07  0.10000000E-20 -0.54072280E-02
          2 -0.33463842E-03  0.10000000E-20 -0.13092516E-04
          3  0.96105386E-06  0.10000000E-20  0.33827281E-07
          4 -0.13607035E-08  0.10000000E-20  0.15313245E-09
          5 -0.18434321E-09  0.10000000E-20  0.12447821E-11
          6 -0.15494095E-09  0.10000000E-20 -0.92204022E-13
          7  0.86700425E-10  0.10000000E-20 -0.87263530E-13
      51  0.777600E+04  0.541000E+01
          1 -0.12771586E-07  0.10000000E-20 -0.53180154E-02
          2 -0.32965318E-03  0.10000000E-20 -0.12684933E-04
          3  0.94098913E-06  0.10000000E-20  0.32338833E-07
          4 -0.12109211E-08  0.10000000E-20  0.14085522E-09
          5 -0.15394619E-09  0.10000000E-20  0.11535772E-11
          6  0.19860380E-09  0.10000000E-20  0.97033492E-13
      52  0.777600E+04  0.550000E+01
          1 -0.12434704E-07  0.10000000E-20 -0.52304232E-02
          2 -0.32473632E-03  0.10000000E-20 -0.12292592E-04
          3  0.92142569E-06  0.10000000E-20  0.30935418E-07
          4 -0.14269546E-08  0.10000000E-20  0.12932255E-09
          5  0.76404660E-10  0.10000000E-20  0.10906831E-11
      53  0.777600E+04  0.559000E+01
          1 -0.12095157E-07  0.10000000E-20 -0.51486673E-02
          2 -0.31988772E-03  0.10000000E-20 -0.11914818E-04
          3  0.90255234E-06  0.10000000E-20  0.29611051E-07
          4  0.10030448E-08  0.10000000E-20 -0.11948503E-09
          5 -0.13358914E-09  0.10000000E-20  0.99403819E-12
          6 -0.78799189E-10  0.10000000E-20  0.94368957E-13
      54  0.777600E+04  0.568000E+01
          1 -0.12040893E-07  0.10000000E-20 -0.50732635E-02
          2 -0.31510618E-03  0.10000000E-20 -0.11550970E-04
          3  0.88553578E-06  0.10000000E-20  0.28360221E-07
          4 -0.93978514E-09  0.10000000E-20 -0.11109996E-09
          5  0.17951152E-09  0.10000000E-20  0.89817043E-12
          6 -0.36095571E-10  0.10000000E-20  0.94924069E-13
      55  0.777600E+04  0.577000E+01
          1 -0.11931711E-07  0.10000000E-20 -0.49989877E-02
          2 -0.31039263E-03  0.10000000E-20 -0.11200439E-04
          3  0.87037036E-06  0.10000000E-20  0.27178148E-07
          4 -0.15762254E-08  0.10000000E-20 -0.10316742E-09
          5  0.23660363E-09  0.10000000E-20  0.90899510E-12
          6 -0.97152508E-10  0.10000000E-20  0.11057821E-12
      56  0.777600E+04  0.586000E+01
          1 -0.11995780E-07  0.10000000E-20 -0.49258505E-02
          2 -0.30574491E-03  0.10000000E-20 -0.10862648E-04
          3  0.85377247E-06  0.10000000E-20  0.26059943E-07
          4 -0.16017765E-08  0.10000000E-20 -0.95905894E-10
          5  0.32367353E-09  0.10000000E-20  0.76588735E-12
          6 -0.52651217E-10  0.10000000E-20  0.82822638E-13
      57  0.777600E+04  0.595000E+01
          1 -0.12044126E-07  0.10000000E-20 -0.48538586E-02
          2 -0.30116479E-03  0.10000000E-20 -0.10537049E-04
          3  0.83815557E-06  0.10000000E-20  0.25001628E-07
          4  0.80975582E-09  0.10000000E-20 -0.89223740E-10
          5 -0.12981616E-10  0.10000000E-20  0.66463501E-12
      58  0.777600E+04  0.604000E+01
          1 -0.11941204E-07  0.10000000E-20 -0.47830156E-02
          2 -0.29665124E-03  0.10000000E-20 -0.10223121E-04
          3  0.82400449E-06  0.10000000E-20  0.23999170E-07
          4  0.98266639E-09  0.10000000E-20 -0.83520302E-10
          5 -0.73228534E-09  0.10000000E-20  0.66763262E-12
          6  0.18459900E-09  0.10000000E-20 -0.10158541E-12
          7 -0.17301005E-09  0.10000000E-20 -0.70277117E-13
      59  0.777600E+04  0.613000E+01
          1 -0.11618766E-07  0.10000000E-20 -0.47133222E-02
          2 -0.29220291E-03  0.10000000E-20 -0.99203679E-05
          3  0.80881459E-06  0.10000000E-20  0.23048916E-07
          4  0.78775031E-09  0.10000000E-20 -0.78734241E-10
          5  0.30404124E-10  0.10000000E-20  0.61350924E-12
      60  0.777600E+04  0.622000E+01
          1 -0.11315997E-07  0.10000000E-20 -0.46447768E-02
          2 -0.28781979E-03  0.10000000E-20 -0.96283201E-05
          3  0.79402315E-06  0.10000000E-20  0.22147572E-07
          4 -0.17721291E-08  0.10000000E-20 -0.74392992E-10
          5  0.29274361E-09  0.10000000E-20  0.52979843E-12
          6  0.42090420E-09  0.10000000E-20 -0.95590202E-13
          7 -0.54683369E-09  0.10000000E-20  0.80158102E-13
      61  0.777600E+04  0.631000E+01
          1 -0.12009487E-07  0.10000000E-20 -0.45773754E-02
          2 -0.28350138E-03  0.10000000E-20 -0.93465298E-05
          3  0.78022153E-06  0.10000000E-20  0.21292076E-07
          4 -0.92327213E-09  0.10000000E-20 -0.70139394E-10
          5  0.10115286E-09  0.10000000E-20  0.51997295E-12
          6  0.15319301E-10  0.10000000E-20 -0.93258734E-13
      62  0.777600E+04  0.640000E+01
          1 -0.11171608E-07  0.10000000E-20 -0.45111121E-02
          2 -0.27924799E-03  0.10000000E-20 -0.90745716E-05
          3  0.76589944E-06  0.10000000E-20  0.20479503E-07
          4  0.69371708E-09  0.10000000E-20  0.67455874E-10
          5 -0.10898304E-09  0.10000000E-20  0.51053606E-12
          6 -0.64765970E-10  0.10000000E-20  0.78159701E-13
      63  0.777600E+04  0.649000E+01
          1 -0.11262799E-07  0.10000000E-20 -0.44459792E-02
          2 -0.27505811E-03  0.10000000E-20 -0.88120400E-05
          3  0.75298857E-06  0.10000000E-20  0.19707296E-07
          4 -0.75813489E-09  0.10000000E-20  0.64972916E-10
          5  0.39123194E-09  0.10000000E-20  0.42327253E-12
          6 -0.59614536E-10  0.10000000E-20 -0.10247359E-12
      64  0.777600E+04  0.658000E+01
          1 -0.10871098E-07  0.10000000E-20 -0.43819676E-02
          2 -0.27093163E-03  0.10000000E-20 -0.85585497E-05
          3  0.73983433E-06  0.10000000E-20  0.18972856E-07
          4 -0.70068040E-09  0.10000000E-20  0.62698624E-10
          5  0.30753000E-09  0.10000000E-20  0.38413717E-12
          6  0.91688435E-10  0.10000000E-20  0.78714812E-13
      65  0.777600E+04  0.667000E+01
          1 -0.11089995E-07  0.10000000E-20 -0.43190670E-02
          2 -0.26686831E-03  0.10000000E-20  0.83438535E-05
          3  0.72824405E-06  0.10000000E-20  0.18307136E-07
          4 -0.10407462E-08  0.10000000E-20  0.60363103E-10
          5  0.24701308E-09  0.10000000E-20  0.39263037E-12
          6 -0.32059688E-10  0.10000000E-20  0.83266727E-13
      66  0.777600E+04  0.676000E+01
          1 -0.11435844E-07  0.10000000E-20 -0.42572658E-02
          2 -0.26286609E-03  0.10000000E-20  0.81637469E-05
          3  0.71595208E-06  0.10000000E-20  0.17701471E-07
          4  0.69828587E-09  0.10000000E-20  0.58163474E-10
          5 -0.14026114E-09  0.10000000E-20  0.35765835E-12
          6 -0.96797237E-10  0.10000000E-20 -0.88040686E-13
      67  0.777600E+04  0.685000E+01
          1 -0.10808932E-07  0.10000000E-20 -0.41965514E-02
          2 -0.25892712E-03  0.10000000E-20  0.79882862E-05
          3  0.70397655E-06  0.10000000E-20  0.17121796E-07
          4  0.84928331E-09  0.10000000E-20  0.56135652E-10
          5  0.12306600E-10  0.10000000E-20  0.32107650E-12
      68  0.777600E+04  0.694000E+01
          1 -0.11045977E-07  0.10000000E-20 -0.41369106E-02
          2 -0.25504807E-03  0.10000000E-20  0.78173431E-05
          3  0.69304587E-06  0.10000000E-20  0.16566717E-07
          4 -0.12843273E-08  0.10000000E-20  0.54023452E-10
          5 -0.85726981E-10  0.10000000E-20  0.27594593E-12
      69  0.777600E+04  0.703000E+01
          1 -0.10595421E-07  0.10000000E-20 -0.40783292E-02
          2 -0.25123121E-03  0.10000000E-20  0.76507921E-05
          3  0.68196123E-06  0.10000000E-20  0.16034896E-07
          4 -0.98275166E-09  0.10000000E-20  0.52082394E-10
          5 -0.87034380E-10  0.10000000E-20 -0.25823788E-12
      70  0.777600E+04  0.712000E+01
          1 -0.10539466E-07  0.10000000E-20 -0.40207926E-02
          2 -0.24797446E-03  0.10000000E-20  0.74885104E-05
          3  0.66958707E-06  0.10000000E-20  0.15525150E-07
          4 -0.66398798E-09  0.10000000E-20  0.50238758E-10
          5  0.63877792E-11  0.10000000E-20  0.22859492E-12
      71  0.777600E+04  0.721000E+01
          1 -0.11030330E-07  0.10000000E-20 -0.39642857E-02
          2 -0.24541184E-03  0.10000000E-20  0.73303782E-05
          3  0.65843071E-06  0.10000000E-20  0.15036295E-07
          4  0.93513108E-09  0.10000000E-20  0.48431648E-10
          5 -0.41564618E-09  0.10000000E-20  0.24680258E-12
          6  0.30278358E-09  0.10000000E-20 -0.80158102E-13
      72  0.777600E+04  0.730000E+01
          1 -0.10442079E-07  0.10000000E-20 -0.39087928E-02
          2 -0.24286339E-03  0.10000000E-20  0.71875774E-05
          3  0.64762177E-06  0.10000000E-20  0.14567238E-07
          4 -0.97413988E-09  0.10000000E-20  0.46777970E-10
          5  0.29508840E-09  0.10000000E-20  0.23137048E-12
          6 -0.10447820E-09  0.10000000E-20  0.78159701E-13
      73  0.777600E+04  0.739000E+01
          1 -0.11022266E-07  0.10000000E-20 -0.38574112E-02
          2 -0.24032665E-03  0.10000000E-20  0.70546786E-05
          3  0.63675506E-06  0.10000000E-20  0.14117055E-07
          4 -0.73028872E-09  0.10000000E-20  0.45503767E-10
          5  0.88505203E-10  0.10000000E-20  0.22898350E-12
      74  0.777600E+04  0.748000E+01
          1 -0.10776560E-07  0.10000000E-20 -0.38134261E-02
          2 -0.23780546E-03  0.10000000E-20  0.69242747E-05
          3  0.62637380E-06  0.10000000E-20  0.13684621E-07
          4 -0.53358207E-09  0.10000000E-20  0.44381832E-10
          5 -0.24499514E-10  0.10000000E-20 -0.19634294E-12
      75  0.777600E+04  0.757000E+01
          1 -0.10425865E-07  0.10000000E-20 -0.37698985E-02
          2 -0.23529958E-03  0.10000000E-20  0.67963406E-05
          3  0.61570439E-06  0.10000000E-20  0.13269183E-07
          4  0.83313978E-09  0.10000000E-20  0.43342385E-10
          5 -0.13726265E-09  0.10000000E-20  0.21738167E-12
          6 -0.12050805E-09  0.10000000E-20 -0.94035890E-13
          7  0.12342127E-09  0.10000000E-20  0.75273121E-13
      76  0.777600E+04  0.766000E+01
          1 -0.10425246E-07  0.10000000E-20 -0.37268347E-02
          2 -0.23280895E-03  0.10000000E-20  0.66708491E-05
          3  0.60522388E-06  0.10000000E-20  0.12869852E-07
          4  0.46463811E-09  0.10000000E-20  0.42155002E-10
          5  0.77776008E-10  0.10000000E-20 -0.20627944E-12
      77  0.777600E+04  0.775000E+01
          1 -0.10226145E-07  0.10000000E-20 -0.36842401E-02
          2 -0.23033521E-03  0.10000000E-20  0.65477711E-05
          3  0.59490684E-06  0.10000000E-20  0.12485938E-07
          4  0.50753357E-09  0.10000000E-20  0.41091297E-10
          5  0.10952306E-09  0.10000000E-20  0.17730262E-12
          6  0.99873887E-10  0.10000000E-20  0.69833028E-13
      78  0.777600E+04  0.784000E+01
          1 -0.10421125E-07  0.10000000E-20 -0.36421191E-02
          2 -0.22787820E-03  0.10000000E-20  0.64270761E-05
          3  0.58472110E-06  0.10000000E-20  0.12116631E-07
          4  0.61412919E-09  0.10000000E-20  0.40006498E-10
          5 -0.20580870E-09  0.10000000E-20 -0.18179902E-12
          6  0.70230044E-10  0.10000000E-20  0.75495166E-13
      79  0.777600E+04  0.793000E+01
          1 -0.10480043E-07  0.10000000E-20 -0.36004754E-02
          2 -0.22543938E-03  0.10000000E-20  0.63087323E-05
          3  0.57520209E-06  0.10000000E-20  0.11761253E-07
          4  0.57653438E-09  0.10000000E-20  0.38911652E-10
          5 -0.82337692E-10  0.10000000E-20 -0.19634294E-12
      80  0.777600E+04  0.802000E+01
          1 -0.10285234E-07  0.10000000E-20 -0.35593118E-02
          2 -0.22301995E-03  0.10000000E-20  0.61927067E-05
          3  0.56648448E-06  0.10000000E-20  0.11419023E-07
          4  0.85331919E-09  0.10000000E-20  0.37875203E-10
          5  0.11886669E-09  0.10000000E-20 -0.19129143E-12
          6  0.47002402E-10  0.10000000E-20  0.10447199E-12
      81  0.777600E+04  0.811000E+01
          1 -0.98714139E-08  0.10000000E-20 -0.35186307E-02
          2 -0.22061831E-03  0.10000000E-20  0.60789653E-05
          3  0.55684021E-06  0.10000000E-20  0.11089500E-07
          4 -0.48756021E-09  0.10000000E-20  0.36866787E-10
          5  0.79268148E-10  0.10000000E-20 -0.16669999E-12
      82  0.777600E+04  0.820000E+01
          1 -0.10197574E-07  0.10000000E-20 -0.34784333E-02
          2 -0.21823657E-03  0.10000000E-20  0.59674732E-05
          3  0.54829762E-06  0.10000000E-20  0.10771980E-07
          4  0.56669336E-09  0.10000000E-20  0.35827674E-10
          5 -0.21029223E-09  0.10000000E-20 -0.15532020E-12
          6  0.31667469E-09  0.10000000E-20  0.73163697E-13
      83  0.777600E+04  0.829000E+01
          1 -0.10200424E-07  0.10000000E-20 -0.34387207E-02
          2 -0.21587261E-03  0.10000000E-20  0.58581951E-05
          3  0.53829974E-06  0.10000000E-20  0.10465904E-07
          4 -0.41336534E-09  0.10000000E-20  0.34847458E-10
          5  0.11175416E-09  0.10000000E-20 -0.15415447E-12
          6 -0.79459994E-10  0.10000000E-20 -0.59896532E-13
      84  0.777600E+04  0.838000E+01
          1 -0.98948121E-08  0.10000000E-20 -0.33994930E-02
          2 -0.21353059E-03  0.10000000E-20  0.57510949E-05
          3  0.52921541E-06  0.10000000E-20  0.10170903E-07
          4  0.53338312E-09  0.10000000E-20  0.33909986E-10
          5  0.13280044E-09  0.10000000E-20 -0.14299673E-12
          6 -0.17738699E-09  0.10000000E-20 -0.62450045E-13
      85  0.777600E+04  0.847000E+01
          1 -0.10006012E-07  0.10000000E-20 -0.33607501E-02
          2 -0.21120833E-03  0.10000000E-20  0.56461363E-05
          3  0.52133043E-06  0.10000000E-20  0.98863081E-08
          4 -0.52558846E-09  0.10000000E-20  0.32895853E-10
          5 -0.38427572E-09  0.10000000E-20 -0.16148194E-12
          6  0.33589487E-09  0.10000000E-20 -0.73996365E-13
      86  0.777600E+04  0.856000E+01
          1 -0.99448130E-08  0.10000000E-20 -0.33224911E-02
          2 -0.20890681E-03  0.10000000E-20  0.55432824E-05
          3  0.51176251E-06  0.10000000E-20  0.96117482E-08
          4  0.62428995E-09  0.10000000E-20  0.31977698E-10
          5  0.21373125E-10  0.10000000E-20 -0.16331381E-12
      87  0.777600E+04  0.865000E+01
          1 -0.99461204E-08  0.10000000E-20 -0.32847148E-02
          2 -0.20662670E-03  0.10000000E-20  0.54424964E-05
          3  0.50425069E-06  0.10000000E-20  0.93467554E-08
          4  0.64312644E-09  0.10000000E-20  0.31077418E-10
          5 -0.41136872E-09  0.10000000E-20 -0.13755663E-12
          6  0.38215831E-09  0.10000000E-20  0.96811448E-13
      88  0.777600E+04  0.874000E+01
          1 -0.97089199E-08  0.10000000E-20 -0.32474197E-02
          2 -0.20436780E-03  0.10000000E-20  0.53437413E-05
          3  0.49592544E-06  0.10000000E-20  0.90908949E-08
          4  0.48672177E-09  0.10000000E-20  0.30189184E-10
          5 -0.51336002E-09  0.10000000E-20 -0.13877788E-12
          6  0.26796698E-09  0.10000000E-20 -0.69111383E-13
          7  0.71125328E-10  0.10000000E-20 -0.66779915E-13
      89  0.777600E+04  0.883000E+01
          1 -0.98390345E-08  0.10000000E-20 -0.32106036E-02
          2 -0.20212992E-03  0.10000000E-20  0.52469798E-05
          3  0.48754355E-06  0.10000000E-20  0.88438646E-08
          4 -0.41583803E-09  0.10000000E-20  0.29363401E-10
          5  0.33557512E-09  0.10000000E-20 -0.13655743E-12
          6 -0.19304025E-09  0.10000000E-20  0.70332629E-13
      90  0.777600E+04  0.892000E+01
          1 -0.98074366E-08  0.10000000E-20 -0.31742642E-02
          2 -0.19991311E-03  0.10000000E-20  0.51521751E-05
          3  0.47942640E-06  0.10000000E-20  0.86051502E-08
          4 -0.62234307E-09  0.10000000E-20  0.28505365E-10
          5  0.15483437E-09  0.10000000E-20 -0.15254464E-12
          6 -0.58967942E-10  0.10000000E-20  0.76882944E-13
      91  0.777600E+04  0.901000E+01
          1 -0.95210595E-08  0.10000000E-20 -0.31383987E-02
          2 -0.19771879E-03  0.10000000E-20  0.50592901E-05
          3  0.47133706E-06  0.10000000E-20  0.83744960E-08
          4 -0.65548278E-09  0.10000000E-20  0.27696734E-10
          5  0.42506798E-09  0.10000000E-20 -0.14616086E-12
          6  0.11368684E-11  0.10000000E-20  0.66502359E-13
      92  0.777600E+04  0.910000E+01
          1 -0.96117034E-08  0.10000000E-20 -0.31030042E-02
          2 -0.19554603E-03  0.10000000E-20  0.49682882E-05
          3  0.46295584E-06  0.10000000E-20  0.81514965E-08
          4  0.69308470E-09  0.10000000E-20  0.26887825E-10
          5  0.43944937E-09  0.10000000E-20  0.14377388E-12
          6 -0.63089090E-10  0.10000000E-20  0.74662498E-13
      93  0.777600E+04  0.919000E+01
          1 -0.92500940E-08  0.10000000E-20 -0.30680773E-02
          2 -0.19339664E-03  0.10000000E-20  0.48791325E-05
          3  0.45627622E-06  0.10000000E-20  0.79358905E-08
          4  0.35243630E-09  0.10000000E-20  0.26097235E-10
          5  0.11680612E-09  0.10000000E-20  0.14194201E-12
          6  0.30766500E-11  0.10000000E-20 -0.87041485E-13
      94  0.777600E+04  0.928000E+01
          1 -0.95083124E-08  0.10000000E-20 -0.30336145E-02
          2 -0.19126813E-03  0.10000000E-20  0.47917872E-05
          3  0.44922578E-06  0.10000000E-20  0.77273737E-08
          4 -0.38448178E-09  0.10000000E-20  0.25361380E-10
          5  0.12511236E-09  0.10000000E-20 -0.13777868E-12
          6 -0.20840218E-09  0.10000000E-20 -0.70776718E-13
      95  0.777600E+04  0.937000E+01
          1 -0.94693817E-08  0.10000000E-20 -0.29996121E-02
          2 -0.18916177E-03  0.10000000E-20  0.47062159E-05
          3  0.44162703E-06  0.10000000E-20  0.75256206E-08
          4  0.38448889E-09  0.10000000E-20  0.24590496E-10
          5 -0.18629720E-09  0.10000000E-20 -0.13589130E-12
          6 -0.68958173E-10  0.10000000E-20 -0.60784711E-13
      96  0.777600E+04  0.946000E+01
          1 -0.98256692E-08  0.10000000E-20 -0.29660659E-02
          2 -0.18707712E-03  0.10000000E-20  0.46223833E-05
          3  0.43407299E-06  0.10000000E-20  0.73303744E-08
          4  0.53205440E-09  0.10000000E-20  0.23868851E-10
          5  0.10082601E-09  0.10000000E-20 -0.10264012E-12
          6 -0.45950799E-10  0.10000000E-20  0.74995565E-13
      97  0.777600E+04  0.955000E+01
          1 -0.95157802E-08  0.10000000E-20 -0.29329720E-02
          2 -0.18501575E-03  0.10000000E-20  0.45402539E-05
          3  0.42745124E-06  0.10000000E-20  0.71413782E-08
          4 -0.86117780E-09  0.10000000E-20  0.23224589E-10
          5  0.34634695E-09  0.10000000E-20  0.96589403E-13
          6 -0.32400749E-11  0.10000000E-20  0.56565863E-13
      98  0.777600E+04  0.964000E+01
          1 -0.95790185E-08  0.10000000E-20 -0.29003258E-02
          2 -0.18297650E-03  0.10000000E-20  0.44597932E-05
          3  0.42055296E-06  0.10000000E-20  0.69583454E-08
          4 -0.37078252E-09  0.10000000E-20  0.22521929E-10
          5 -0.25487878E-09  0.10000000E-20  0.11629586E-12
          6  0.23264590E-09  0.10000000E-20 -0.92481578E-13
      99  0.777600E+04  0.973000E+01
          1 -0.97696145E-08  0.10000000E-20 -0.28681231E-02
          2 -0.18095936E-03  0.10000000E-20  0.43809666E-05
          3  0.41380746E-06  0.10000000E-20  0.67810972E-08
          4 -0.43386450E-09  0.10000000E-20  0.21793956E-10
          5  0.17121948E-09  0.10000000E-20 -0.11057821E-12
          6  0.16304824E-09  0.10000000E-20 -0.73552275E-13
          7 -0.24882496E-09  0.10000000E-20 -0.70665696E-13
     100  0.777600E+04  0.982000E+01
          1 -0.10116025E-07  0.10000000E-20 -0.28363591E-02
          2 -0.17896375E-03  0.10000000E-20  0.43037402E-05
          3  0.40694660E-06  0.10000000E-20  0.66093969E-08
          4  0.52567373E-09  0.10000000E-20  0.21234126E-10
          5 -0.53584159E-09  0.10000000E-20 -0.96700425E-13
          6  0.22406255E-09  0.10000000E-20 -0.56676885E-13
          7 -0.33224978E-10  0.10000000E-20  0.68556272E-13
     101  0.777600E+04  0.991000E+01
          1 -0.98906696E-08  0.10000000E-20 -0.28050292E-02
          2 -0.17699122E-03  0.10000000E-20  0.42280806E-05
          3  0.40039180E-06  0.10000000E-20  0.64430338E-08
          4  0.35707615E-09  0.10000000E-20  0.20649149E-10
          5 -0.75885964E-11  0.10000000E-20 -0.13700152E-12
     102  0.777600E+04  0.100000E+02
