 ENKF - control file
 ===================

 number of ensemble members    nrens:           0


 Enkf input:
 ----------
 nrobs_int           1
 mode_analysis           11
 truncation   0.94999999999999996     
covmodel                        diagonal
 clh, clv    300.00000000000000        50.000000000000000     
 rexact  T
 fixsamp  T
 checktrue  T
 varhead_obs, vartemp_obs, varconc_obs, varkz_obs, varlz_obs, varpor_obs   0.0000000000000000        0.0000000000000000        5.0000000000000002E-005   0.0000000000000000        0.0000000000000000        0.0000000000000000     
 varhead_sys, vartemp_sys, varconc_sys, varkz_sys, varlz_sys, varpor_sys   0.0000000000000000        0.0000000000000000        0.0000000000000000        0.0000000000000000        0.0000000000000000        0.0000000000000000     
 act_s_h, act_s_t, act_s_c, act_s_kz, act_s_lz, act_s_por            1           0           1           1           0           0
 ex_unit           0
assimod            sequ                
normobs             T
 assidamp, tracdamp    0.0000000000000000        1.0000000000000000     
 iassout            1
err_cov             F
 TrueWAVEREAL.plt                                                                                    
 observations_WAVEREAL.dat                                                                           
 iassout_single_start, iassout_single            1           1
 num_single_out            0
 normal score F
 num_ref_dist            0
 ref_dist_switch true 
 iassout_cov_ref_start, iassout_cov_ref            1           1
 switch_cov_ref true 
 num_cov_ref            0
 cov_loc_switch false 
 cell_centered  T
 switch_dc false 
 dual_enkf_switch  F
 num_stoch_bc            0
 stoch_bc_switch false
 general_seed_seed           50          75
 sysindx
           1           1           1           1           1
           2           1           1           2           2
           3           1           1           3           3
           4           1           1           4           4
           5           1           1           5           5
           6           1           1           6           6
           7           1           1           7           7
           8           1           1           8           8
           9           1           1           9           9
          10           1           1          10          10
          11           1           1          11          11
          12           1           1          12          12
          13           1           1          13          13
          14           1           1          14          14
          15           1           1          15          15
          16           1           1          16          16
          17           1           1          17          17
          18           1           1          18          18
          19           1           1          19          19
          20           1           1          20          20
          21           1           1          21          21
          22           1           1          22          22
          23           1           1          23          23
          24           1           1          24          24
          25           1           1          25          25
          26           1           1          26          26
          27           1           1          27          27
          28           1           1          28          28
          29           1           1          29          29
          30           1           1          30          30
          31           1           1          31          31
           1           2           1          32          32
           2           2           1          33          33
           3           2           1          34          34
           4           2           1          35          35
           5           2           1          36          36
           6           2           1          37          37
           7           2           1          38          38
           8           2           1          39          39
           9           2           1          40          40
          10           2           1          41          41
          11           2           1          42          42
          12           2           1          43          43
          13           2           1          44          44
          14           2           1          45          45
          15           2           1          46          46
          16           2           1          47          47
          17           2           1          48          48
          18           2           1          49          49
          19           2           1          50          50
          20           2           1          51          51
          21           2           1          52          52
          22           2           1          53          53
          23           2           1          54          54
          24           2           1          55          55
          25           2           1          56          56
          26           2           1          57          57
          27           2           1          58          58
          28           2           1          59          59
          29           2           1          60          60
          30           2           1          61          61
          31           2           1          62          62
           1           3           1          63          63
           2           3           1          64          64
           3           3           1          65          65
           4           3           1          66          66
           5           3           1          67          67
           6           3           1          68          68
           7           3           1          69          69
           8           3           1          70          70
           9           3           1          71          71
          10           3           1          72          72
          11           3           1          73          73
          12           3           1          74          74
          13           3           1          75          75
          14           3           1          76          76
          15           3           1          77          77
          16           3           1          78          78
          17           3           1          79          79
          18           3           1          80          80
          19           3           1          81          81
          20           3           1          82          82
          21           3           1          83          83
          22           3           1          84          84
          23           3           1          85          85
          24           3           1          86          86
          25           3           1          87          87
          26           3           1          88          88
          27           3           1          89          89
          28           3           1          90          90
          29           3           1          91          91
          30           3           1          92          92
          31           3           1          93          93
           1           4           1          94          94
           2           4           1          95          95
           3           4           1          96          96
           4           4           1          97          97
           5           4           1          98          98
           6           4           1          99          99
           7           4           1         100         100
           8           4           1         101         101
           9           4           1         102         102
          10           4           1         103         103
          11           4           1         104         104
          12           4           1         105         105
          13           4           1         106         106
          14           4           1         107         107
          15           4           1         108         108
          16           4           1         109         109
          17           4           1         110         110
          18           4           1         111         111
          19           4           1         112         112
          20           4           1         113         113
          21           4           1         114         114
          22           4           1         115         115
          23           4           1         116         116
          24           4           1         117         117
          25           4           1         118         118
          26           4           1         119         119
          27           4           1         120         120
          28           4           1         121         121
          29           4           1         122         122
          30           4           1         123         123
          31           4           1         124         124
           1           5           1         125         125
           2           5           1         126         126
           3           5           1         127         127
           4           5           1         128         128
           5           5           1         129         129
           6           5           1         130         130
           7           5           1         131         131
           8           5           1         132         132
           9           5           1         133         133
          10           5           1         134         134
          11           5           1         135         135
          12           5           1         136         136
          13           5           1         137         137
          14           5           1         138         138
          15           5           1         139         139
          16           5           1         140         140
          17           5           1         141         141
          18           5           1         142         142
          19           5           1         143         143
          20           5           1         144         144
          21           5           1         145         145
          22           5           1         146         146
          23           5           1         147         147
          24           5           1         148         148
          25           5           1         149         149
          26           5           1         150         150
          27           5           1         151         151
          28           5           1         152         152
          29           5           1         153         153
          30           5           1         154         154
          31           5           1         155         155
           1           6           1         156         156
           2           6           1         157         157
           3           6           1         158         158
           4           6           1         159         159
           5           6           1         160         160
           6           6           1         161         161
           7           6           1         162         162
           8           6           1         163         163
           9           6           1         164         164
          10           6           1         165         165
          11           6           1         166         166
          12           6           1         167         167
          13           6           1         168         168
          14           6           1         169         169
          15           6           1         170         170
          16           6           1         171         171
          17           6           1         172         172
          18           6           1         173         173
          19           6           1         174         174
          20           6           1         175         175
          21           6           1         176         176
          22           6           1         177         177
          23           6           1         178         178
          24           6           1         179         179
          25           6           1         180         180
          26           6           1         181         181
          27           6           1         182         182
          28           6           1         183         183
          29           6           1         184         184
          30           6           1         185         185
          31           6           1         186         186
           1           7           1         187         187
           2           7           1         188         188
           3           7           1         189         189
           4           7           1         190         190
           5           7           1         191         191
           6           7           1         192         192
           7           7           1         193         193
           8           7           1         194         194
           9           7           1         195         195
          10           7           1         196         196
          11           7           1         197         197
          12           7           1         198         198
          13           7           1         199         199
          14           7           1         200         200
          15           7           1         201         201
          16           7           1         202         202
          17           7           1         203         203
          18           7           1         204         204
          19           7           1         205         205
          20           7           1         206         206
          21           7           1         207         207
          22           7           1         208         208
          23           7           1         209         209
          24           7           1         210         210
          25           7           1         211         211
          26           7           1         212         212
          27           7           1         213         213
          28           7           1         214         214
          29           7           1         215         215
          30           7           1         216         216
          31           7           1         217         217
           1           8           1         218         218
           2           8           1         219         219
           3           8           1         220         220
           4           8           1         221         221
           5           8           1         222         222
           6           8           1         223         223
           7           8           1         224         224
           8           8           1         225         225
           9           8           1         226         226
          10           8           1         227         227
          11           8           1         228         228
          12           8           1         229         229
          13           8           1         230         230
          14           8           1         231         231
          15           8           1         232         232
          16           8           1         233         233
          17           8           1         234         234
          18           8           1         235         235
          19           8           1         236         236
          20           8           1         237         237
          21           8           1         238         238
          22           8           1         239         239
          23           8           1         240         240
          24           8           1         241         241
          25           8           1         242         242
          26           8           1         243         243
          27           8           1         244         244
          28           8           1         245         245
          29           8           1         246         246
          30           8           1         247         247
          31           8           1         248         248
           1           9           1         249         249
           2           9           1         250         250
           3           9           1         251         251
           4           9           1         252         252
           5           9           1         253         253
           6           9           1         254         254
           7           9           1         255         255
           8           9           1         256         256
           9           9           1         257         257
          10           9           1         258         258
          11           9           1         259         259
          12           9           1         260         260
          13           9           1         261         261
          14           9           1         262         262
          15           9           1         263         263
          16           9           1         264         264
          17           9           1         265         265
          18           9           1         266         266
          19           9           1         267         267
          20           9           1         268         268
          21           9           1         269         269
          22           9           1         270         270
          23           9           1         271         271
          24           9           1         272         272
          25           9           1         273         273
          26           9           1         274         274
          27           9           1         275         275
          28           9           1         276         276
          29           9           1         277         277
          30           9           1         278         278
          31           9           1         279         279
           1          10           1         280         280
           2          10           1         281         281
           3          10           1         282         282
           4          10           1         283         283
           5          10           1         284         284
           6          10           1         285         285
           7          10           1         286         286
           8          10           1         287         287
           9          10           1         288         288
          10          10           1         289         289
          11          10           1         290         290
          12          10           1         291         291
          13          10           1         292         292
          14          10           1         293         293
          15          10           1         294         294
          16          10           1         295         295
          17          10           1         296         296
          18          10           1         297         297
          19          10           1         298         298
          20          10           1         299         299
          21          10           1         300         300
          22          10           1         301         301
          23          10           1         302         302
          24          10           1         303         303
          25          10           1         304         304
          26          10           1         305         305
          27          10           1         306         306
          28          10           1         307         307
          29          10           1         308         308
          30          10           1         309         309
          31          10           1         310         310
           1          11           1         311         311
           2          11           1         312         312
           3          11           1         313         313
           4          11           1         314         314
           5          11           1         315         315
           6          11           1         316         316
           7          11           1         317         317
           8          11           1         318         318
           9          11           1         319         319
          10          11           1         320         320
          11          11           1         321         321
          12          11           1         322         322
          13          11           1         323         323
          14          11           1         324         324
          15          11           1         325         325
          16          11           1         326         326
          17          11           1         327         327
          18          11           1         328         328
          19          11           1         329         329
          20          11           1         330         330
          21          11           1         331         331
          22          11           1         332         332
          23          11           1         333         333
          24          11           1         334         334
          25          11           1         335         335
          26          11           1         336         336
          27          11           1         337         337
          28          11           1         338         338
          29          11           1         339         339
          30          11           1         340         340
          31          11           1         341         341
           1          12           1         342         342
           2          12           1         343         343
           3          12           1         344         344
           4          12           1         345         345
           5          12           1         346         346
           6          12           1         347         347
           7          12           1         348         348
           8          12           1         349         349
           9          12           1         350         350
          10          12           1         351         351
          11          12           1         352         352
          12          12           1         353         353
          13          12           1         354         354
          14          12           1         355         355
          15          12           1         356         356
          16          12           1         357         357
          17          12           1         358         358
          18          12           1         359         359
          19          12           1         360         360
          20          12           1         361         361
          21          12           1         362         362
          22          12           1         363         363
          23          12           1         364         364
          24          12           1         365         365
          25          12           1         366         366
          26          12           1         367         367
          27          12           1         368         368
          28          12           1         369         369
          29          12           1         370         370
          30          12           1         371         371
          31          12           1         372         372
           1          13           1         373         373
           2          13           1         374         374
           3          13           1         375         375
           4          13           1         376         376
           5          13           1         377         377
           6          13           1         378         378
           7          13           1         379         379
           8          13           1         380         380
           9          13           1         381         381
          10          13           1         382         382
          11          13           1         383         383
          12          13           1         384         384
          13          13           1         385         385
          14          13           1         386         386
          15          13           1         387         387
          16          13           1         388         388
          17          13           1         389         389
          18          13           1         390         390
          19          13           1         391         391
          20          13           1         392         392
          21          13           1         393         393
          22          13           1         394         394
          23          13           1         395         395
          24          13           1         396         396
          25          13           1         397         397
          26          13           1         398         398
          27          13           1         399         399
          28          13           1         400         400
          29          13           1         401         401
          30          13           1         402         402
          31          13           1         403         403
           1          14           1         404         404
           2          14           1         405         405
           3          14           1         406         406
           4          14           1         407         407
           5          14           1         408         408
           6          14           1         409         409
           7          14           1         410         410
           8          14           1         411         411
           9          14           1         412         412
          10          14           1         413         413
          11          14           1         414         414
          12          14           1         415         415
          13          14           1         416         416
          14          14           1         417         417
          15          14           1         418         418
          16          14           1         419         419
          17          14           1         420         420
          18          14           1         421         421
          19          14           1         422         422
          20          14           1         423         423
          21          14           1         424         424
          22          14           1         425         425
          23          14           1         426         426
          24          14           1         427         427
          25          14           1         428         428
          26          14           1         429         429
          27          14           1         430         430
          28          14           1         431         431
          29          14           1         432         432
          30          14           1         433         433
          31          14           1         434         434
           1          15           1         435         435
           2          15           1         436         436
           3          15           1         437         437
           4          15           1         438         438
           5          15           1         439         439
           6          15           1         440         440
           7          15           1         441         441
           8          15           1         442         442
           9          15           1         443         443
          10          15           1         444         444
          11          15           1         445         445
          12          15           1         446         446
          13          15           1         447         447
          14          15           1         448         448
          15          15           1         449         449
          16          15           1         450         450
          17          15           1         451         451
          18          15           1         452         452
          19          15           1         453         453
          20          15           1         454         454
          21          15           1         455         455
          22          15           1         456         456
          23          15           1         457         457
          24          15           1         458         458
          25          15           1         459         459
          26          15           1         460         460
          27          15           1         461         461
          28          15           1         462         462
          29          15           1         463         463
          30          15           1         464         464
          31          15           1         465         465
           1          16           1         466         466
           2          16           1         467         467
           3          16           1         468         468
           4          16           1         469         469
           5          16           1         470         470
           6          16           1         471         471
           7          16           1         472         472
           8          16           1         473         473
           9          16           1         474         474
          10          16           1         475         475
          11          16           1         476         476
          12          16           1         477         477
          13          16           1         478         478
          14          16           1         479         479
          15          16           1         480         480
          16          16           1         481         481
          17          16           1         482         482
          18          16           1         483         483
          19          16           1         484         484
          20          16           1         485         485
          21          16           1         486         486
          22          16           1         487         487
          23          16           1         488         488
          24          16           1         489         489
          25          16           1         490         490
          26          16           1         491         491
          27          16           1         492         492
          28          16           1         493         493
          29          16           1         494         494
          30          16           1         495         495
          31          16           1         496         496
           1          17           1         497         497
           2          17           1         498         498
           3          17           1         499         499
           4          17           1         500         500
           5          17           1         501         501
           6          17           1         502         502
           7          17           1         503         503
           8          17           1         504         504
           9          17           1         505         505
          10          17           1         506         506
          11          17           1         507         507
          12          17           1         508         508
          13          17           1         509         509
          14          17           1         510         510
          15          17           1         511         511
          16          17           1         512         512
          17          17           1         513         513
          18          17           1         514         514
          19          17           1         515         515
          20          17           1         516         516
          21          17           1         517         517
          22          17           1         518         518
          23          17           1         519         519
          24          17           1         520         520
          25          17           1         521         521
          26          17           1         522         522
          27          17           1         523         523
          28          17           1         524         524
          29          17           1         525         525
          30          17           1         526         526
          31          17           1         527         527
           1          18           1         528         528
           2          18           1         529         529
           3          18           1         530         530
           4          18           1         531         531
           5          18           1         532         532
           6          18           1         533         533
           7          18           1         534         534
           8          18           1         535         535
           9          18           1         536         536
          10          18           1         537         537
          11          18           1         538         538
          12          18           1         539         539
          13          18           1         540         540
          14          18           1         541         541
          15          18           1         542         542
          16          18           1         543         543
          17          18           1         544         544
          18          18           1         545         545
          19          18           1         546         546
          20          18           1         547         547
          21          18           1         548         548
          22          18           1         549         549
          23          18           1         550         550
          24          18           1         551         551
          25          18           1         552         552
          26          18           1         553         553
          27          18           1         554         554
          28          18           1         555         555
          29          18           1         556         556
          30          18           1         557         557
          31          18           1         558         558
           1          19           1         559         559
           2          19           1         560         560
           3          19           1         561         561
           4          19           1         562         562
           5          19           1         563         563
           6          19           1         564         564
           7          19           1         565         565
           8          19           1         566         566
           9          19           1         567         567
          10          19           1         568         568
          11          19           1         569         569
          12          19           1         570         570
          13          19           1         571         571
          14          19           1         572         572
          15          19           1         573         573
          16          19           1         574         574
          17          19           1         575         575
          18          19           1         576         576
          19          19           1         577         577
          20          19           1         578         578
          21          19           1         579         579
          22          19           1         580         580
          23          19           1         581         581
          24          19           1         582         582
          25          19           1         583         583
          26          19           1         584         584
          27          19           1         585         585
          28          19           1         586         586
          29          19           1         587         587
          30          19           1         588         588
          31          19           1         589         589
           1          20           1         590         590
           2          20           1         591         591
           3          20           1         592         592
           4          20           1         593         593
           5          20           1         594         594
           6          20           1         595         595
           7          20           1         596         596
           8          20           1         597         597
           9          20           1         598         598
          10          20           1         599         599
          11          20           1         600         600
          12          20           1         601         601
          13          20           1         602         602
          14          20           1         603         603
          15          20           1         604         604
          16          20           1         605         605
          17          20           1         606         606
          18          20           1         607         607
          19          20           1         608         608
          20          20           1         609         609
          21          20           1         610         610
          22          20           1         611         611
          23          20           1         612         612
          24          20           1         613         613
          25          20           1         614         614
          26          20           1         615         615
          27          20           1         616         616
          28          20           1         617         617
          29          20           1         618         618
          30          20           1         619         619
          31          20           1         620         620
           1          21           1         621         621
           2          21           1         622         622
           3          21           1         623         623
           4          21           1         624         624
           5          21           1         625         625
           6          21           1         626         626
           7          21           1         627         627
           8          21           1         628         628
           9          21           1         629         629
          10          21           1         630         630
          11          21           1         631         631
          12          21           1         632         632
          13          21           1         633         633
          14          21           1         634         634
          15          21           1         635         635
          16          21           1         636         636
          17          21           1         637         637
          18          21           1         638         638
          19          21           1         639         639
          20          21           1         640         640
          21          21           1         641         641
          22          21           1         642         642
          23          21           1         643         643
          24          21           1         644         644
          25          21           1         645         645
          26          21           1         646         646
          27          21           1         647         647
          28          21           1         648         648
          29          21           1         649         649
          30          21           1         650         650
          31          21           1         651         651
           1          22           1         652         652
           2          22           1         653         653
           3          22           1         654         654
           4          22           1         655         655
           5          22           1         656         656
           6          22           1         657         657
           7          22           1         658         658
           8          22           1         659         659
           9          22           1         660         660
          10          22           1         661         661
          11          22           1         662         662
          12          22           1         663         663
          13          22           1         664         664
          14          22           1         665         665
          15          22           1         666         666
          16          22           1         667         667
          17          22           1         668         668
          18          22           1         669         669
          19          22           1         670         670
          20          22           1         671         671
          21          22           1         672         672
          22          22           1         673         673
          23          22           1         674         674
          24          22           1         675         675
          25          22           1         676         676
          26          22           1         677         677
          27          22           1         678         678
          28          22           1         679         679
          29          22           1         680         680
          30          22           1         681         681
          31          22           1         682         682
           1          23           1         683         683
           2          23           1         684         684
           3          23           1         685         685
           4          23           1         686         686
           5          23           1         687         687
           6          23           1         688         688
           7          23           1         689         689
           8          23           1         690         690
           9          23           1         691         691
          10          23           1         692         692
          11          23           1         693         693
          12          23           1         694         694
          13          23           1         695         695
          14          23           1         696         696
          15          23           1         697         697
          16          23           1         698         698
          17          23           1         699         699
          18          23           1         700         700
          19          23           1         701         701
          20          23           1         702         702
          21          23           1         703         703
          22          23           1         704         704
          23          23           1         705         705
          24          23           1         706         706
          25          23           1         707         707
          26          23           1         708         708
          27          23           1         709         709
          28          23           1         710         710
          29          23           1         711         711
          30          23           1         712         712
          31          23           1         713         713
           1          24           1         714         714
           2          24           1         715         715
           3          24           1         716         716
           4          24           1         717         717
           5          24           1         718         718
           6          24           1         719         719
           7          24           1         720         720
           8          24           1         721         721
           9          24           1         722         722
          10          24           1         723         723
          11          24           1         724         724
          12          24           1         725         725
          13          24           1         726         726
          14          24           1         727         727
          15          24           1         728         728
          16          24           1         729         729
          17          24           1         730         730
          18          24           1         731         731
          19          24           1         732         732
          20          24           1         733         733
          21          24           1         734         734
          22          24           1         735         735
          23          24           1         736         736
          24          24           1         737         737
          25          24           1         738         738
          26          24           1         739         739
          27          24           1         740         740
          28          24           1         741         741
          29          24           1         742         742
          30          24           1         743         743
          31          24           1         744         744
           1          25           1         745         745
           2          25           1         746         746
           3          25           1         747         747
           4          25           1         748         748
           5          25           1         749         749
           6          25           1         750         750
           7          25           1         751         751
           8          25           1         752         752
           9          25           1         753         753
          10          25           1         754         754
          11          25           1         755         755
          12          25           1         756         756
          13          25           1         757         757
          14          25           1         758         758
          15          25           1         759         759
          16          25           1         760         760
          17          25           1         761         761
          18          25           1         762         762
          19          25           1         763         763
          20          25           1         764         764
          21          25           1         765         765
          22          25           1         766         766
          23          25           1         767         767
          24          25           1         768         768
          25          25           1         769         769
          26          25           1         770         770
          27          25           1         771         771
          28          25           1         772         772
          29          25           1         773         773
          30          25           1         774         774
          31          25           1         775         775
           1          26           1         776         776
           2          26           1         777         777
           3          26           1         778         778
           4          26           1         779         779
           5          26           1         780         780
           6          26           1         781         781
           7          26           1         782         782
           8          26           1         783         783
           9          26           1         784         784
          10          26           1         785         785
          11          26           1         786         786
          12          26           1         787         787
          13          26           1         788         788
          14          26           1         789         789
          15          26           1         790         790
          16          26           1         791         791
          17          26           1         792         792
          18          26           1         793         793
          19          26           1         794         794
          20          26           1         795         795
          21          26           1         796         796
          22          26           1         797         797
          23          26           1         798         798
          24          26           1         799         799
          25          26           1         800         800
          26          26           1         801         801
          27          26           1         802         802
          28          26           1         803         803
          29          26           1         804         804
          30          26           1         805         805
          31          26           1         806         806
           1          27           1         807         807
           2          27           1         808         808
           3          27           1         809         809
           4          27           1         810         810
           5          27           1         811         811
           6          27           1         812         812
           7          27           1         813         813
           8          27           1         814         814
           9          27           1         815         815
          10          27           1         816         816
          11          27           1         817         817
          12          27           1         818         818
          13          27           1         819         819
          14          27           1         820         820
          15          27           1         821         821
          16          27           1         822         822
          17          27           1         823         823
          18          27           1         824         824
          19          27           1         825         825
          20          27           1         826         826
          21          27           1         827         827
          22          27           1         828         828
          23          27           1         829         829
          24          27           1         830         830
          25          27           1         831         831
          26          27           1         832         832
          27          27           1         833         833
          28          27           1         834         834
          29          27           1         835         835
          30          27           1         836         836
          31          27           1         837         837
           1          28           1         838         838
           2          28           1         839         839
           3          28           1         840         840
           4          28           1         841         841
           5          28           1         842         842
           6          28           1         843         843
           7          28           1         844         844
           8          28           1         845         845
           9          28           1         846         846
          10          28           1         847         847
          11          28           1         848         848
          12          28           1         849         849
          13          28           1         850         850
          14          28           1         851         851
          15          28           1         852         852
          16          28           1         853         853
          17          28           1         854         854
          18          28           1         855         855
          19          28           1         856         856
          20          28           1         857         857
          21          28           1         858         858
          22          28           1         859         859
          23          28           1         860         860
          24          28           1         861         861
          25          28           1         862         862
          26          28           1         863         863
          27          28           1         864         864
          28          28           1         865         865
          29          28           1         866         866
          30          28           1         867         867
          31          28           1         868         868
           1          29           1         869         869
           2          29           1         870         870
           3          29           1         871         871
           4          29           1         872         872
           5          29           1         873         873
           6          29           1         874         874
           7          29           1         875         875
           8          29           1         876         876
           9          29           1         877         877
          10          29           1         878         878
          11          29           1         879         879
          12          29           1         880         880
          13          29           1         881         881
          14          29           1         882         882
          15          29           1         883         883
          16          29           1         884         884
          17          29           1         885         885
          18          29           1         886         886
          19          29           1         887         887
          20          29           1         888         888
          21          29           1         889         889
          22          29           1         890         890
          23          29           1         891         891
          24          29           1         892         892
          25          29           1         893         893
          26          29           1         894         894
          27          29           1         895         895
          28          29           1         896         896
          29          29           1         897         897
          30          29           1         898         898
          31          29           1         899         899
           1          30           1         900         900
           2          30           1         901         901
           3          30           1         902         902
           4          30           1         903         903
           5          30           1         904         904
           6          30           1         905         905
           7          30           1         906         906
           8          30           1         907         907
           9          30           1         908         908
          10          30           1         909         909
          11          30           1         910         910
          12          30           1         911         911
          13          30           1         912         912
          14          30           1         913         913
          15          30           1         914         914
          16          30           1         915         915
          17          30           1         916         916
          18          30           1         917         917
          19          30           1         918         918
          20          30           1         919         919
          21          30           1         920         920
          22          30           1         921         921
          23          30           1         922         922
          24          30           1         923         923
          25          30           1         924         924
          26          30           1         925         925
          27          30           1         926         926
          28          30           1         927         927
          29          30           1         928         928
          30          30           1         929         929
          31          30           1         930         930
           1          31           1         931         931
           2          31           1         932         932
           3          31           1         933         933
           4          31           1         934         934
           5          31           1         935         935
           6          31           1         936         936
           7          31           1         937         937
           8          31           1         938         938
           9          31           1         939         939
          10          31           1         940         940
          11          31           1         941         941
          12          31           1         942         942
          13          31           1         943         943
          14          31           1         944         944
          15          31           1         945         945
          16          31           1         946         946
          17          31           1         947         947
          18          31           1         948         948
          19          31           1         949         949
          20          31           1         950         950
          21          31           1         951         951
          22          31           1         952         952
          23          31           1         953         953
          24          31           1         954         954
          25          31           1         955         955
          26          31           1         956         956
          27          31           1         957         957
          28          31           1         958         958
          29          31           1         959         959
          30          31           1         960         960
          31          31           1         961         961
 *** read            2  data for interval            1  of            1  at time   0.10000000000000001     
 Code for active in obs vector h, t, c, kz, lz, por            0           0           1           0           0           0

 ** ensemble created ** irens =           1 of           10
 ** ensemble created ** irens =           2 of           10
 ** ensemble created ** irens =           3 of           10
 ** ensemble created ** irens =           4 of           10
 ** ensemble created ** irens =           5 of           10
 ** ensemble created ** irens =           6 of           10
 ** ensemble created ** irens =           7 of           10
 ** ensemble created ** irens =           8 of           10
 ** ensemble created ** irens =           9 of           10
 ** ensemble created ** irens =          10 of           10
            *** ensemble creation completed ***

 *** progress ensemble member ***           1  tstart     0.0000000000000000      tend   0.10000000000000001     
 *** progress ensemble member ***           2  tstart     0.0000000000000000      tend   0.10000000000000001     
 *** progress ensemble member ***           3  tstart     0.0000000000000000      tend   0.10000000000000001     
 *** progress ensemble member ***           4  tstart     0.0000000000000000      tend   0.10000000000000001     
 *** progress ensemble member ***           5  tstart     0.0000000000000000      tend   0.10000000000000001     
 *** progress ensemble member ***           6  tstart     0.0000000000000000      tend   0.10000000000000001     
 *** progress ensemble member ***           7  tstart     0.0000000000000000      tend   0.10000000000000001     
 *** progress ensemble member ***           8  tstart     0.0000000000000000      tend   0.10000000000000001     
 *** progress ensemble member ***           9  tstart     0.0000000000000000      tend   0.10000000000000001     
 *** progress ensemble member ***          10  tstart     0.0000000000000000      tend   0.10000000000000001     



 *** start assimilation at time    0.10000000000000001     
 initial ensemble stddev kz c t h lz por:  0.53700161886526443        5.9130923076710501E-004   0.0000000000000000        9.6521304916000430E-002   0.0000000000000000        0.0000000000000000     

 Assimilation type sequential

 *** enter assimilation  for  conc ***
 initial ensemble stddev kz c t h lz por:  0.53696967191400591        5.9127970921334626E-004   0.0000000000000000        9.6499351504144210E-002   0.0000000000000000        0.0000000000000000     

