% Shemat-Suite version: Shem-FW/AD/SM 7.50 (Smarty)                                                     
%          build: Fr 17. Mai 15:53:59 CEST 2019           
%   build command line: gmake fw nohdf PROPS=kola HDF5_MOD=/include/ HDF5_LIB=/lib/ COMPTYPE=ling64                                                                                                                                                                                     
%        Project: "fw_kola_2D-Heat-Conduction"
%
%    <iteration> <delta head> <delta temp> (<delta conc> ...)
          1  0.10000000E-20 -0.10807494E+03
          2  0.10000000E-20 -0.17894738E+01
          3  0.10000000E-20 -0.91339812E+00
          4  0.10000000E-20 -0.46633359E+00
          5  0.10000000E-20 -0.23812202E+00
          6  0.10000000E-20 -0.12160152E+00
          7  0.10000000E-20 -0.62101160E-01
          8  0.10000000E-20 -0.31715383E-01
          9  0.10000000E-20 -0.16197557E-01
         10  0.10000000E-20 -0.82724456E-02
         11  0.10000000E-20 -0.42249086E-02
         12  0.10000000E-20 -0.21578105E-02
         13  0.10000000E-20 -0.11020770E-02
         14  0.10000000E-20 -0.56286946E-03
         15  0.10000000E-20 -0.28740337E-03
         16  0.10000000E-20 -0.14680066E-03
         17  0.10000000E-20 -0.75754955E-04
         18  0.10000000E-20 -0.38123046E-04
         19  0.10000000E-20 -0.19390147E-04
         20  0.10000000E-20 -0.10174941E-04
         21  0.10000000E-20 -0.47199739E-05
         22  0.10000000E-20 -0.25965549E-05
         23  0.10000000E-20 -0.13330511E-05
         24  0.10000000E-20 -0.18403868E-06
         25  0.10000000E-20 -0.11884936E-06
         26  0.10000000E-20 -0.14000163E-06
         27  0.10000000E-20 -0.11970529E-06
         28  0.10000000E-20 -0.47082231E-07
         29  0.10000000E-20 -0.54915581E-07
         30  0.10000000E-20 -0.78698129E-07
         31  0.10000000E-20 -0.14809039E-07
         32  0.10000000E-20 -0.14829829E-06
         33  0.10000000E-20 -0.81665519E-09
